2021-08-27 22:45:38,827:INFO: >>>>>> Starting training model
2021-08-27 22:45:38,834:INFO: Created model 'resnet20'
2021-08-27 22:45:39,814:INFO: Loaded dateset 'cifar10' from './data'
2021-08-27 22:45:39,814:INFO: Entering finetune...
2021-08-27 22:45:39,815:INFO: Training Settings:
2021-08-27 22:45:39,815:INFO: save_dir : ./snapshots/cifar10/resnet20/train/
2021-08-27 22:45:39,815:INFO: epochs : 300
2021-08-27 22:45:39,815:INFO: lr : 0.01
2021-08-27 22:45:39,815:INFO: kd_params : (0.0, 1)
2021-08-27 22:45:39,815:INFO: return_file : True
2021-08-27 22:45:39,815:INFO: kd : False
2021-08-27 22:45:41,485:INFO: Starting training for 300 epoch(s)
2021-08-27 22:45:41,485:INFO: Epoch 1/300  [Need: 00:00:00]  lr=0.01
2021-08-27 22:46:01,950:INFO: - Train metrics (average): acc_top1: 27.123 ; acc_top5: 76.160 ; loss: 1.937
2021-08-27 22:46:03,035:INFO: - Eval metrics : acc_top1: 49.025 ; acc_top5: 92.655 ; loss: 1.399
2021-08-27 22:46:03,046:INFO: - Found new best accuracy on validation set
2021-08-27 22:46:03,046:INFO: Epoch 2/300  [Need: 01:47:26]  lr=0.01
2021-08-27 22:46:22,997:INFO: - Train metrics (average): acc_top1: 52.770 ; acc_top5: 94.331 ; loss: 1.288
2021-08-27 22:46:24,083:INFO: - Eval metrics : acc_top1: 57.325 ; acc_top5: 95.482 ; loss: 1.216
2021-08-27 22:46:24,095:INFO: - Found new best accuracy on validation set
2021-08-27 22:46:24,095:INFO: Epoch 3/300  [Need: 01:44:32]  lr=0.01
2021-08-27 22:46:44,077:INFO: - Train metrics (average): acc_top1: 64.156 ; acc_top5: 96.406 ; loss: 1.012
2021-08-27 22:46:45,176:INFO: - Eval metrics : acc_top1: 69.258 ; acc_top5: 97.353 ; loss: 0.883
2021-08-27 22:46:45,188:INFO: - Found new best accuracy on validation set
2021-08-27 22:46:45,189:INFO: Epoch 4/300  [Need: 01:44:24]  lr=0.01
2021-08-27 22:47:05,176:INFO: - Train metrics (average): acc_top1: 68.873 ; acc_top5: 97.603 ; loss: 0.887
2021-08-27 22:47:06,277:INFO: - Eval metrics : acc_top1: 70.442 ; acc_top5: 98.169 ; loss: 0.866
2021-08-27 22:47:06,288:INFO: - Found new best accuracy on validation set
2021-08-27 22:47:06,288:INFO: Epoch 5/300  [Need: 01:44:05]  lr=0.01
2021-08-27 22:47:33,194:INFO: - Train metrics (average): acc_top1: 72.033 ; acc_top5: 98.168 ; loss: 0.774
2021-08-27 22:47:36,121:INFO: - Eval metrics : acc_top1: 73.418 ; acc_top5: 98.229 ; loss: 0.767
2021-08-27 22:47:36,132:INFO: - Found new best accuracy on validation set
2021-08-27 22:47:36,132:INFO: Epoch 6/300  [Need: 02:26:43]  lr=0.01
2021-08-27 22:48:20,553:INFO: - Train metrics (average): acc_top1: 75.227 ; acc_top5: 98.440 ; loss: 0.711
2021-08-27 22:48:23,480:INFO: - Eval metrics : acc_top1: 74.970 ; acc_top5: 98.716 ; loss: 0.722
2021-08-27 22:48:23,491:INFO: - Found new best accuracy on validation set
2021-08-27 22:48:23,491:INFO: Epoch 7/300  [Need: 03:52:03]  lr=0.01
2021-08-27 22:49:07,842:INFO: - Train metrics (average): acc_top1: 77.939 ; acc_top5: 98.828 ; loss: 0.632
2021-08-27 22:49:10,320:INFO: - Eval metrics : acc_top1: 78.095 ; acc_top5: 98.706 ; loss: 0.645
2021-08-27 22:49:10,332:INFO: - Found new best accuracy on validation set
2021-08-27 22:49:10,332:INFO: Epoch 8/300  [Need: 03:48:44]  lr=0.01
2021-08-27 22:49:54,817:INFO: - Train metrics (average): acc_top1: 78.462 ; acc_top5: 98.791 ; loss: 0.612
2021-08-27 22:49:57,684:INFO: - Eval metrics : acc_top1: 77.180 ; acc_top5: 98.696 ; loss: 0.667
2021-08-27 22:49:57,695:INFO: Epoch 9/300  [Need: 03:50:29]  lr=0.01
2021-08-27 22:50:42,118:INFO: - Train metrics (average): acc_top1: 79.935 ; acc_top5: 98.863 ; loss: 0.579
2021-08-27 22:50:44,992:INFO: - Eval metrics : acc_top1: 78.822 ; acc_top5: 98.706 ; loss: 0.632
2021-08-27 22:50:45,003:INFO: - Found new best accuracy on validation set
2021-08-27 22:50:45,003:INFO: Epoch 10/300  [Need: 03:49:26]  lr=0.01
2021-08-27 22:51:29,137:INFO: - Train metrics (average): acc_top1: 82.626 ; acc_top5: 99.228 ; loss: 0.527
2021-08-27 22:51:32,069:INFO: - Eval metrics : acc_top1: 79.747 ; acc_top5: 98.756 ; loss: 0.605
2021-08-27 22:51:32,080:INFO: - Found new best accuracy on validation set
2021-08-27 22:51:32,081:INFO: Epoch 11/300  [Need: 03:47:32]  lr=0.01
2021-08-27 22:52:16,754:INFO: - Train metrics (average): acc_top1: 82.477 ; acc_top5: 99.078 ; loss: 0.530
2021-08-27 22:52:19,662:INFO: - Eval metrics : acc_top1: 79.210 ; acc_top5: 98.915 ; loss: 0.619
2021-08-27 22:52:19,672:INFO: Epoch 12/300  [Need: 03:49:14]  lr=0.01
2021-08-27 22:53:03,776:INFO: - Train metrics (average): acc_top1: 82.944 ; acc_top5: 99.215 ; loss: 0.490
2021-08-27 22:53:06,665:INFO: - Eval metrics : acc_top1: 82.176 ; acc_top5: 99.194 ; loss: 0.537
2021-08-27 22:53:06,676:INFO: - Found new best accuracy on validation set
2021-08-27 22:53:06,676:INFO: Epoch 13/300  [Need: 03:45:37]  lr=0.01
2021-08-27 22:53:51,059:INFO: - Train metrics (average): acc_top1: 83.478 ; acc_top5: 99.098 ; loss: 0.490
2021-08-27 22:53:53,924:INFO: - Eval metrics : acc_top1: 81.847 ; acc_top5: 99.124 ; loss: 0.538
2021-08-27 22:53:53,935:INFO: Epoch 14/300  [Need: 03:46:03]  lr=0.01
2021-08-27 22:54:38,303:INFO: - Train metrics (average): acc_top1: 84.047 ; acc_top5: 99.429 ; loss: 0.449
2021-08-27 22:54:40,825:INFO: - Eval metrics : acc_top1: 80.533 ; acc_top5: 98.786 ; loss: 0.573
2021-08-27 22:54:40,836:INFO: Epoch 15/300  [Need: 03:43:33]  lr=0.01
2021-08-27 22:55:25,489:INFO: - Train metrics (average): acc_top1: 85.063 ; acc_top5: 99.474 ; loss: 0.434
2021-08-27 22:55:28,401:INFO: - Eval metrics : acc_top1: 81.867 ; acc_top5: 99.005 ; loss: 0.534
2021-08-27 22:55:28,412:INFO: Epoch 16/300  [Need: 03:45:59]  lr=0.01
2021-08-27 22:56:13,073:INFO: - Train metrics (average): acc_top1: 85.133 ; acc_top5: 99.460 ; loss: 0.431
2021-08-27 22:56:16,000:INFO: - Eval metrics : acc_top1: 83.181 ; acc_top5: 99.174 ; loss: 0.495
2021-08-27 22:56:16,012:INFO: - Found new best accuracy on validation set
2021-08-27 22:56:16,013:INFO: Epoch 17/300  [Need: 03:45:18]  lr=0.01
2021-08-27 22:57:00,109:INFO: - Train metrics (average): acc_top1: 85.561 ; acc_top5: 99.305 ; loss: 0.421
2021-08-27 22:57:02,977:INFO: - Eval metrics : acc_top1: 81.608 ; acc_top5: 99.094 ; loss: 0.534
2021-08-27 22:57:02,988:INFO: Epoch 18/300  [Need: 03:41:34]  lr=0.01
2021-08-27 22:57:47,590:INFO: - Train metrics (average): acc_top1: 85.081 ; acc_top5: 99.325 ; loss: 0.437
2021-08-27 22:57:50,469:INFO: - Eval metrics : acc_top1: 82.584 ; acc_top5: 99.244 ; loss: 0.503
2021-08-27 22:57:50,480:INFO: Epoch 19/300  [Need: 03:43:12]  lr=0.01
2021-08-27 22:58:34,439:INFO: - Train metrics (average): acc_top1: 85.477 ; acc_top5: 99.390 ; loss: 0.426
2021-08-27 22:58:37,310:INFO: - Eval metrics : acc_top1: 83.798 ; acc_top5: 99.313 ; loss: 0.480
2021-08-27 22:58:37,322:INFO: - Found new best accuracy on validation set
2021-08-27 22:58:37,322:INFO: Epoch 20/300  [Need: 03:39:22]  lr=0.01
2021-08-27 22:59:21,885:INFO: - Train metrics (average): acc_top1: 86.130 ; acc_top5: 99.595 ; loss: 0.388
2021-08-27 22:59:24,790:INFO: - Eval metrics : acc_top1: 82.862 ; acc_top5: 99.244 ; loss: 0.508
2021-08-27 22:59:24,801:INFO: Epoch 21/300  [Need: 03:41:34]  lr=0.01
2021-08-27 23:00:09,060:INFO: - Train metrics (average): acc_top1: 86.460 ; acc_top5: 99.602 ; loss: 0.385
2021-08-27 23:00:11,744:INFO: - Eval metrics : acc_top1: 83.708 ; acc_top5: 99.333 ; loss: 0.498
2021-08-27 23:00:11,755:INFO: Epoch 22/300  [Need: 03:38:20]  lr=0.01
2021-08-27 23:00:56,241:INFO: - Train metrics (average): acc_top1: 87.645 ; acc_top5: 99.622 ; loss: 0.358
2021-08-27 23:00:59,123:INFO: - Eval metrics : acc_top1: 84.554 ; acc_top5: 99.224 ; loss: 0.477
2021-08-27 23:00:59,134:INFO: - Found new best accuracy on validation set
2021-08-27 23:00:59,134:INFO: Epoch 23/300  [Need: 03:39:31]  lr=0.01
2021-08-27 23:01:43,518:INFO: - Train metrics (average): acc_top1: 86.454 ; acc_top5: 99.660 ; loss: 0.371
2021-08-27 23:01:46,402:INFO: - Eval metrics : acc_top1: 82.315 ; acc_top5: 99.443 ; loss: 0.510
2021-08-27 23:01:46,413:INFO: Epoch 24/300  [Need: 03:38:16]  lr=0.01
2021-08-27 23:02:30,319:INFO: - Train metrics (average): acc_top1: 87.968 ; acc_top5: 99.628 ; loss: 0.365
2021-08-27 23:02:33,200:INFO: - Eval metrics : acc_top1: 83.828 ; acc_top5: 99.244 ; loss: 0.499
2021-08-27 23:02:33,218:INFO: Epoch 25/300  [Need: 03:35:18]  lr=0.01
2021-08-27 23:03:17,589:INFO: - Train metrics (average): acc_top1: 87.767 ; acc_top5: 99.621 ; loss: 0.351
2021-08-27 23:03:20,471:INFO: - Eval metrics : acc_top1: 84.246 ; acc_top5: 99.303 ; loss: 0.477
2021-08-27 23:03:20,481:INFO: Epoch 26/300  [Need: 03:36:37]  lr=0.01
2021-08-27 23:04:04,550:INFO: - Train metrics (average): acc_top1: 87.971 ; acc_top5: 99.417 ; loss: 0.357
2021-08-27 23:04:07,477:INFO: - Eval metrics : acc_top1: 85.709 ; acc_top5: 99.403 ; loss: 0.428
2021-08-27 23:04:07,489:INFO: - Found new best accuracy on validation set
2021-08-27 23:04:07,489:INFO: Epoch 27/300  [Need: 03:34:40]  lr=0.01
2021-08-27 23:04:52,140:INFO: - Train metrics (average): acc_top1: 88.477 ; acc_top5: 99.724 ; loss: 0.341
2021-08-27 23:04:55,055:INFO: - Eval metrics : acc_top1: 84.604 ; acc_top5: 99.353 ; loss: 0.471
2021-08-27 23:04:55,066:INFO: Epoch 28/300  [Need: 03:36:28]  lr=0.01
2021-08-27 23:05:39,312:INFO: - Train metrics (average): acc_top1: 88.482 ; acc_top5: 99.650 ; loss: 0.332
2021-08-27 23:05:41,909:INFO: - Eval metrics : acc_top1: 83.877 ; acc_top5: 99.293 ; loss: 0.508
2021-08-27 23:05:41,920:INFO: Epoch 29/300  [Need: 03:32:24]  lr=0.01
2021-08-27 23:06:26,541:INFO: - Train metrics (average): acc_top1: 88.294 ; acc_top5: 99.612 ; loss: 0.339
2021-08-27 23:06:29,491:INFO: - Eval metrics : acc_top1: 84.664 ; acc_top5: 99.303 ; loss: 0.460
2021-08-27 23:06:29,502:INFO: Epoch 30/300  [Need: 03:34:54]  lr=0.01
2021-08-27 23:07:14,130:INFO: - Train metrics (average): acc_top1: 88.707 ; acc_top5: 99.666 ; loss: 0.336
2021-08-27 23:07:17,077:INFO: - Eval metrics : acc_top1: 85.181 ; acc_top5: 99.154 ; loss: 0.454
2021-08-27 23:07:17,088:INFO: Epoch 31/300  [Need: 03:34:08]  lr=0.01
2021-08-27 23:08:01,162:INFO: - Train metrics (average): acc_top1: 89.272 ; acc_top5: 99.688 ; loss: 0.322
2021-08-27 23:08:04,099:INFO: - Eval metrics : acc_top1: 83.857 ; acc_top5: 99.184 ; loss: 0.493
2021-08-27 23:08:04,110:INFO: Epoch 32/300  [Need: 03:30:48]  lr=0.01
2021-08-27 23:08:48,747:INFO: - Train metrics (average): acc_top1: 88.739 ; acc_top5: 99.732 ; loss: 0.323
2021-08-27 23:08:51,694:INFO: - Eval metrics : acc_top1: 84.713 ; acc_top5: 99.273 ; loss: 0.461
2021-08-27 23:08:51,705:INFO: Epoch 33/300  [Need: 03:32:35]  lr=0.01
2021-08-27 23:09:35,782:INFO: - Train metrics (average): acc_top1: 89.217 ; acc_top5: 99.697 ; loss: 0.310
2021-08-27 23:09:38,725:INFO: - Eval metrics : acc_top1: 85.639 ; acc_top5: 99.413 ; loss: 0.440
2021-08-27 23:09:38,738:INFO: Epoch 34/300  [Need: 03:29:17]  lr=0.01
2021-08-27 23:10:23,387:INFO: - Train metrics (average): acc_top1: 89.221 ; acc_top5: 99.737 ; loss: 0.324
2021-08-27 23:10:26,327:INFO: - Eval metrics : acc_top1: 83.828 ; acc_top5: 99.393 ; loss: 0.486
2021-08-27 23:10:26,338:INFO: Epoch 35/300  [Need: 03:31:01]  lr=0.01
2021-08-27 23:11:10,412:INFO: - Train metrics (average): acc_top1: 89.290 ; acc_top5: 99.708 ; loss: 0.309
2021-08-27 23:11:13,360:INFO: - Eval metrics : acc_top1: 83.658 ; acc_top5: 99.313 ; loss: 0.484
2021-08-27 23:11:13,371:INFO: Epoch 36/300  [Need: 03:27:43]  lr=0.01
2021-08-27 23:11:58,011:INFO: - Train metrics (average): acc_top1: 87.994 ; acc_top5: 99.671 ; loss: 0.332
2021-08-27 23:12:00,950:INFO: - Eval metrics : acc_top1: 84.773 ; acc_top5: 99.413 ; loss: 0.459
2021-08-27 23:12:00,964:INFO: Epoch 37/300  [Need: 03:29:24]  lr=0.01
2021-08-27 23:12:45,610:INFO: - Train metrics (average): acc_top1: 89.475 ; acc_top5: 99.736 ; loss: 0.308
2021-08-27 23:12:48,559:INFO: - Eval metrics : acc_top1: 85.490 ; acc_top5: 99.353 ; loss: 0.461
2021-08-27 23:12:48,570:INFO: Epoch 38/300  [Need: 03:28:40]  lr=0.01
2021-08-27 23:13:32,650:INFO: - Train metrics (average): acc_top1: 89.832 ; acc_top5: 99.510 ; loss: 0.303
2021-08-27 23:13:35,591:INFO: - Eval metrics : acc_top1: 86.545 ; acc_top5: 99.333 ; loss: 0.407
2021-08-27 23:13:35,602:INFO: - Found new best accuracy on validation set
2021-08-27 23:13:35,602:INFO: Epoch 39/300  [Need: 03:25:22]  lr=0.01
2021-08-27 23:14:20,258:INFO: - Train metrics (average): acc_top1: 89.883 ; acc_top5: 99.724 ; loss: 0.299
2021-08-27 23:14:23,189:INFO: - Eval metrics : acc_top1: 84.425 ; acc_top5: 99.303 ; loss: 0.473
2021-08-27 23:14:23,200:INFO: Epoch 40/300  [Need: 03:27:02]  lr=0.01
2021-08-27 23:15:07,287:INFO: - Train metrics (average): acc_top1: 89.447 ; acc_top5: 99.740 ; loss: 0.300
2021-08-27 23:15:10,229:INFO: - Eval metrics : acc_top1: 84.902 ; acc_top5: 99.234 ; loss: 0.461
2021-08-27 23:15:10,243:INFO: Epoch 41/300  [Need: 03:23:51]  lr=0.01
2021-08-27 23:15:54,893:INFO: - Train metrics (average): acc_top1: 90.570 ; acc_top5: 99.770 ; loss: 0.291
2021-08-27 23:15:57,831:INFO: - Eval metrics : acc_top1: 82.275 ; acc_top5: 99.154 ; loss: 0.557
2021-08-27 23:15:57,842:INFO: Epoch 42/300  [Need: 03:25:28]  lr=0.01
2021-08-27 23:16:41,896:INFO: - Train metrics (average): acc_top1: 89.687 ; acc_top5: 99.804 ; loss: 0.299
2021-08-27 23:16:44,829:INFO: - Eval metrics : acc_top1: 87.132 ; acc_top5: 99.423 ; loss: 0.388
2021-08-27 23:16:44,841:INFO: - Found new best accuracy on validation set
2021-08-27 23:16:44,841:INFO: Epoch 43/300  [Need: 03:22:05]  lr=0.01
2021-08-27 23:17:29,489:INFO: - Train metrics (average): acc_top1: 90.070 ; acc_top5: 99.738 ; loss: 0.288
2021-08-27 23:17:32,427:INFO: - Eval metrics : acc_top1: 84.972 ; acc_top5: 99.373 ; loss: 0.445
2021-08-27 23:17:32,439:INFO: Epoch 44/300  [Need: 03:23:52]  lr=0.01
2021-08-27 23:18:17,106:INFO: - Train metrics (average): acc_top1: 88.963 ; acc_top5: 99.724 ; loss: 0.308
2021-08-27 23:18:20,042:INFO: - Eval metrics : acc_top1: 85.589 ; acc_top5: 99.393 ; loss: 0.435
2021-08-27 23:18:20,054:INFO: Epoch 45/300  [Need: 03:23:09]  lr=0.01
2021-08-27 23:19:03,973:INFO: - Train metrics (average): acc_top1: 90.191 ; acc_top5: 99.759 ; loss: 0.296
2021-08-27 23:19:06,880:INFO: - Eval metrics : acc_top1: 84.654 ; acc_top5: 99.264 ; loss: 0.474
2021-08-27 23:19:06,891:INFO: Epoch 46/300  [Need: 03:19:03]  lr=0.01
2021-08-27 23:19:51,526:INFO: - Train metrics (average): acc_top1: 90.101 ; acc_top5: 99.771 ; loss: 0.291
2021-08-27 23:19:54,461:INFO: - Eval metrics : acc_top1: 85.798 ; acc_top5: 99.403 ; loss: 0.431
2021-08-27 23:19:54,472:INFO: Epoch 47/300  [Need: 03:21:25]  lr=0.01
2021-08-27 23:20:38,561:INFO: - Train metrics (average): acc_top1: 90.939 ; acc_top5: 99.731 ; loss: 0.273
2021-08-27 23:20:41,490:INFO: - Eval metrics : acc_top1: 86.276 ; acc_top5: 99.433 ; loss: 0.424
2021-08-27 23:20:41,501:INFO: Epoch 48/300  [Need: 03:18:18]  lr=0.01
2021-08-27 23:21:26,151:INFO: - Train metrics (average): acc_top1: 90.631 ; acc_top5: 99.766 ; loss: 0.273
2021-08-27 23:21:29,081:INFO: - Eval metrics : acc_top1: 86.664 ; acc_top5: 99.562 ; loss: 0.401
2021-08-27 23:21:29,097:INFO: Epoch 49/300  [Need: 03:19:54]  lr=0.01
2021-08-27 23:22:13,182:INFO: - Train metrics (average): acc_top1: 89.905 ; acc_top5: 99.751 ; loss: 0.291
2021-08-27 23:22:16,105:INFO: - Eval metrics : acc_top1: 86.365 ; acc_top5: 99.482 ; loss: 0.419
2021-08-27 23:22:16,116:INFO: Epoch 50/300  [Need: 03:16:41]  lr=0.01
2021-08-27 23:23:00,737:INFO: - Train metrics (average): acc_top1: 89.967 ; acc_top5: 99.806 ; loss: 0.295
2021-08-27 23:23:03,679:INFO: - Eval metrics : acc_top1: 84.823 ; acc_top5: 99.333 ; loss: 0.462
2021-08-27 23:23:03,691:INFO: Epoch 51/300  [Need: 03:18:13]  lr=0.01
2021-08-27 23:23:48,332:INFO: - Train metrics (average): acc_top1: 90.443 ; acc_top5: 99.808 ; loss: 0.279
2021-08-27 23:23:51,223:INFO: - Eval metrics : acc_top1: 85.340 ; acc_top5: 99.064 ; loss: 0.468
2021-08-27 23:23:51,235:INFO: Epoch 52/300  [Need: 03:17:18]  lr=0.01
2021-08-27 23:24:35,376:INFO: - Train metrics (average): acc_top1: 90.516 ; acc_top5: 99.752 ; loss: 0.272
2021-08-27 23:24:38,303:INFO: - Eval metrics : acc_top1: 85.957 ; acc_top5: 99.383 ; loss: 0.441
2021-08-27 23:24:38,314:INFO: Epoch 53/300  [Need: 03:14:35]  lr=0.01
2021-08-27 23:25:22,928:INFO: - Train metrics (average): acc_top1: 91.017 ; acc_top5: 99.763 ; loss: 0.263
2021-08-27 23:25:25,860:INFO: - Eval metrics : acc_top1: 86.963 ; acc_top5: 99.363 ; loss: 0.400
2021-08-27 23:25:25,871:INFO: Epoch 54/300  [Need: 03:15:46]  lr=0.01
2021-08-27 23:26:09,960:INFO: - Train metrics (average): acc_top1: 90.558 ; acc_top5: 99.769 ; loss: 0.274
2021-08-27 23:26:12,885:INFO: - Eval metrics : acc_top1: 86.555 ; acc_top5: 99.502 ; loss: 0.416
2021-08-27 23:26:12,902:INFO: Epoch 55/300  [Need: 03:12:49]  lr=0.01
2021-08-27 23:26:57,542:INFO: - Train metrics (average): acc_top1: 91.283 ; acc_top5: 99.787 ; loss: 0.261
2021-08-27 23:27:00,482:INFO: - Eval metrics : acc_top1: 85.738 ; acc_top5: 99.473 ; loss: 0.431
2021-08-27 23:27:00,494:INFO: Epoch 56/300  [Need: 03:14:19]  lr=0.01
2021-08-27 23:27:44,563:INFO: - Train metrics (average): acc_top1: 91.274 ; acc_top5: 99.795 ; loss: 0.257
2021-08-27 23:27:47,502:INFO: - Eval metrics : acc_top1: 86.555 ; acc_top5: 99.393 ; loss: 0.433
2021-08-27 23:27:47,518:INFO: Epoch 57/300  [Need: 03:11:13]  lr=0.01
2021-08-27 23:28:32,148:INFO: - Train metrics (average): acc_top1: 91.052 ; acc_top5: 99.804 ; loss: 0.263
2021-08-27 23:28:35,091:INFO: - Eval metrics : acc_top1: 87.600 ; acc_top5: 99.552 ; loss: 0.373
2021-08-27 23:28:35,103:INFO: - Found new best accuracy on validation set
2021-08-27 23:28:35,103:INFO: Epoch 58/300  [Need: 03:12:43]  lr=0.01
2021-08-27 23:29:19,721:INFO: - Train metrics (average): acc_top1: 90.769 ; acc_top5: 99.809 ; loss: 0.268
2021-08-27 23:29:22,372:INFO: - Eval metrics : acc_top1: 86.624 ; acc_top5: 99.473 ; loss: 0.416
2021-08-27 23:29:22,383:INFO: Epoch 59/300  [Need: 03:10:41]  lr=0.01
2021-08-27 23:30:06,704:INFO: - Train metrics (average): acc_top1: 91.249 ; acc_top5: 99.788 ; loss: 0.261
2021-08-27 23:30:09,632:INFO: - Eval metrics : acc_top1: 85.748 ; acc_top5: 99.333 ; loss: 0.444
2021-08-27 23:30:09,643:INFO: Epoch 60/300  [Need: 03:09:49]  lr=0.01
2021-08-27 23:30:54,252:INFO: - Train metrics (average): acc_top1: 90.286 ; acc_top5: 99.814 ; loss: 0.268
2021-08-27 23:30:57,196:INFO: - Eval metrics : acc_top1: 87.490 ; acc_top5: 99.622 ; loss: 0.368
2021-08-27 23:30:57,207:INFO: Epoch 61/300  [Need: 03:10:15]  lr=0.01
2021-08-27 23:31:41,291:INFO: - Train metrics (average): acc_top1: 90.630 ; acc_top5: 99.766 ; loss: 0.275
2021-08-27 23:31:44,225:INFO: - Eval metrics : acc_top1: 86.664 ; acc_top5: 99.562 ; loss: 0.403
2021-08-27 23:31:44,239:INFO: Epoch 62/300  [Need: 03:07:20]  lr=0.01
2021-08-27 23:32:28,869:INFO: - Train metrics (average): acc_top1: 90.857 ; acc_top5: 99.809 ; loss: 0.261
2021-08-27 23:32:31,808:INFO: - Eval metrics : acc_top1: 85.729 ; acc_top5: 99.443 ; loss: 0.453
2021-08-27 23:32:31,820:INFO: Epoch 63/300  [Need: 03:08:44]  lr=0.01
2021-08-27 23:33:15,744:INFO: - Train metrics (average): acc_top1: 90.958 ; acc_top5: 99.609 ; loss: 0.271
2021-08-27 23:33:18,634:INFO: - Eval metrics : acc_top1: 86.515 ; acc_top5: 99.482 ; loss: 0.410
2021-08-27 23:33:18,651:INFO: Epoch 64/300  [Need: 03:04:59]  lr=0.01
2021-08-27 23:34:03,264:INFO: - Train metrics (average): acc_top1: 91.080 ; acc_top5: 99.828 ; loss: 0.255
2021-08-27 23:34:06,200:INFO: - Eval metrics : acc_top1: 85.778 ; acc_top5: 99.074 ; loss: 0.451
2021-08-27 23:34:06,216:INFO: Epoch 65/300  [Need: 03:07:05]  lr=0.01
2021-08-27 23:34:50,498:INFO: - Train metrics (average): acc_top1: 91.601 ; acc_top5: 99.784 ; loss: 0.253
2021-08-27 23:34:53,227:INFO: - Eval metrics : acc_top1: 86.306 ; acc_top5: 99.433 ; loss: 0.411
2021-08-27 23:34:53,239:INFO: Epoch 66/300  [Need: 03:04:10]  lr=0.01
2021-08-27 23:35:37,662:INFO: - Train metrics (average): acc_top1: 91.838 ; acc_top5: 99.879 ; loss: 0.242
2021-08-27 23:35:40,562:INFO: - Eval metrics : acc_top1: 84.504 ; acc_top5: 99.025 ; loss: 0.505
2021-08-27 23:35:40,573:INFO: Epoch 67/300  [Need: 03:04:36]  lr=0.01
2021-08-27 23:36:24,946:INFO: - Train metrics (average): acc_top1: 91.174 ; acc_top5: 99.801 ; loss: 0.256
2021-08-27 23:36:27,849:INFO: - Eval metrics : acc_top1: 85.340 ; acc_top5: 99.482 ; loss: 0.461
2021-08-27 23:36:27,860:INFO: Epoch 68/300  [Need: 03:03:37]  lr=0.01
2021-08-27 23:37:11,893:INFO: - Train metrics (average): acc_top1: 91.119 ; acc_top5: 99.813 ; loss: 0.267
2021-08-27 23:37:14,822:INFO: - Eval metrics : acc_top1: 87.152 ; acc_top5: 99.433 ; loss: 0.389
2021-08-27 23:37:14,833:INFO: Epoch 69/300  [Need: 03:01:37]  lr=0.01
2021-08-27 23:37:59,486:INFO: - Train metrics (average): acc_top1: 91.231 ; acc_top5: 99.625 ; loss: 0.259
2021-08-27 23:38:02,420:INFO: - Eval metrics : acc_top1: 85.848 ; acc_top5: 99.433 ; loss: 0.436
2021-08-27 23:38:02,431:INFO: Epoch 70/300  [Need: 03:03:15]  lr=0.01
2021-08-27 23:38:46,316:INFO: - Train metrics (average): acc_top1: 90.008 ; acc_top5: 99.641 ; loss: 0.284
2021-08-27 23:38:49,253:INFO: - Eval metrics : acc_top1: 87.301 ; acc_top5: 99.512 ; loss: 0.381
2021-08-27 23:38:49,266:INFO: Epoch 71/300  [Need: 02:59:32]  lr=0.01
2021-08-27 23:39:33,900:INFO: - Train metrics (average): acc_top1: 90.954 ; acc_top5: 99.808 ; loss: 0.257
2021-08-27 23:39:36,837:INFO: - Eval metrics : acc_top1: 87.301 ; acc_top5: 99.403 ; loss: 0.408
2021-08-27 23:39:36,848:INFO: Epoch 72/300  [Need: 03:01:36]  lr=0.01
2021-08-27 23:40:21,306:INFO: - Train metrics (average): acc_top1: 91.282 ; acc_top5: 99.803 ; loss: 0.244
2021-08-27 23:40:24,040:INFO: - Eval metrics : acc_top1: 86.186 ; acc_top5: 99.443 ; loss: 0.424
2021-08-27 23:40:24,052:INFO: Epoch 73/300  [Need: 02:59:22]  lr=0.01
2021-08-27 23:41:08,543:INFO: - Train metrics (average): acc_top1: 92.094 ; acc_top5: 99.854 ; loss: 0.236
2021-08-27 23:41:11,482:INFO: - Eval metrics : acc_top1: 86.953 ; acc_top5: 99.303 ; loss: 0.408
2021-08-27 23:41:11,493:INFO: Epoch 74/300  [Need: 02:59:29]  lr=0.01
2021-08-27 23:41:56,139:INFO: - Train metrics (average): acc_top1: 92.095 ; acc_top5: 99.866 ; loss: 0.237
2021-08-27 23:41:59,078:INFO: - Eval metrics : acc_top1: 86.813 ; acc_top5: 99.383 ; loss: 0.411
2021-08-27 23:41:59,089:INFO: Epoch 75/300  [Need: 02:59:16]  lr=0.01
2021-08-27 23:42:43,174:INFO: - Train metrics (average): acc_top1: 91.441 ; acc_top5: 99.823 ; loss: 0.246
2021-08-27 23:42:46,114:INFO: - Eval metrics : acc_top1: 87.510 ; acc_top5: 99.363 ; loss: 0.390
2021-08-27 23:42:46,125:INFO: Epoch 76/300  [Need: 02:56:23]  lr=0.001
2021-08-27 23:43:30,774:INFO: - Train metrics (average): acc_top1: 93.816 ; acc_top5: 99.903 ; loss: 0.183
2021-08-27 23:43:33,706:INFO: - Eval metrics : acc_top1: 90.953 ; acc_top5: 99.761 ; loss: 0.275
2021-08-27 23:43:33,717:INFO: - Found new best accuracy on validation set
2021-08-27 23:43:33,717:INFO: Epoch 77/300  [Need: 02:57:40]  lr=0.001
2021-08-27 23:44:17,781:INFO: - Train metrics (average): acc_top1: 95.461 ; acc_top5: 99.952 ; loss: 0.140
2021-08-27 23:44:20,725:INFO: - Eval metrics : acc_top1: 91.292 ; acc_top5: 99.741 ; loss: 0.273
2021-08-27 23:44:20,736:INFO: - Found new best accuracy on validation set
2021-08-27 23:44:20,737:INFO: Epoch 78/300  [Need: 02:54:45]  lr=0.001
2021-08-27 23:45:05,368:INFO: - Train metrics (average): acc_top1: 95.950 ; acc_top5: 99.766 ; loss: 0.130
2021-08-27 23:45:08,303:INFO: - Eval metrics : acc_top1: 91.312 ; acc_top5: 99.771 ; loss: 0.271
2021-08-27 23:45:08,316:INFO: - Found new best accuracy on validation set
2021-08-27 23:45:08,316:INFO: Epoch 79/300  [Need: 02:56:02]  lr=0.001
2021-08-27 23:45:52,621:INFO: - Train metrics (average): acc_top1: 96.177 ; acc_top5: 99.950 ; loss: 0.119
2021-08-27 23:45:55,318:INFO: - Eval metrics : acc_top1: 91.570 ; acc_top5: 99.771 ; loss: 0.268
2021-08-27 23:45:55,330:INFO: - Found new best accuracy on validation set
2021-08-27 23:45:55,330:INFO: Epoch 80/300  [Need: 02:53:10]  lr=0.001
2021-08-27 23:46:39,959:INFO: - Train metrics (average): acc_top1: 95.309 ; acc_top5: 99.967 ; loss: 0.135
2021-08-27 23:46:42,913:INFO: - Eval metrics : acc_top1: 91.710 ; acc_top5: 99.731 ; loss: 0.270
2021-08-27 23:46:42,925:INFO: - Found new best accuracy on validation set
2021-08-27 23:46:42,925:INFO: Epoch 81/300  [Need: 02:54:30]  lr=0.001
2021-08-27 23:47:27,538:INFO: - Train metrics (average): acc_top1: 96.729 ; acc_top5: 99.960 ; loss: 0.106
2021-08-27 23:47:30,488:INFO: - Eval metrics : acc_top1: 91.561 ; acc_top5: 99.811 ; loss: 0.273
2021-08-27 23:47:30,502:INFO: Epoch 82/300  [Need: 02:53:39]  lr=0.001
2021-08-27 23:48:14,602:INFO: - Train metrics (average): acc_top1: 96.177 ; acc_top5: 99.984 ; loss: 0.112
2021-08-27 23:48:17,549:INFO: - Eval metrics : acc_top1: 91.630 ; acc_top5: 99.791 ; loss: 0.270
2021-08-27 23:48:17,559:INFO: Epoch 83/300  [Need: 02:50:58]  lr=0.001
2021-08-27 23:49:01,953:INFO: - Train metrics (average): acc_top1: 97.218 ; acc_top5: 99.944 ; loss: 0.095
2021-08-27 23:49:04,857:INFO: - Eval metrics : acc_top1: 91.521 ; acc_top5: 99.781 ; loss: 0.269
2021-08-27 23:49:04,869:INFO: Epoch 84/300  [Need: 02:51:06]  lr=0.001
2021-08-27 23:49:48,976:INFO: - Train metrics (average): acc_top1: 96.855 ; acc_top5: 99.992 ; loss: 0.099
2021-08-27 23:49:51,921:INFO: - Eval metrics : acc_top1: 91.551 ; acc_top5: 99.781 ; loss: 0.268
2021-08-27 23:49:51,932:INFO: Epoch 85/300  [Need: 02:49:25]  lr=0.001
2021-08-27 23:50:36,308:INFO: - Train metrics (average): acc_top1: 97.061 ; acc_top5: 99.970 ; loss: 0.094
2021-08-27 23:50:39,212:INFO: - Eval metrics : acc_top1: 91.361 ; acc_top5: 99.791 ; loss: 0.270
2021-08-27 23:50:39,229:INFO: Epoch 86/300  [Need: 02:49:28]  lr=0.001
2021-08-27 23:51:23,227:INFO: - Train metrics (average): acc_top1: 96.915 ; acc_top5: 99.967 ; loss: 0.095
2021-08-27 23:51:25,976:INFO: - Eval metrics : acc_top1: 91.730 ; acc_top5: 99.751 ; loss: 0.273
2021-08-27 23:51:25,988:INFO: - Found new best accuracy on validation set
2021-08-27 23:51:25,988:INFO: Epoch 87/300  [Need: 02:46:46]  lr=0.001
2021-08-27 23:52:10,633:INFO: - Train metrics (average): acc_top1: 97.028 ; acc_top5: 99.968 ; loss: 0.091
2021-08-27 23:52:13,586:INFO: - Eval metrics : acc_top1: 91.561 ; acc_top5: 99.781 ; loss: 0.269
2021-08-27 23:52:13,598:INFO: Epoch 88/300  [Need: 02:49:00]  lr=0.001
2021-08-27 23:52:58,257:INFO: - Train metrics (average): acc_top1: 97.033 ; acc_top5: 99.972 ; loss: 0.088
2021-08-27 23:53:01,206:INFO: - Eval metrics : acc_top1: 91.819 ; acc_top5: 99.771 ; loss: 0.269
2021-08-27 23:53:01,217:INFO: - Found new best accuracy on validation set
2021-08-27 23:53:01,218:INFO: Epoch 89/300  [Need: 02:48:15]  lr=0.001
2021-08-27 23:53:45,293:INFO: - Train metrics (average): acc_top1: 97.597 ; acc_top5: 99.979 ; loss: 0.083
2021-08-27 23:53:48,228:INFO: - Eval metrics : acc_top1: 91.869 ; acc_top5: 99.801 ; loss: 0.271
2021-08-27 23:53:48,239:INFO: - Found new best accuracy on validation set
2021-08-27 23:53:48,239:INFO: Epoch 90/300  [Need: 02:45:21]  lr=0.001
2021-08-27 23:54:32,875:INFO: - Train metrics (average): acc_top1: 96.798 ; acc_top5: 99.975 ; loss: 0.093
2021-08-27 23:54:35,806:INFO: - Eval metrics : acc_top1: 91.720 ; acc_top5: 99.791 ; loss: 0.273
2021-08-27 23:54:35,820:INFO: Epoch 91/300  [Need: 02:46:31]  lr=0.001
2021-08-27 23:55:19,919:INFO: - Train metrics (average): acc_top1: 97.388 ; acc_top5: 99.982 ; loss: 0.083
2021-08-27 23:55:22,862:INFO: - Eval metrics : acc_top1: 91.561 ; acc_top5: 99.811 ; loss: 0.277
2021-08-27 23:55:22,879:INFO: Epoch 92/300  [Need: 02:43:55]  lr=0.001
2021-08-27 23:56:07,525:INFO: - Train metrics (average): acc_top1: 97.627 ; acc_top5: 99.977 ; loss: 0.080
2021-08-27 23:56:10,465:INFO: - Eval metrics : acc_top1: 91.381 ; acc_top5: 99.781 ; loss: 0.280
2021-08-27 23:56:10,476:INFO: Epoch 93/300  [Need: 02:45:00]  lr=0.001
2021-08-27 23:56:54,556:INFO: - Train metrics (average): acc_top1: 97.610 ; acc_top5: 99.979 ; loss: 0.075
2021-08-27 23:56:57,460:INFO: - Eval metrics : acc_top1: 91.302 ; acc_top5: 99.811 ; loss: 0.280
2021-08-27 23:56:57,473:INFO: Epoch 94/300  [Need: 02:42:08]  lr=0.001
2021-08-27 23:57:41,840:INFO: - Train metrics (average): acc_top1: 97.762 ; acc_top5: 99.979 ; loss: 0.073
2021-08-27 23:57:44,748:INFO: - Eval metrics : acc_top1: 91.431 ; acc_top5: 99.801 ; loss: 0.280
2021-08-27 23:57:44,763:INFO: Epoch 95/300  [Need: 02:42:21]  lr=0.001
2021-08-27 23:58:29,398:INFO: - Train metrics (average): acc_top1: 97.665 ; acc_top5: 99.985 ; loss: 0.074
2021-08-27 23:58:32,290:INFO: - Eval metrics : acc_top1: 91.600 ; acc_top5: 99.761 ; loss: 0.285
2021-08-27 23:58:32,309:INFO: Epoch 96/300  [Need: 02:42:26]  lr=0.001
2021-08-27 23:59:16,424:INFO: - Train metrics (average): acc_top1: 97.779 ; acc_top5: 99.989 ; loss: 0.071
2021-08-27 23:59:19,363:INFO: - Eval metrics : acc_top1: 91.590 ; acc_top5: 99.751 ; loss: 0.282
2021-08-27 23:59:19,375:INFO: Epoch 97/300  [Need: 02:40:01]  lr=0.001
2021-08-28 00:00:04,011:INFO: - Train metrics (average): acc_top1: 97.675 ; acc_top5: 99.987 ; loss: 0.073
2021-08-28 00:00:06,939:INFO: - Eval metrics : acc_top1: 91.590 ; acc_top5: 99.721 ; loss: 0.287
2021-08-28 00:00:06,950:INFO: Epoch 98/300  [Need: 02:40:57]  lr=0.001
2021-08-28 00:00:51,038:INFO: - Train metrics (average): acc_top1: 97.736 ; acc_top5: 99.990 ; loss: 0.073
2021-08-28 00:00:53,973:INFO: - Eval metrics : acc_top1: 91.660 ; acc_top5: 99.771 ; loss: 0.288
2021-08-28 00:00:53,984:INFO: Epoch 99/300  [Need: 02:38:20]  lr=0.001
2021-08-28 00:01:38,625:INFO: - Train metrics (average): acc_top1: 97.681 ; acc_top5: 99.995 ; loss: 0.078
2021-08-28 00:01:41,558:INFO: - Eval metrics : acc_top1: 91.292 ; acc_top5: 99.751 ; loss: 0.291
2021-08-28 00:01:41,569:INFO: Epoch 100/300  [Need: 02:39:24]  lr=0.001
2021-08-28 00:02:25,645:INFO: - Train metrics (average): acc_top1: 98.074 ; acc_top5: 99.983 ; loss: 0.066
2021-08-28 00:02:28,543:INFO: - Eval metrics : acc_top1: 91.809 ; acc_top5: 99.721 ; loss: 0.295
2021-08-28 00:02:28,555:INFO: Epoch 101/300  [Need: 02:36:37]  lr=0.001
2021-08-28 00:03:12,923:INFO: - Train metrics (average): acc_top1: 98.023 ; acc_top5: 99.993 ; loss: 0.067
2021-08-28 00:03:15,819:INFO: - Eval metrics : acc_top1: 91.491 ; acc_top5: 99.771 ; loss: 0.287
2021-08-28 00:03:15,830:INFO: Epoch 102/300  [Need: 02:36:47]  lr=0.001
2021-08-28 00:04:00,178:INFO: - Train metrics (average): acc_top1: 97.983 ; acc_top5: 99.994 ; loss: 0.063
2021-08-28 00:04:03,072:INFO: - Eval metrics : acc_top1: 91.640 ; acc_top5: 99.751 ; loss: 0.288
2021-08-28 00:04:03,083:INFO: Epoch 103/300  [Need: 02:35:56]  lr=0.001
2021-08-28 00:04:47,152:INFO: - Train metrics (average): acc_top1: 97.167 ; acc_top5: 99.987 ; loss: 0.076
2021-08-28 00:04:50,097:INFO: - Eval metrics : acc_top1: 91.630 ; acc_top5: 99.791 ; loss: 0.294
2021-08-28 00:04:50,108:INFO: Epoch 104/300  [Need: 02:34:23]  lr=0.001
2021-08-28 00:05:34,757:INFO: - Train metrics (average): acc_top1: 97.872 ; acc_top5: 99.995 ; loss: 0.069
2021-08-28 00:05:37,698:INFO: - Eval metrics : acc_top1: 91.680 ; acc_top5: 99.771 ; loss: 0.291
2021-08-28 00:05:37,709:INFO: Epoch 105/300  [Need: 02:35:29]  lr=0.001
2021-08-28 00:06:21,783:INFO: - Train metrics (average): acc_top1: 97.810 ; acc_top5: 99.993 ; loss: 0.068
2021-08-28 00:06:24,723:INFO: - Eval metrics : acc_top1: 91.710 ; acc_top5: 99.751 ; loss: 0.294
2021-08-28 00:06:24,734:INFO: Epoch 106/300  [Need: 02:32:49]  lr=0.001
2021-08-28 00:07:09,376:INFO: - Train metrics (average): acc_top1: 97.895 ; acc_top5: 99.993 ; loss: 0.068
2021-08-28 00:07:12,324:INFO: - Eval metrics : acc_top1: 91.660 ; acc_top5: 99.622 ; loss: 0.298
2021-08-28 00:07:12,335:INFO: Epoch 107/300  [Need: 02:33:54]  lr=0.001
2021-08-28 00:07:56,419:INFO: - Train metrics (average): acc_top1: 97.894 ; acc_top5: 99.985 ; loss: 0.066
2021-08-28 00:07:59,365:INFO: - Eval metrics : acc_top1: 91.630 ; acc_top5: 99.751 ; loss: 0.295
2021-08-28 00:07:59,379:INFO: Epoch 108/300  [Need: 02:31:19]  lr=0.001
2021-08-28 00:08:44,013:INFO: - Train metrics (average): acc_top1: 97.931 ; acc_top5: 99.995 ; loss: 0.062
2021-08-28 00:08:46,951:INFO: - Eval metrics : acc_top1: 91.511 ; acc_top5: 99.761 ; loss: 0.299
2021-08-28 00:08:46,962:INFO: Epoch 109/300  [Need: 02:32:16]  lr=0.001
2021-08-28 00:09:31,612:INFO: - Train metrics (average): acc_top1: 98.005 ; acc_top5: 99.988 ; loss: 0.061
2021-08-28 00:09:34,544:INFO: - Eval metrics : acc_top1: 91.600 ; acc_top5: 99.761 ; loss: 0.298
2021-08-28 00:09:34,555:INFO: Epoch 110/300  [Need: 02:31:30]  lr=0.001
2021-08-28 00:10:18,642:INFO: - Train metrics (average): acc_top1: 98.311 ; acc_top5: 99.997 ; loss: 0.059
2021-08-28 00:10:21,581:INFO: - Eval metrics : acc_top1: 91.561 ; acc_top5: 99.831 ; loss: 0.296
2021-08-28 00:10:21,592:INFO: Epoch 111/300  [Need: 02:28:57]  lr=0.001
2021-08-28 00:11:06,183:INFO: - Train metrics (average): acc_top1: 98.319 ; acc_top5: 99.997 ; loss: 0.057
2021-08-28 00:11:09,063:INFO: - Eval metrics : acc_top1: 91.451 ; acc_top5: 99.771 ; loss: 0.300
2021-08-28 00:11:09,074:INFO: Epoch 112/300  [Need: 02:29:34]  lr=0.001
2021-08-28 00:11:53,090:INFO: - Train metrics (average): acc_top1: 98.118 ; acc_top5: 99.999 ; loss: 0.062
2021-08-28 00:11:56,001:INFO: - Eval metrics : acc_top1: 91.849 ; acc_top5: 99.771 ; loss: 0.300
2021-08-28 00:11:56,011:INFO: Epoch 113/300  [Need: 02:27:04]  lr=0.001
2021-08-28 00:12:40,637:INFO: - Train metrics (average): acc_top1: 98.320 ; acc_top5: 99.994 ; loss: 0.057
2021-08-28 00:12:43,571:INFO: - Eval metrics : acc_top1: 91.700 ; acc_top5: 99.741 ; loss: 0.301
2021-08-28 00:12:43,582:INFO: Epoch 114/300  [Need: 02:28:15]  lr=0.001
2021-08-28 00:13:27,673:INFO: - Train metrics (average): acc_top1: 98.322 ; acc_top5: 99.997 ; loss: 0.055
2021-08-28 00:13:30,609:INFO: - Eval metrics : acc_top1: 91.670 ; acc_top5: 99.701 ; loss: 0.302
2021-08-28 00:13:30,620:INFO: Epoch 115/300  [Need: 02:25:49]  lr=0.001
2021-08-28 00:14:15,286:INFO: - Train metrics (average): acc_top1: 97.898 ; acc_top5: 99.998 ; loss: 0.076
2021-08-28 00:14:18,228:INFO: - Eval metrics : acc_top1: 91.650 ; acc_top5: 99.682 ; loss: 0.306
2021-08-28 00:14:18,240:INFO: Epoch 116/300  [Need: 02:26:49]  lr=0.001
2021-08-28 00:15:02,836:INFO: - Train metrics (average): acc_top1: 97.993 ; acc_top5: 99.995 ; loss: 0.062
2021-08-28 00:15:05,618:INFO: - Eval metrics : acc_top1: 91.610 ; acc_top5: 99.701 ; loss: 0.309
2021-08-28 00:15:05,638:INFO: Epoch 117/300  [Need: 02:25:21]  lr=0.001
2021-08-28 00:15:49,851:INFO: - Train metrics (average): acc_top1: 98.215 ; acc_top5: 99.993 ; loss: 0.057
2021-08-28 00:15:52,791:INFO: - Eval metrics : acc_top1: 91.570 ; acc_top5: 99.711 ; loss: 0.314
2021-08-28 00:15:52,802:INFO: Epoch 118/300  [Need: 02:23:51]  lr=0.001
2021-08-28 00:16:37,441:INFO: - Train metrics (average): acc_top1: 98.347 ; acc_top5: 100.000 ; loss: 0.052
2021-08-28 00:16:40,380:INFO: - Eval metrics : acc_top1: 91.660 ; acc_top5: 99.682 ; loss: 0.309
2021-08-28 00:16:40,391:INFO: Epoch 119/300  [Need: 02:24:21]  lr=0.001
2021-08-28 00:17:24,502:INFO: - Train metrics (average): acc_top1: 98.043 ; acc_top5: 99.996 ; loss: 0.065
2021-08-28 00:17:27,439:INFO: - Eval metrics : acc_top1: 91.461 ; acc_top5: 99.791 ; loss: 0.310
2021-08-28 00:17:27,455:INFO: Epoch 120/300  [Need: 02:21:58]  lr=0.001
2021-08-28 00:18:12,132:INFO: - Train metrics (average): acc_top1: 98.445 ; acc_top5: 99.992 ; loss: 0.054
2021-08-28 00:18:15,064:INFO: - Eval metrics : acc_top1: 91.620 ; acc_top5: 99.741 ; loss: 0.307
2021-08-28 00:18:15,077:INFO: Epoch 121/300  [Need: 02:22:51]  lr=0.001
2021-08-28 00:18:59,166:INFO: - Train metrics (average): acc_top1: 98.508 ; acc_top5: 99.996 ; loss: 0.051
2021-08-28 00:19:02,097:INFO: - Eval metrics : acc_top1: 91.551 ; acc_top5: 99.672 ; loss: 0.311
2021-08-28 00:19:02,108:INFO: Epoch 122/300  [Need: 02:20:18]  lr=0.001
2021-08-28 00:19:46,747:INFO: - Train metrics (average): acc_top1: 98.335 ; acc_top5: 99.998 ; loss: 0.055
2021-08-28 00:19:49,672:INFO: - Eval metrics : acc_top1: 91.789 ; acc_top5: 99.672 ; loss: 0.309
2021-08-28 00:19:49,683:INFO: Epoch 123/300  [Need: 02:21:08]  lr=0.001
2021-08-28 00:20:34,299:INFO: - Train metrics (average): acc_top1: 98.344 ; acc_top5: 99.994 ; loss: 0.053
2021-08-28 00:20:36,924:INFO: - Eval metrics : acc_top1: 91.491 ; acc_top5: 99.662 ; loss: 0.315
2021-08-28 00:20:36,936:INFO: Epoch 124/300  [Need: 02:19:23]  lr=0.001
2021-08-28 00:21:21,283:INFO: - Train metrics (average): acc_top1: 98.177 ; acc_top5: 99.995 ; loss: 0.059
2021-08-28 00:21:24,222:INFO: - Eval metrics : acc_top1: 91.361 ; acc_top5: 99.691 ; loss: 0.315
2021-08-28 00:21:24,233:INFO: Epoch 125/300  [Need: 02:18:44]  lr=0.001
2021-08-28 00:22:08,881:INFO: - Train metrics (average): acc_top1: 98.638 ; acc_top5: 99.998 ; loss: 0.049
2021-08-28 00:22:11,822:INFO: - Eval metrics : acc_top1: 91.570 ; acc_top5: 99.731 ; loss: 0.313
2021-08-28 00:22:11,834:INFO: Epoch 126/300  [Need: 02:18:50]  lr=0.001
2021-08-28 00:22:55,903:INFO: - Train metrics (average): acc_top1: 98.427 ; acc_top5: 100.000 ; loss: 0.054
2021-08-28 00:22:58,830:INFO: - Eval metrics : acc_top1: 91.282 ; acc_top5: 99.701 ; loss: 0.312
2021-08-28 00:22:58,844:INFO: Epoch 127/300  [Need: 02:16:19]  lr=0.001
2021-08-28 00:23:43,457:INFO: - Train metrics (average): acc_top1: 98.279 ; acc_top5: 99.998 ; loss: 0.052
2021-08-28 00:23:46,398:INFO: - Eval metrics : acc_top1: 91.610 ; acc_top5: 99.691 ; loss: 0.313
2021-08-28 00:23:46,417:INFO: Epoch 128/300  [Need: 02:17:10]  lr=0.001
2021-08-28 00:24:30,427:INFO: - Train metrics (average): acc_top1: 98.475 ; acc_top5: 99.992 ; loss: 0.051
2021-08-28 00:24:33,333:INFO: - Eval metrics : acc_top1: 91.779 ; acc_top5: 99.731 ; loss: 0.311
2021-08-28 00:24:33,345:INFO: Epoch 129/300  [Need: 02:14:31]  lr=0.001
2021-08-28 00:25:17,989:INFO: - Train metrics (average): acc_top1: 98.056 ; acc_top5: 99.999 ; loss: 0.050
2021-08-28 00:25:20,886:INFO: - Eval metrics : acc_top1: 91.471 ; acc_top5: 99.691 ; loss: 0.323
2021-08-28 00:25:20,897:INFO: Epoch 130/300  [Need: 02:15:31]  lr=0.001
2021-08-28 00:26:05,378:INFO: - Train metrics (average): acc_top1: 98.642 ; acc_top5: 99.992 ; loss: 0.049
2021-08-28 00:26:08,104:INFO: - Eval metrics : acc_top1: 91.511 ; acc_top5: 99.731 ; loss: 0.331
2021-08-28 00:26:08,123:INFO: Epoch 131/300  [Need: 02:13:48]  lr=0.001
2021-08-28 00:26:52,576:INFO: - Train metrics (average): acc_top1: 97.946 ; acc_top5: 99.998 ; loss: 0.054
2021-08-28 00:26:55,519:INFO: - Eval metrics : acc_top1: 91.521 ; acc_top5: 99.691 ; loss: 0.313
2021-08-28 00:26:55,530:INFO: Epoch 132/300  [Need: 02:13:31]  lr=0.001
2021-08-28 00:27:40,165:INFO: - Train metrics (average): acc_top1: 98.732 ; acc_top5: 99.999 ; loss: 0.046
2021-08-28 00:27:43,085:INFO: - Eval metrics : acc_top1: 91.093 ; acc_top5: 99.751 ; loss: 0.325
2021-08-28 00:27:43,096:INFO: Epoch 133/300  [Need: 02:13:11]  lr=0.001
2021-08-28 00:28:26,956:INFO: - Train metrics (average): acc_top1: 98.720 ; acc_top5: 99.992 ; loss: 0.049
2021-08-28 00:28:29,865:INFO: - Eval metrics : acc_top1: 91.431 ; acc_top5: 99.662 ; loss: 0.321
2021-08-28 00:28:29,876:INFO: Epoch 134/300  [Need: 02:10:12]  lr=0.001
2021-08-28 00:29:14,242:INFO: - Train metrics (average): acc_top1: 98.246 ; acc_top5: 99.997 ; loss: 0.055
2021-08-28 00:29:17,153:INFO: - Eval metrics : acc_top1: 91.600 ; acc_top5: 99.691 ; loss: 0.317
2021-08-28 00:29:17,165:INFO: Epoch 135/300  [Need: 02:10:49]  lr=0.001
2021-08-28 00:30:01,089:INFO: - Train metrics (average): acc_top1: 98.496 ; acc_top5: 99.999 ; loss: 0.048
2021-08-28 00:30:04,044:INFO: - Eval metrics : acc_top1: 91.352 ; acc_top5: 99.682 ; loss: 0.317
2021-08-28 00:30:04,055:INFO: Epoch 136/300  [Need: 02:08:56]  lr=0.001
2021-08-28 00:30:48,698:INFO: - Train metrics (average): acc_top1: 98.523 ; acc_top5: 99.996 ; loss: 0.045
2021-08-28 00:30:51,639:INFO: - Eval metrics : acc_top1: 91.391 ; acc_top5: 99.791 ; loss: 0.320
2021-08-28 00:30:51,650:INFO: Epoch 137/300  [Need: 02:10:05]  lr=0.001
2021-08-28 00:31:36,045:INFO: - Train metrics (average): acc_top1: 98.784 ; acc_top5: 99.994 ; loss: 0.046
2021-08-28 00:31:38,635:INFO: - Eval metrics : acc_top1: 91.371 ; acc_top5: 99.741 ; loss: 0.324
2021-08-28 00:31:38,647:INFO: Epoch 138/300  [Need: 02:07:40]  lr=0.001
2021-08-28 00:32:23,284:INFO: - Train metrics (average): acc_top1: 98.451 ; acc_top5: 99.999 ; loss: 0.048
2021-08-28 00:32:26,243:INFO: - Eval metrics : acc_top1: 91.352 ; acc_top5: 99.672 ; loss: 0.326
2021-08-28 00:32:26,254:INFO: Epoch 139/300  [Need: 02:08:32]  lr=0.001
2021-08-28 00:33:10,899:INFO: - Train metrics (average): acc_top1: 98.668 ; acc_top5: 99.998 ; loss: 0.045
2021-08-28 00:33:13,837:INFO: - Eval metrics : acc_top1: 91.799 ; acc_top5: 99.662 ; loss: 0.314
2021-08-28 00:33:13,848:INFO: Epoch 140/300  [Need: 02:07:42]  lr=0.001
2021-08-28 00:33:57,925:INFO: - Train metrics (average): acc_top1: 98.667 ; acc_top5: 100.000 ; loss: 0.047
2021-08-28 00:34:00,864:INFO: - Eval metrics : acc_top1: 91.541 ; acc_top5: 99.672 ; loss: 0.316
2021-08-28 00:34:00,875:INFO: Epoch 141/300  [Need: 02:05:24]  lr=0.001
2021-08-28 00:34:45,531:INFO: - Train metrics (average): acc_top1: 98.675 ; acc_top5: 100.000 ; loss: 0.045
2021-08-28 00:34:48,479:INFO: - Eval metrics : acc_top1: 91.610 ; acc_top5: 99.721 ; loss: 0.319
2021-08-28 00:34:48,490:INFO: Epoch 142/300  [Need: 02:06:10]  lr=0.001
2021-08-28 00:35:32,569:INFO: - Train metrics (average): acc_top1: 98.338 ; acc_top5: 99.998 ; loss: 0.050
2021-08-28 00:35:35,510:INFO: - Eval metrics : acc_top1: 91.561 ; acc_top5: 99.711 ; loss: 0.322
2021-08-28 00:35:35,522:INFO: Epoch 143/300  [Need: 02:03:50]  lr=0.001
2021-08-28 00:36:20,138:INFO: - Train metrics (average): acc_top1: 98.764 ; acc_top5: 99.997 ; loss: 0.043
2021-08-28 00:36:23,088:INFO: - Eval metrics : acc_top1: 91.770 ; acc_top5: 99.691 ; loss: 0.325
2021-08-28 00:36:23,099:INFO: Epoch 144/300  [Need: 02:04:29]  lr=0.001
2021-08-28 00:37:07,346:INFO: - Train metrics (average): acc_top1: 98.660 ; acc_top5: 99.998 ; loss: 0.043
2021-08-28 00:37:09,971:INFO: - Eval metrics : acc_top1: 91.461 ; acc_top5: 99.701 ; loss: 0.323
2021-08-28 00:37:09,982:INFO: Epoch 145/300  [Need: 02:01:53]  lr=0.001
2021-08-28 00:37:54,593:INFO: - Train metrics (average): acc_top1: 98.529 ; acc_top5: 100.000 ; loss: 0.044
2021-08-28 00:37:57,559:INFO: - Eval metrics : acc_top1: 91.491 ; acc_top5: 99.711 ; loss: 0.326
2021-08-28 00:37:57,570:INFO: Epoch 146/300  [Need: 02:02:56]  lr=0.001
2021-08-28 00:38:42,218:INFO: - Train metrics (average): acc_top1: 98.833 ; acc_top5: 100.000 ; loss: 0.042
2021-08-28 00:38:45,176:INFO: - Eval metrics : acc_top1: 91.531 ; acc_top5: 99.572 ; loss: 0.326
2021-08-28 00:38:45,187:INFO: Epoch 147/300  [Need: 02:02:13]  lr=0.001
2021-08-28 00:39:29,263:INFO: - Train metrics (average): acc_top1: 98.879 ; acc_top5: 99.996 ; loss: 0.041
2021-08-28 00:39:32,220:INFO: - Eval metrics : acc_top1: 91.481 ; acc_top5: 99.682 ; loss: 0.330
2021-08-28 00:39:32,237:INFO: Epoch 148/300  [Need: 01:59:58]  lr=0.001
2021-08-28 00:40:16,871:INFO: - Train metrics (average): acc_top1: 98.348 ; acc_top5: 99.997 ; loss: 0.048
2021-08-28 00:40:19,825:INFO: - Eval metrics : acc_top1: 91.521 ; acc_top5: 99.652 ; loss: 0.328
2021-08-28 00:40:19,836:INFO: Epoch 149/300  [Need: 02:00:35]  lr=0.001
2021-08-28 00:41:03,895:INFO: - Train metrics (average): acc_top1: 98.572 ; acc_top5: 99.989 ; loss: 0.045
2021-08-28 00:41:06,816:INFO: - Eval metrics : acc_top1: 91.551 ; acc_top5: 99.711 ; loss: 0.330
2021-08-28 00:41:06,827:INFO: Epoch 150/300  [Need: 01:58:15]  lr=0.001
2021-08-28 00:41:51,195:INFO: - Train metrics (average): acc_top1: 98.582 ; acc_top5: 99.997 ; loss: 0.045
2021-08-28 00:41:54,112:INFO: - Eval metrics : acc_top1: 91.511 ; acc_top5: 99.602 ; loss: 0.332
2021-08-28 00:41:54,124:INFO: Epoch 151/300  [Need: 01:58:14]  lr=0.0001
2021-08-28 00:42:38,218:INFO: - Train metrics (average): acc_top1: 99.064 ; acc_top5: 100.000 ; loss: 0.037
2021-08-28 00:42:41,176:INFO: - Eval metrics : acc_top1: 91.959 ; acc_top5: 99.711 ; loss: 0.313
2021-08-28 00:42:41,188:INFO: - Found new best accuracy on validation set
2021-08-28 00:42:41,188:INFO: Epoch 152/300  [Need: 01:56:52]  lr=0.0001
2021-08-28 00:43:25,834:INFO: - Train metrics (average): acc_top1: 99.015 ; acc_top5: 100.000 ; loss: 0.037
2021-08-28 00:43:28,772:INFO: - Eval metrics : acc_top1: 91.819 ; acc_top5: 99.691 ; loss: 0.316
2021-08-28 00:43:28,783:INFO: Epoch 153/300  [Need: 01:57:24]  lr=0.0001
2021-08-28 00:44:13,421:INFO: - Train metrics (average): acc_top1: 99.223 ; acc_top5: 99.996 ; loss: 0.032
2021-08-28 00:44:16,358:INFO: - Eval metrics : acc_top1: 91.869 ; acc_top5: 99.701 ; loss: 0.313
2021-08-28 00:44:16,369:INFO: Epoch 154/300  [Need: 01:56:35]  lr=0.0001
2021-08-28 00:45:00,444:INFO: - Train metrics (average): acc_top1: 99.081 ; acc_top5: 99.998 ; loss: 0.033
2021-08-28 00:45:03,379:INFO: - Eval metrics : acc_top1: 91.779 ; acc_top5: 99.731 ; loss: 0.312
2021-08-28 00:45:03,390:INFO: Epoch 155/300  [Need: 01:54:25]  lr=0.0001
2021-08-28 00:45:48,056:INFO: - Train metrics (average): acc_top1: 99.354 ; acc_top5: 99.995 ; loss: 0.030
2021-08-28 00:45:51,009:INFO: - Eval metrics : acc_top1: 91.799 ; acc_top5: 99.691 ; loss: 0.318
2021-08-28 00:45:51,021:INFO: Epoch 156/300  [Need: 01:55:06]  lr=0.0001
2021-08-28 00:46:35,097:INFO: - Train metrics (average): acc_top1: 99.074 ; acc_top5: 100.000 ; loss: 0.034
2021-08-28 00:46:38,046:INFO: - Eval metrics : acc_top1: 91.849 ; acc_top5: 99.721 ; loss: 0.313
2021-08-28 00:46:38,057:INFO: Epoch 157/300  [Need: 01:52:53]  lr=0.0001
2021-08-28 00:47:22,707:INFO: - Train metrics (average): acc_top1: 99.414 ; acc_top5: 99.998 ; loss: 0.028
2021-08-28 00:47:25,648:INFO: - Eval metrics : acc_top1: 91.710 ; acc_top5: 99.741 ; loss: 0.314
2021-08-28 00:47:25,660:INFO: Epoch 158/300  [Need: 01:53:27]  lr=0.0001
2021-08-28 00:48:09,741:INFO: - Train metrics (average): acc_top1: 99.325 ; acc_top5: 100.000 ; loss: 0.027
2021-08-28 00:48:12,698:INFO: - Eval metrics : acc_top1: 91.849 ; acc_top5: 99.741 ; loss: 0.313
2021-08-28 00:48:12,709:INFO: Epoch 159/300  [Need: 01:51:21]  lr=0.0001
2021-08-28 00:48:57,355:INFO: - Train metrics (average): acc_top1: 99.377 ; acc_top5: 100.000 ; loss: 0.028
2021-08-28 00:49:00,307:INFO: - Eval metrics : acc_top1: 91.919 ; acc_top5: 99.691 ; loss: 0.314
2021-08-28 00:49:00,318:INFO: Epoch 160/300  [Need: 01:51:52]  lr=0.0001
2021-08-28 00:49:44,953:INFO: - Train metrics (average): acc_top1: 99.359 ; acc_top5: 100.000 ; loss: 0.028
2021-08-28 00:49:47,892:INFO: - Eval metrics : acc_top1: 91.899 ; acc_top5: 99.731 ; loss: 0.314
2021-08-28 00:49:47,904:INFO: Epoch 161/300  [Need: 01:51:01]  lr=0.0001
2021-08-28 00:50:32,002:INFO: - Train metrics (average): acc_top1: 99.425 ; acc_top5: 100.000 ; loss: 0.030
2021-08-28 00:50:34,943:INFO: - Eval metrics : acc_top1: 91.819 ; acc_top5: 99.701 ; loss: 0.316
2021-08-28 00:50:34,954:INFO: Epoch 162/300  [Need: 01:48:59]  lr=0.0001
2021-08-28 00:51:19,529:INFO: - Train metrics (average): acc_top1: 99.421 ; acc_top5: 100.000 ; loss: 0.027
2021-08-28 00:51:22,443:INFO: - Eval metrics : acc_top1: 91.879 ; acc_top5: 99.751 ; loss: 0.315
2021-08-28 00:51:22,454:INFO: Epoch 163/300  [Need: 01:49:15]  lr=0.0001
2021-08-28 00:52:06,535:INFO: - Train metrics (average): acc_top1: 99.262 ; acc_top5: 100.000 ; loss: 0.026
2021-08-28 00:52:09,472:INFO: - Eval metrics : acc_top1: 91.630 ; acc_top5: 99.741 ; loss: 0.319
2021-08-28 00:52:09,483:INFO: Epoch 164/300  [Need: 01:47:22]  lr=0.0001
2021-08-28 00:52:54,121:INFO: - Train metrics (average): acc_top1: 99.416 ; acc_top5: 100.000 ; loss: 0.026
2021-08-28 00:52:57,052:INFO: - Eval metrics : acc_top1: 91.740 ; acc_top5: 99.711 ; loss: 0.318
2021-08-28 00:52:57,063:INFO: Epoch 165/300  [Need: 01:47:50]  lr=0.0001
2021-08-28 00:53:41,134:INFO: - Train metrics (average): acc_top1: 99.260 ; acc_top5: 99.997 ; loss: 0.034
2021-08-28 00:53:44,069:INFO: - Eval metrics : acc_top1: 92.018 ; acc_top5: 99.701 ; loss: 0.318
2021-08-28 00:53:44,080:INFO: - Found new best accuracy on validation set
2021-08-28 00:53:44,081:INFO: Epoch 166/300  [Need: 01:45:47]  lr=0.0001
2021-08-28 00:54:28,724:INFO: - Train metrics (average): acc_top1: 99.489 ; acc_top5: 100.000 ; loss: 0.027
2021-08-28 00:54:31,671:INFO: - Eval metrics : acc_top1: 92.078 ; acc_top5: 99.711 ; loss: 0.316
2021-08-28 00:54:31,682:INFO: - Found new best accuracy on validation set
2021-08-28 00:54:31,683:INFO: Epoch 167/300  [Need: 01:46:18]  lr=0.0001
2021-08-28 00:55:16,318:INFO: - Train metrics (average): acc_top1: 99.416 ; acc_top5: 100.000 ; loss: 0.026
2021-08-28 00:55:19,267:INFO: - Eval metrics : acc_top1: 91.879 ; acc_top5: 99.672 ; loss: 0.316
2021-08-28 00:55:19,283:INFO: Epoch 168/300  [Need: 01:45:30]  lr=0.0001
2021-08-28 00:56:03,387:INFO: - Train metrics (average): acc_top1: 99.226 ; acc_top5: 100.000 ; loss: 0.030
2021-08-28 00:56:06,319:INFO: - Eval metrics : acc_top1: 91.869 ; acc_top5: 99.682 ; loss: 0.318
2021-08-28 00:56:06,330:INFO: Epoch 169/300  [Need: 01:43:30]  lr=0.0001
2021-08-28 00:56:50,841:INFO: - Train metrics (average): acc_top1: 99.032 ; acc_top5: 100.000 ; loss: 0.033
2021-08-28 00:56:53,726:INFO: - Eval metrics : acc_top1: 92.008 ; acc_top5: 99.691 ; loss: 0.314
2021-08-28 00:56:53,741:INFO: Epoch 170/300  [Need: 01:43:30]  lr=0.0001
2021-08-28 00:57:37,628:INFO: - Train metrics (average): acc_top1: 99.419 ; acc_top5: 99.997 ; loss: 0.027
2021-08-28 00:57:40,524:INFO: - Eval metrics : acc_top1: 91.919 ; acc_top5: 99.682 ; loss: 0.316
2021-08-28 00:57:40,535:INFO: Epoch 171/300  [Need: 01:41:23]  lr=0.0001
2021-08-28 00:58:24,907:INFO: - Train metrics (average): acc_top1: 99.446 ; acc_top5: 99.999 ; loss: 0.025
2021-08-28 00:58:27,803:INFO: - Eval metrics : acc_top1: 91.919 ; acc_top5: 99.691 ; loss: 0.314
2021-08-28 00:58:27,814:INFO: Epoch 172/300  [Need: 01:41:38]  lr=0.0001
2021-08-28 00:59:11,679:INFO: - Train metrics (average): acc_top1: 99.395 ; acc_top5: 100.000 ; loss: 0.025
2021-08-28 00:59:14,611:INFO: - Eval metrics : acc_top1: 91.839 ; acc_top5: 99.711 ; loss: 0.317
2021-08-28 00:59:14,623:INFO: Epoch 173/300  [Need: 01:39:51]  lr=0.0001
2021-08-28 00:59:59,289:INFO: - Train metrics (average): acc_top1: 99.510 ; acc_top5: 100.000 ; loss: 0.025
2021-08-28 01:00:02,212:INFO: - Eval metrics : acc_top1: 91.750 ; acc_top5: 99.682 ; loss: 0.318
2021-08-28 01:00:02,223:INFO: Epoch 174/300  [Need: 01:40:45]  lr=0.0001
2021-08-28 01:00:46,876:INFO: - Train metrics (average): acc_top1: 99.073 ; acc_top5: 100.000 ; loss: 0.032
2021-08-28 01:00:49,612:INFO: - Eval metrics : acc_top1: 91.859 ; acc_top5: 99.721 ; loss: 0.318
2021-08-28 01:00:49,633:INFO: Epoch 175/300  [Need: 01:39:33]  lr=0.0001
2021-08-28 01:01:33,803:INFO: - Train metrics (average): acc_top1: 99.450 ; acc_top5: 100.000 ; loss: 0.027
2021-08-28 01:01:36,731:INFO: - Eval metrics : acc_top1: 91.929 ; acc_top5: 99.751 ; loss: 0.318
2021-08-28 01:01:36,743:INFO: Epoch 176/300  [Need: 01:38:08]  lr=0.0001
2021-08-28 01:02:21,380:INFO: - Train metrics (average): acc_top1: 99.115 ; acc_top5: 100.000 ; loss: 0.030
2021-08-28 01:02:24,311:INFO: - Eval metrics : acc_top1: 91.829 ; acc_top5: 99.711 ; loss: 0.317
2021-08-28 01:02:24,322:INFO: Epoch 177/300  [Need: 01:38:19]  lr=0.0001
2021-08-28 01:03:08,244:INFO: - Train metrics (average): acc_top1: 99.546 ; acc_top5: 100.000 ; loss: 0.023
2021-08-28 01:03:11,130:INFO: - Eval metrics : acc_top1: 92.038 ; acc_top5: 99.701 ; loss: 0.320
2021-08-28 01:03:11,141:INFO: Epoch 178/300  [Need: 01:35:58]  lr=0.0001
2021-08-28 01:03:55,505:INFO: - Train metrics (average): acc_top1: 99.481 ; acc_top5: 100.000 ; loss: 0.026
2021-08-28 01:03:58,407:INFO: - Eval metrics : acc_top1: 91.988 ; acc_top5: 99.731 ; loss: 0.317
2021-08-28 01:03:58,418:INFO: Epoch 179/300  [Need: 01:36:07]  lr=0.0001
2021-08-28 01:04:42,458:INFO: - Train metrics (average): acc_top1: 99.595 ; acc_top5: 99.998 ; loss: 0.022
2021-08-28 01:04:45,346:INFO: - Eval metrics : acc_top1: 91.770 ; acc_top5: 99.731 ; loss: 0.318
2021-08-28 01:04:45,358:INFO: Epoch 180/300  [Need: 01:34:39]  lr=0.0001
2021-08-28 01:05:29,730:INFO: - Train metrics (average): acc_top1: 99.466 ; acc_top5: 100.000 ; loss: 0.023
2021-08-28 01:05:32,610:INFO: - Eval metrics : acc_top1: 91.899 ; acc_top5: 99.672 ; loss: 0.321
2021-08-28 01:05:32,622:INFO: Epoch 181/300  [Need: 01:34:31]  lr=0.0001
2021-08-28 01:06:17,299:INFO: - Train metrics (average): acc_top1: 99.412 ; acc_top5: 100.000 ; loss: 0.026
2021-08-28 01:06:20,029:INFO: - Eval metrics : acc_top1: 91.879 ; acc_top5: 99.721 ; loss: 0.320
2021-08-28 01:06:20,040:INFO: Epoch 182/300  [Need: 01:34:02]  lr=0.0001
2021-08-28 01:07:04,279:INFO: - Train metrics (average): acc_top1: 99.472 ; acc_top5: 100.000 ; loss: 0.024
2021-08-28 01:07:07,189:INFO: - Eval metrics : acc_top1: 91.939 ; acc_top5: 99.662 ; loss: 0.319
2021-08-28 01:07:07,201:INFO: Epoch 183/300  [Need: 01:32:44]  lr=0.0001
2021-08-28 01:07:51,855:INFO: - Train metrics (average): acc_top1: 99.472 ; acc_top5: 100.000 ; loss: 0.023
2021-08-28 01:07:54,778:INFO: - Eval metrics : acc_top1: 91.899 ; acc_top5: 99.691 ; loss: 0.323
2021-08-28 01:07:54,789:INFO: Epoch 184/300  [Need: 01:32:47]  lr=0.0001
2021-08-28 01:08:38,879:INFO: - Train metrics (average): acc_top1: 98.941 ; acc_top5: 100.000 ; loss: 0.032
2021-08-28 01:08:41,802:INFO: - Eval metrics : acc_top1: 92.018 ; acc_top5: 99.691 ; loss: 0.318
2021-08-28 01:08:41,814:INFO: Epoch 185/300  [Need: 01:30:54]  lr=0.0001
2021-08-28 01:09:26,442:INFO: - Train metrics (average): acc_top1: 99.268 ; acc_top5: 100.000 ; loss: 0.025
2021-08-28 01:09:29,362:INFO: - Eval metrics : acc_top1: 91.979 ; acc_top5: 99.672 ; loss: 0.321
2021-08-28 01:09:29,373:INFO: Epoch 186/300  [Need: 01:31:09]  lr=0.0001
2021-08-28 01:10:13,447:INFO: - Train metrics (average): acc_top1: 99.554 ; acc_top5: 100.000 ; loss: 0.023
2021-08-28 01:10:16,372:INFO: - Eval metrics : acc_top1: 91.859 ; acc_top5: 99.662 ; loss: 0.321
2021-08-28 01:10:16,388:INFO: Epoch 187/300  [Need: 01:29:19]  lr=0.0001
2021-08-28 01:11:01,042:INFO: - Train metrics (average): acc_top1: 99.226 ; acc_top5: 100.000 ; loss: 0.026
2021-08-28 01:11:03,966:INFO: - Eval metrics : acc_top1: 91.919 ; acc_top5: 99.721 ; loss: 0.320
2021-08-28 01:11:03,979:INFO: Epoch 188/300  [Need: 01:29:37]  lr=0.0001
2021-08-28 01:11:48,616:INFO: - Train metrics (average): acc_top1: 99.212 ; acc_top5: 100.000 ; loss: 0.028
2021-08-28 01:11:51,256:INFO: - Eval metrics : acc_top1: 91.879 ; acc_top5: 99.721 ; loss: 0.320
2021-08-28 01:11:51,268:INFO: Epoch 189/300  [Need: 01:28:16]  lr=0.0001
2021-08-28 01:12:35,667:INFO: - Train metrics (average): acc_top1: 99.535 ; acc_top5: 100.000 ; loss: 0.024
2021-08-28 01:12:38,551:INFO: - Eval metrics : acc_top1: 92.028 ; acc_top5: 99.701 ; loss: 0.315
2021-08-28 01:12:38,562:INFO: Epoch 190/300  [Need: 01:27:29]  lr=0.0001
2021-08-28 01:13:22,949:INFO: - Train metrics (average): acc_top1: 99.502 ; acc_top5: 100.000 ; loss: 0.023
2021-08-28 01:13:25,856:INFO: - Eval metrics : acc_top1: 91.929 ; acc_top5: 99.701 ; loss: 0.319
2021-08-28 01:13:25,867:INFO: Epoch 191/300  [Need: 01:26:43]  lr=0.0001
2021-08-28 01:14:09,785:INFO: - Train metrics (average): acc_top1: 99.353 ; acc_top5: 100.000 ; loss: 0.027
2021-08-28 01:14:12,676:INFO: - Eval metrics : acc_top1: 91.879 ; acc_top5: 99.711 ; loss: 0.322
2021-08-28 01:14:12,687:INFO: Epoch 192/300  [Need: 01:25:03]  lr=0.0001
2021-08-28 01:14:57,094:INFO: - Train metrics (average): acc_top1: 99.344 ; acc_top5: 100.000 ; loss: 0.028
2021-08-28 01:14:59,972:INFO: - Eval metrics : acc_top1: 92.078 ; acc_top5: 99.682 ; loss: 0.321
2021-08-28 01:14:59,983:INFO: - Found new best accuracy on validation set
2021-08-28 01:14:59,983:INFO: Epoch 193/300  [Need: 01:25:07]  lr=0.0001
2021-08-28 01:15:44,040:INFO: - Train metrics (average): acc_top1: 99.546 ; acc_top5: 100.000 ; loss: 0.024
2021-08-28 01:15:46,971:INFO: - Eval metrics : acc_top1: 91.988 ; acc_top5: 99.672 ; loss: 0.321
2021-08-28 01:15:46,987:INFO: Epoch 194/300  [Need: 01:23:49]  lr=0.0001
2021-08-28 01:16:31,637:INFO: - Train metrics (average): acc_top1: 99.096 ; acc_top5: 100.000 ; loss: 0.026
2021-08-28 01:16:34,536:INFO: - Eval metrics : acc_top1: 91.819 ; acc_top5: 99.711 ; loss: 0.321
2021-08-28 01:16:34,547:INFO: Epoch 195/300  [Need: 01:24:01]  lr=0.0001
2021-08-28 01:17:18,894:INFO: - Train metrics (average): acc_top1: 99.530 ; acc_top5: 99.999 ; loss: 0.027
2021-08-28 01:17:21,650:INFO: - Eval metrics : acc_top1: 91.998 ; acc_top5: 99.691 ; loss: 0.319
2021-08-28 01:17:21,662:INFO: Epoch 196/300  [Need: 01:22:27]  lr=0.0001
2021-08-28 01:18:06,064:INFO: - Train metrics (average): acc_top1: 99.551 ; acc_top5: 100.000 ; loss: 0.022
2021-08-28 01:18:08,992:INFO: - Eval metrics : acc_top1: 91.969 ; acc_top5: 99.731 ; loss: 0.317
2021-08-28 01:18:09,003:INFO: Epoch 197/300  [Need: 01:22:03]  lr=0.0001
2021-08-28 01:18:53,639:INFO: - Train metrics (average): acc_top1: 99.528 ; acc_top5: 100.000 ; loss: 0.023
2021-08-28 01:18:56,551:INFO: - Eval metrics : acc_top1: 92.058 ; acc_top5: 99.721 ; loss: 0.317
2021-08-28 01:18:56,562:INFO: Epoch 198/300  [Need: 01:21:38]  lr=0.0001
2021-08-28 01:19:40,664:INFO: - Train metrics (average): acc_top1: 99.550 ; acc_top5: 99.999 ; loss: 0.024
2021-08-28 01:19:43,588:INFO: - Eval metrics : acc_top1: 91.969 ; acc_top5: 99.701 ; loss: 0.321
2021-08-28 01:19:43,600:INFO: Epoch 199/300  [Need: 01:19:57]  lr=0.0001
2021-08-28 01:20:28,238:INFO: - Train metrics (average): acc_top1: 99.449 ; acc_top5: 99.999 ; loss: 0.024
2021-08-28 01:20:31,179:INFO: - Eval metrics : acc_top1: 92.008 ; acc_top5: 99.672 ; loss: 0.319
2021-08-28 01:20:31,190:INFO: Epoch 200/300  [Need: 01:20:06]  lr=0.0001
2021-08-28 01:21:15,271:INFO: - Train metrics (average): acc_top1: 99.409 ; acc_top5: 100.000 ; loss: 0.024
2021-08-28 01:21:18,157:INFO: - Eval metrics : acc_top1: 91.929 ; acc_top5: 99.691 ; loss: 0.319
2021-08-28 01:21:18,172:INFO: Epoch 201/300  [Need: 01:18:18]  lr=0.0001
2021-08-28 01:22:02,550:INFO: - Train metrics (average): acc_top1: 99.545 ; acc_top5: 100.000 ; loss: 0.025
2021-08-28 01:22:05,433:INFO: - Eval metrics : acc_top1: 91.909 ; acc_top5: 99.711 ; loss: 0.322
2021-08-28 01:22:05,444:INFO: Epoch 202/300  [Need: 01:17:59]  lr=0.0001
2021-08-28 01:22:49,820:INFO: - Train metrics (average): acc_top1: 99.472 ; acc_top5: 100.000 ; loss: 0.024
2021-08-28 01:22:52,535:INFO: - Eval metrics : acc_top1: 91.879 ; acc_top5: 99.662 ; loss: 0.327
2021-08-28 01:22:52,547:INFO: Epoch 203/300  [Need: 01:16:56]  lr=0.0001
2021-08-28 01:23:37,034:INFO: - Train metrics (average): acc_top1: 99.532 ; acc_top5: 100.000 ; loss: 0.024
2021-08-28 01:23:39,968:INFO: - Eval metrics : acc_top1: 91.919 ; acc_top5: 99.691 ; loss: 0.321
2021-08-28 01:23:39,979:INFO: Epoch 204/300  [Need: 01:16:40]  lr=0.0001
2021-08-28 01:24:24,633:INFO: - Train metrics (average): acc_top1: 99.485 ; acc_top5: 100.000 ; loss: 0.024
2021-08-28 01:24:27,567:INFO: - Eval metrics : acc_top1: 91.949 ; acc_top5: 99.672 ; loss: 0.324
2021-08-28 01:24:27,578:INFO: Epoch 205/300  [Need: 01:16:09]  lr=0.0001
2021-08-28 01:25:11,678:INFO: - Train metrics (average): acc_top1: 99.574 ; acc_top5: 99.996 ; loss: 0.022
2021-08-28 01:25:14,616:INFO: - Eval metrics : acc_top1: 91.859 ; acc_top5: 99.691 ; loss: 0.324
2021-08-28 01:25:14,627:INFO: Epoch 206/300  [Need: 01:14:29]  lr=0.0001
2021-08-28 01:25:59,292:INFO: - Train metrics (average): acc_top1: 99.567 ; acc_top5: 99.999 ; loss: 0.023
2021-08-28 01:26:02,209:INFO: - Eval metrics : acc_top1: 92.048 ; acc_top5: 99.721 ; loss: 0.323
2021-08-28 01:26:02,220:INFO: Epoch 207/300  [Need: 01:14:33]  lr=0.0001
2021-08-28 01:26:46,277:INFO: - Train metrics (average): acc_top1: 99.460 ; acc_top5: 99.999 ; loss: 0.025
2021-08-28 01:26:49,211:INFO: - Eval metrics : acc_top1: 91.959 ; acc_top5: 99.751 ; loss: 0.319
2021-08-28 01:26:49,226:INFO: Epoch 208/300  [Need: 01:12:51]  lr=0.0001
2021-08-28 01:27:33,890:INFO: - Train metrics (average): acc_top1: 99.556 ; acc_top5: 100.000 ; loss: 0.023
2021-08-28 01:27:36,820:INFO: - Eval metrics : acc_top1: 92.028 ; acc_top5: 99.721 ; loss: 0.320
2021-08-28 01:27:36,831:INFO: Epoch 209/300  [Need: 01:12:59]  lr=0.0001
2021-08-28 01:28:21,140:INFO: - Train metrics (average): acc_top1: 99.518 ; acc_top5: 100.000 ; loss: 0.022
2021-08-28 01:28:23,790:INFO: - Eval metrics : acc_top1: 91.959 ; acc_top5: 99.701 ; loss: 0.318
2021-08-28 01:28:23,802:INFO: Epoch 210/300  [Need: 01:11:14]  lr=0.0001
2021-08-28 01:29:08,295:INFO: - Train metrics (average): acc_top1: 99.550 ; acc_top5: 100.000 ; loss: 0.022
2021-08-28 01:29:11,193:INFO: - Eval metrics : acc_top1: 91.859 ; acc_top5: 99.741 ; loss: 0.323
2021-08-28 01:29:11,204:INFO: Epoch 211/300  [Need: 01:11:06]  lr=0.0001
2021-08-28 01:29:55,837:INFO: - Train metrics (average): acc_top1: 99.355 ; acc_top5: 100.000 ; loss: 0.025
2021-08-28 01:29:58,747:INFO: - Eval metrics : acc_top1: 91.879 ; acc_top5: 99.711 ; loss: 0.321
2021-08-28 01:29:58,766:INFO: Epoch 212/300  [Need: 01:10:32]  lr=0.0001
2021-08-28 01:30:42,864:INFO: - Train metrics (average): acc_top1: 99.522 ; acc_top5: 100.000 ; loss: 0.021
2021-08-28 01:30:45,805:INFO: - Eval metrics : acc_top1: 91.959 ; acc_top5: 99.711 ; loss: 0.319
2021-08-28 01:30:45,821:INFO: Epoch 213/300  [Need: 01:09:00]  lr=0.0001
2021-08-28 01:31:30,501:INFO: - Train metrics (average): acc_top1: 99.543 ; acc_top5: 100.000 ; loss: 0.021
2021-08-28 01:31:33,431:INFO: - Eval metrics : acc_top1: 91.909 ; acc_top5: 99.682 ; loss: 0.323
2021-08-28 01:31:33,442:INFO: Epoch 214/300  [Need: 01:09:02]  lr=0.0001
2021-08-28 01:32:17,523:INFO: - Train metrics (average): acc_top1: 99.369 ; acc_top5: 100.000 ; loss: 0.024
2021-08-28 01:32:20,452:INFO: - Eval metrics : acc_top1: 92.008 ; acc_top5: 99.731 ; loss: 0.325
2021-08-28 01:32:20,463:INFO: Epoch 215/300  [Need: 01:07:23]  lr=0.0001
2021-08-28 01:33:05,109:INFO: - Train metrics (average): acc_top1: 99.571 ; acc_top5: 100.000 ; loss: 0.022
2021-08-28 01:33:08,030:INFO: - Eval metrics : acc_top1: 91.998 ; acc_top5: 99.701 ; loss: 0.323
2021-08-28 01:33:08,041:INFO: Epoch 216/300  [Need: 01:07:24]  lr=0.0001
2021-08-28 01:33:52,200:INFO: - Train metrics (average): acc_top1: 99.573 ; acc_top5: 100.000 ; loss: 0.021
2021-08-28 01:33:55,069:INFO: - Eval metrics : acc_top1: 91.909 ; acc_top5: 99.682 ; loss: 0.323
2021-08-28 01:33:55,080:INFO: Epoch 217/300  [Need: 01:05:51]  lr=0.0001
2021-08-28 01:34:39,751:INFO: - Train metrics (average): acc_top1: 99.497 ; acc_top5: 100.000 ; loss: 0.020
2021-08-28 01:34:42,671:INFO: - Eval metrics : acc_top1: 92.008 ; acc_top5: 99.682 ; loss: 0.324
2021-08-28 01:34:42,683:INFO: Epoch 218/300  [Need: 01:05:51]  lr=0.0001
2021-08-28 01:35:27,321:INFO: - Train metrics (average): acc_top1: 99.412 ; acc_top5: 100.000 ; loss: 0.023
2021-08-28 01:35:30,254:INFO: - Eval metrics : acc_top1: 91.929 ; acc_top5: 99.711 ; loss: 0.322
2021-08-28 01:35:30,264:INFO: Epoch 219/300  [Need: 01:05:01]  lr=0.0001
2021-08-28 01:36:14,354:INFO: - Train metrics (average): acc_top1: 99.326 ; acc_top5: 100.000 ; loss: 0.025
2021-08-28 01:36:17,281:INFO: - Eval metrics : acc_top1: 91.959 ; acc_top5: 99.711 ; loss: 0.327
2021-08-28 01:36:17,292:INFO: Epoch 220/300  [Need: 01:03:29]  lr=0.0001
2021-08-28 01:37:01,945:INFO: - Train metrics (average): acc_top1: 99.611 ; acc_top5: 100.000 ; loss: 0.022
2021-08-28 01:37:04,873:INFO: - Eval metrics : acc_top1: 91.919 ; acc_top5: 99.721 ; loss: 0.323
2021-08-28 01:37:04,893:INFO: Epoch 221/300  [Need: 01:03:28]  lr=0.0001
2021-08-28 01:37:48,975:INFO: - Train metrics (average): acc_top1: 99.532 ; acc_top5: 100.000 ; loss: 0.023
2021-08-28 01:37:51,909:INFO: - Eval metrics : acc_top1: 91.849 ; acc_top5: 99.682 ; loss: 0.325
2021-08-28 01:37:51,920:INFO: Epoch 222/300  [Need: 01:01:55]  lr=0.0001
2021-08-28 01:38:36,354:INFO: - Train metrics (average): acc_top1: 99.587 ; acc_top5: 100.000 ; loss: 0.023
2021-08-28 01:38:39,246:INFO: - Eval metrics : acc_top1: 91.909 ; acc_top5: 99.682 ; loss: 0.319
2021-08-28 01:38:39,257:INFO: Epoch 223/300  [Need: 01:01:32]  lr=0.0001
2021-08-28 01:39:23,345:INFO: - Train metrics (average): acc_top1: 99.553 ; acc_top5: 100.000 ; loss: 0.023
2021-08-28 01:39:26,235:INFO: - Eval metrics : acc_top1: 91.998 ; acc_top5: 99.672 ; loss: 0.327
2021-08-28 01:39:26,247:INFO: Epoch 224/300  [Need: 01:00:18]  lr=0.0001
2021-08-28 01:40:10,900:INFO: - Train metrics (average): acc_top1: 99.540 ; acc_top5: 100.000 ; loss: 0.021
2021-08-28 01:40:13,783:INFO: - Eval metrics : acc_top1: 92.068 ; acc_top5: 99.672 ; loss: 0.325
2021-08-28 01:40:13,794:INFO: Epoch 225/300  [Need: 01:00:13]  lr=0.0001
2021-08-28 01:40:58,173:INFO: - Train metrics (average): acc_top1: 99.508 ; acc_top5: 100.000 ; loss: 0.022
2021-08-28 01:41:01,049:INFO: - Eval metrics : acc_top1: 91.988 ; acc_top5: 99.711 ; loss: 0.323
2021-08-28 01:41:01,060:INFO: Epoch 226/300  [Need: 00:59:04]  lr=1e-05
2021-08-28 01:41:45,125:INFO: - Train metrics (average): acc_top1: 99.563 ; acc_top5: 100.000 ; loss: 0.024
2021-08-28 01:41:48,061:INFO: - Eval metrics : acc_top1: 91.929 ; acc_top5: 99.682 ; loss: 0.330
2021-08-28 01:41:48,078:INFO: Epoch 227/300  [Need: 00:57:59]  lr=1e-05
2021-08-28 01:42:32,754:INFO: - Train metrics (average): acc_top1: 99.604 ; acc_top5: 100.000 ; loss: 0.022
2021-08-28 01:42:35,686:INFO: - Eval metrics : acc_top1: 92.028 ; acc_top5: 99.662 ; loss: 0.325
2021-08-28 01:42:35,698:INFO: Epoch 228/300  [Need: 00:57:56]  lr=1e-05
2021-08-28 01:43:19,798:INFO: - Train metrics (average): acc_top1: 99.375 ; acc_top5: 100.000 ; loss: 0.026
2021-08-28 01:43:22,722:INFO: - Eval metrics : acc_top1: 92.008 ; acc_top5: 99.672 ; loss: 0.325
2021-08-28 01:43:22,738:INFO: Epoch 229/300  [Need: 00:56:26]  lr=1e-05
2021-08-28 01:44:07,400:INFO: - Train metrics (average): acc_top1: 99.149 ; acc_top5: 100.000 ; loss: 0.026
2021-08-28 01:44:10,326:INFO: - Eval metrics : acc_top1: 91.988 ; acc_top5: 99.701 ; loss: 0.325
2021-08-28 01:44:10,337:INFO: Epoch 230/300  [Need: 00:56:19]  lr=1e-05
2021-08-28 01:44:54,201:INFO: - Train metrics (average): acc_top1: 99.588 ; acc_top5: 100.000 ; loss: 0.022
2021-08-28 01:44:57,122:INFO: - Eval metrics : acc_top1: 92.078 ; acc_top5: 99.672 ; loss: 0.326
2021-08-28 01:44:57,134:INFO: - Found new best accuracy on validation set
2021-08-28 01:44:57,134:INFO: Epoch 231/300  [Need: 00:54:35]  lr=1e-05
2021-08-28 01:45:41,782:INFO: - Train metrics (average): acc_top1: 99.377 ; acc_top5: 100.000 ; loss: 0.025
2021-08-28 01:45:44,722:INFO: - Eval metrics : acc_top1: 92.058 ; acc_top5: 99.662 ; loss: 0.321
2021-08-28 01:45:44,733:INFO: Epoch 232/300  [Need: 00:54:44]  lr=1e-05
2021-08-28 01:46:29,389:INFO: - Train metrics (average): acc_top1: 99.602 ; acc_top5: 100.000 ; loss: 0.020
2021-08-28 01:46:32,320:INFO: - Eval metrics : acc_top1: 92.048 ; acc_top5: 99.672 ; loss: 0.324
2021-08-28 01:46:32,331:INFO: Epoch 233/300  [Need: 00:53:56]  lr=1e-05
2021-08-28 01:47:16,261:INFO: - Train metrics (average): acc_top1: 99.580 ; acc_top5: 100.000 ; loss: 0.020
2021-08-28 01:47:19,137:INFO: - Eval metrics : acc_top1: 92.028 ; acc_top5: 99.662 ; loss: 0.325
2021-08-28 01:47:19,149:INFO: Epoch 234/300  [Need: 00:52:16]  lr=1e-05
2021-08-28 01:48:03,783:INFO: - Train metrics (average): acc_top1: 99.338 ; acc_top5: 99.997 ; loss: 0.026
2021-08-28 01:48:06,671:INFO: - Eval metrics : acc_top1: 91.998 ; acc_top5: 99.662 ; loss: 0.326
2021-08-28 01:48:06,682:INFO: Epoch 235/300  [Need: 00:52:17]  lr=1e-05
2021-08-28 01:48:50,772:INFO: - Train metrics (average): acc_top1: 99.569 ; acc_top5: 100.000 ; loss: 0.021
2021-08-28 01:48:53,693:INFO: - Eval metrics : acc_top1: 91.919 ; acc_top5: 99.701 ; loss: 0.322
2021-08-28 01:48:53,704:INFO: Epoch 236/300  [Need: 00:50:56]  lr=1e-05
2021-08-28 01:49:38,367:INFO: - Train metrics (average): acc_top1: 99.606 ; acc_top5: 100.000 ; loss: 0.020
2021-08-28 01:49:41,294:INFO: - Eval metrics : acc_top1: 91.959 ; acc_top5: 99.682 ; loss: 0.323
2021-08-28 01:49:41,305:INFO: Epoch 237/300  [Need: 00:50:46]  lr=1e-05
2021-08-28 01:50:25,385:INFO: - Train metrics (average): acc_top1: 99.521 ; acc_top5: 100.000 ; loss: 0.021
2021-08-28 01:50:28,331:INFO: - Eval metrics : acc_top1: 91.849 ; acc_top5: 99.662 ; loss: 0.325
2021-08-28 01:50:28,345:INFO: Epoch 238/300  [Need: 00:49:23]  lr=1e-05
2021-08-28 01:51:13,006:INFO: - Train metrics (average): acc_top1: 99.318 ; acc_top5: 100.000 ; loss: 0.026
2021-08-28 01:51:15,934:INFO: - Eval metrics : acc_top1: 91.859 ; acc_top5: 99.701 ; loss: 0.322
2021-08-28 01:51:15,944:INFO: Epoch 239/300  [Need: 00:49:11]  lr=1e-05
2021-08-28 01:52:00,561:INFO: - Train metrics (average): acc_top1: 99.339 ; acc_top5: 100.000 ; loss: 0.024
2021-08-28 01:52:03,499:INFO: - Eval metrics : acc_top1: 91.909 ; acc_top5: 99.721 ; loss: 0.327
2021-08-28 01:52:03,510:INFO: Epoch 240/300  [Need: 00:48:21]  lr=1e-05
2021-08-28 01:52:47,553:INFO: - Train metrics (average): acc_top1: 99.551 ; acc_top5: 100.000 ; loss: 0.021
2021-08-28 01:52:50,500:INFO: - Eval metrics : acc_top1: 91.919 ; acc_top5: 99.701 ; loss: 0.325
2021-08-28 01:52:50,511:INFO: Epoch 241/300  [Need: 00:47:00]  lr=1e-05
2021-08-28 01:53:35,156:INFO: - Train metrics (average): acc_top1: 99.426 ; acc_top5: 100.000 ; loss: 0.028
2021-08-28 01:53:38,088:INFO: - Eval metrics : acc_top1: 92.058 ; acc_top5: 99.711 ; loss: 0.321
2021-08-28 01:53:38,099:INFO: Epoch 242/300  [Need: 00:46:47]  lr=1e-05
2021-08-28 01:54:22,176:INFO: - Train metrics (average): acc_top1: 99.541 ; acc_top5: 99.999 ; loss: 0.021
2021-08-28 01:54:25,115:INFO: - Eval metrics : acc_top1: 91.909 ; acc_top5: 99.711 ; loss: 0.324
2021-08-28 01:54:25,126:INFO: Epoch 243/300  [Need: 00:45:27]  lr=1e-05
2021-08-28 01:55:09,778:INFO: - Train metrics (average): acc_top1: 99.596 ; acc_top5: 100.000 ; loss: 0.021
2021-08-28 01:55:12,707:INFO: - Eval metrics : acc_top1: 91.909 ; acc_top5: 99.691 ; loss: 0.322
2021-08-28 01:55:12,718:INFO: Epoch 244/300  [Need: 00:45:12]  lr=1e-05
2021-08-28 01:55:56,793:INFO: - Train metrics (average): acc_top1: 99.569 ; acc_top5: 100.000 ; loss: 0.021
2021-08-28 01:55:59,734:INFO: - Eval metrics : acc_top1: 91.829 ; acc_top5: 99.672 ; loss: 0.323
2021-08-28 01:55:59,745:INFO: Epoch 245/300  [Need: 00:43:53]  lr=1e-05
2021-08-28 01:56:44,385:INFO: - Train metrics (average): acc_top1: 99.602 ; acc_top5: 100.000 ; loss: 0.020
2021-08-28 01:56:47,314:INFO: - Eval metrics : acc_top1: 92.108 ; acc_top5: 99.662 ; loss: 0.324
2021-08-28 01:56:47,325:INFO: - Found new best accuracy on validation set
2021-08-28 01:56:47,326:INFO: Epoch 246/300  [Need: 00:43:36]  lr=1e-05
2021-08-28 01:57:31,950:INFO: - Train metrics (average): acc_top1: 99.573 ; acc_top5: 100.000 ; loss: 0.024
2021-08-28 01:57:34,684:INFO: - Eval metrics : acc_top1: 92.008 ; acc_top5: 99.672 ; loss: 0.322
2021-08-28 01:57:34,702:INFO: Epoch 247/300  [Need: 00:42:38]  lr=1e-05
2021-08-28 01:58:18,962:INFO: - Train metrics (average): acc_top1: 99.669 ; acc_top5: 100.000 ; loss: 0.019
2021-08-28 01:58:21,907:INFO: - Eval metrics : acc_top1: 92.058 ; acc_top5: 99.682 ; loss: 0.322
2021-08-28 01:58:21,918:INFO: Epoch 248/300  [Need: 00:41:42]  lr=1e-05
2021-08-28 01:59:06,555:INFO: - Train metrics (average): acc_top1: 99.561 ; acc_top5: 100.000 ; loss: 0.022
2021-08-28 01:59:09,489:INFO: - Eval metrics : acc_top1: 92.028 ; acc_top5: 99.662 ; loss: 0.326
2021-08-28 01:59:09,501:INFO: Epoch 249/300  [Need: 00:41:14]  lr=1e-05
2021-08-28 01:59:53,579:INFO: - Train metrics (average): acc_top1: 99.337 ; acc_top5: 100.000 ; loss: 0.023
2021-08-28 01:59:56,521:INFO: - Eval metrics : acc_top1: 91.998 ; acc_top5: 99.701 ; loss: 0.323
2021-08-28 01:59:56,532:INFO: Epoch 250/300  [Need: 00:39:58]  lr=1e-05
2021-08-28 02:00:41,155:INFO: - Train metrics (average): acc_top1: 99.575 ; acc_top5: 100.000 ; loss: 0.020
2021-08-28 02:00:44,084:INFO: - Eval metrics : acc_top1: 91.949 ; acc_top5: 99.701 ; loss: 0.324
2021-08-28 02:00:44,095:INFO: Epoch 251/300  [Need: 00:39:38]  lr=1e-05
2021-08-28 02:01:28,150:INFO: - Train metrics (average): acc_top1: 99.631 ; acc_top5: 100.000 ; loss: 0.019
2021-08-28 02:01:31,098:INFO: - Eval metrics : acc_top1: 92.048 ; acc_top5: 99.662 ; loss: 0.323
2021-08-28 02:01:31,114:INFO: Epoch 252/300  [Need: 00:38:23]  lr=1e-05
2021-08-28 02:02:15,756:INFO: - Train metrics (average): acc_top1: 99.389 ; acc_top5: 100.000 ; loss: 0.024
2021-08-28 02:02:18,673:INFO: - Eval metrics : acc_top1: 92.008 ; acc_top5: 99.662 ; loss: 0.321
2021-08-28 02:02:18,686:INFO: Epoch 253/300  [Need: 00:38:03]  lr=1e-05
2021-08-28 02:03:03,270:INFO: - Train metrics (average): acc_top1: 99.309 ; acc_top5: 100.000 ; loss: 0.029
2021-08-28 02:03:06,008:INFO: - Eval metrics : acc_top1: 91.919 ; acc_top5: 99.652 ; loss: 0.329
2021-08-28 02:03:06,022:INFO: Epoch 254/300  [Need: 00:37:04]  lr=1e-05
2021-08-28 02:03:50,434:INFO: - Train metrics (average): acc_top1: 99.675 ; acc_top5: 100.000 ; loss: 0.019
2021-08-28 02:03:53,379:INFO: - Eval metrics : acc_top1: 91.998 ; acc_top5: 99.701 ; loss: 0.322
2021-08-28 02:03:53,390:INFO: Epoch 255/300  [Need: 00:36:18]  lr=1e-05
2021-08-28 02:04:38,042:INFO: - Train metrics (average): acc_top1: 99.625 ; acc_top5: 100.000 ; loss: 0.022
2021-08-28 02:04:40,977:INFO: - Eval metrics : acc_top1: 92.078 ; acc_top5: 99.672 ; loss: 0.326
2021-08-28 02:04:40,989:INFO: Epoch 256/300  [Need: 00:35:41]  lr=1e-05
2021-08-28 02:05:24,913:INFO: - Train metrics (average): acc_top1: 99.555 ; acc_top5: 100.000 ; loss: 0.021
2021-08-28 02:05:27,803:INFO: - Eval metrics : acc_top1: 91.859 ; acc_top5: 99.721 ; loss: 0.325
2021-08-28 02:05:27,815:INFO: Epoch 257/300  [Need: 00:34:20]  lr=1e-05
2021-08-28 02:06:12,277:INFO: - Train metrics (average): acc_top1: 99.563 ; acc_top5: 100.000 ; loss: 0.020
2021-08-28 02:06:15,155:INFO: - Eval metrics : acc_top1: 91.959 ; acc_top5: 99.682 ; loss: 0.324
2021-08-28 02:06:15,167:INFO: Epoch 258/300  [Need: 00:33:56]  lr=1e-05
2021-08-28 02:06:59,258:INFO: - Train metrics (average): acc_top1: 99.189 ; acc_top5: 100.000 ; loss: 0.027
2021-08-28 02:07:02,156:INFO: - Eval metrics : acc_top1: 91.969 ; acc_top5: 99.691 ; loss: 0.325
2021-08-28 02:07:02,167:INFO: Epoch 259/300  [Need: 00:32:54]  lr=1e-05
2021-08-28 02:07:46,538:INFO: - Train metrics (average): acc_top1: 99.508 ; acc_top5: 100.000 ; loss: 0.022
2021-08-28 02:07:49,439:INFO: - Eval metrics : acc_top1: 91.959 ; acc_top5: 99.672 ; loss: 0.322
2021-08-28 02:07:49,450:INFO: Epoch 260/300  [Need: 00:32:18]  lr=1e-05
2021-08-28 02:08:33,909:INFO: - Train metrics (average): acc_top1: 99.596 ; acc_top5: 100.000 ; loss: 0.020
2021-08-28 02:08:36,635:INFO: - Eval metrics : acc_top1: 91.998 ; acc_top5: 99.701 ; loss: 0.321
2021-08-28 02:08:36,646:INFO: Epoch 261/300  [Need: 00:31:27]  lr=1e-05
2021-08-28 02:09:21,151:INFO: - Train metrics (average): acc_top1: 99.564 ; acc_top5: 100.000 ; loss: 0.023
2021-08-28 02:09:24,065:INFO: - Eval metrics : acc_top1: 91.959 ; acc_top5: 99.721 ; loss: 0.324
2021-08-28 02:09:24,076:INFO: Epoch 262/300  [Need: 00:30:49]  lr=1e-05
2021-08-28 02:10:08,725:INFO: - Train metrics (average): acc_top1: 99.583 ; acc_top5: 100.000 ; loss: 0.022
2021-08-28 02:10:11,659:INFO: - Eval metrics : acc_top1: 91.959 ; acc_top5: 99.682 ; loss: 0.323
2021-08-28 02:10:11,672:INFO: Epoch 263/300  [Need: 00:30:08]  lr=1e-05
2021-08-28 02:10:55,766:INFO: - Train metrics (average): acc_top1: 99.606 ; acc_top5: 100.000 ; loss: 0.021
2021-08-28 02:10:58,698:INFO: - Eval metrics : acc_top1: 91.969 ; acc_top5: 99.711 ; loss: 0.326
2021-08-28 02:10:58,710:INFO: Epoch 264/300  [Need: 00:29:00]  lr=1e-05
2021-08-28 02:11:43,323:INFO: - Train metrics (average): acc_top1: 99.635 ; acc_top5: 100.000 ; loss: 0.020
2021-08-28 02:11:46,248:INFO: - Eval metrics : acc_top1: 91.919 ; acc_top5: 99.691 ; loss: 0.324
2021-08-28 02:11:46,260:INFO: Epoch 265/300  [Need: 00:28:31]  lr=1e-05
2021-08-28 02:12:30,193:INFO: - Train metrics (average): acc_top1: 99.596 ; acc_top5: 100.000 ; loss: 0.021
2021-08-28 02:12:33,123:INFO: - Eval metrics : acc_top1: 92.048 ; acc_top5: 99.682 ; loss: 0.325
2021-08-28 02:12:33,135:INFO: Epoch 266/300  [Need: 00:27:20]  lr=1e-05
2021-08-28 02:13:17,769:INFO: - Train metrics (average): acc_top1: 99.197 ; acc_top5: 100.000 ; loss: 0.024
2021-08-28 02:13:20,698:INFO: - Eval metrics : acc_top1: 91.959 ; acc_top5: 99.691 ; loss: 0.322
2021-08-28 02:13:20,714:INFO: Epoch 267/300  [Need: 00:26:57]  lr=1e-05
2021-08-28 02:14:05,067:INFO: - Train metrics (average): acc_top1: 99.578 ; acc_top5: 100.000 ; loss: 0.021
2021-08-28 02:14:07,700:INFO: - Eval metrics : acc_top1: 92.068 ; acc_top5: 99.721 ; loss: 0.321
2021-08-28 02:14:07,711:INFO: Epoch 268/300  [Need: 00:25:50]  lr=1e-05
2021-08-28 02:14:52,364:INFO: - Train metrics (average): acc_top1: 99.631 ; acc_top5: 100.000 ; loss: 0.021
2021-08-28 02:14:55,292:INFO: - Eval metrics : acc_top1: 91.859 ; acc_top5: 99.721 ; loss: 0.326
2021-08-28 02:14:55,303:INFO: Epoch 269/300  [Need: 00:25:22]  lr=1e-05
2021-08-28 02:15:39,974:INFO: - Train metrics (average): acc_top1: 99.373 ; acc_top5: 100.000 ; loss: 0.024
2021-08-28 02:15:42,922:INFO: - Eval metrics : acc_top1: 91.899 ; acc_top5: 99.682 ; loss: 0.322
2021-08-28 02:15:42,933:INFO: Epoch 270/300  [Need: 00:24:36]  lr=1e-05
2021-08-28 02:16:27,020:INFO: - Train metrics (average): acc_top1: 98.960 ; acc_top5: 100.000 ; loss: 0.033
2021-08-28 02:16:29,949:INFO: - Eval metrics : acc_top1: 92.038 ; acc_top5: 99.691 ; loss: 0.322
2021-08-28 02:16:29,960:INFO: Epoch 271/300  [Need: 00:23:30]  lr=1e-05
2021-08-28 02:17:14,607:INFO: - Train metrics (average): acc_top1: 99.432 ; acc_top5: 100.000 ; loss: 0.021
2021-08-28 02:17:17,534:INFO: - Eval metrics : acc_top1: 91.939 ; acc_top5: 99.682 ; loss: 0.323
2021-08-28 02:17:17,545:INFO: Epoch 272/300  [Need: 00:22:59]  lr=1e-05
2021-08-28 02:18:01,654:INFO: - Train metrics (average): acc_top1: 99.565 ; acc_top5: 100.000 ; loss: 0.022
2021-08-28 02:18:04,578:INFO: - Eval metrics : acc_top1: 91.919 ; acc_top5: 99.701 ; loss: 0.325
2021-08-28 02:18:04,589:INFO: Epoch 273/300  [Need: 00:21:57]  lr=1e-05
2021-08-28 02:18:49,229:INFO: - Train metrics (average): acc_top1: 99.606 ; acc_top5: 100.000 ; loss: 0.022
2021-08-28 02:18:52,149:INFO: - Eval metrics : acc_top1: 91.889 ; acc_top5: 99.682 ; loss: 0.324
2021-08-28 02:18:52,160:INFO: Epoch 274/300  [Need: 00:21:24]  lr=1e-05
2021-08-28 02:19:36,325:INFO: - Train metrics (average): acc_top1: 99.563 ; acc_top5: 99.999 ; loss: 0.020
2021-08-28 02:19:39,178:INFO: - Eval metrics : acc_top1: 91.919 ; acc_top5: 99.682 ; loss: 0.325
2021-08-28 02:19:39,189:INFO: Epoch 275/300  [Need: 00:20:22]  lr=1e-05
2021-08-28 02:20:23,587:INFO: - Train metrics (average): acc_top1: 99.611 ; acc_top5: 100.000 ; loss: 0.021
2021-08-28 02:20:26,459:INFO: - Eval metrics : acc_top1: 91.879 ; acc_top5: 99.682 ; loss: 0.325
2021-08-28 02:20:26,470:INFO: Epoch 276/300  [Need: 00:19:42]  lr=1e-05
2021-08-28 02:21:11,121:INFO: - Train metrics (average): acc_top1: 99.595 ; acc_top5: 100.000 ; loss: 0.020
2021-08-28 02:21:14,051:INFO: - Eval metrics : acc_top1: 92.008 ; acc_top5: 99.691 ; loss: 0.324
2021-08-28 02:21:14,070:INFO: Epoch 277/300  [Need: 00:19:02]  lr=1e-05
2021-08-28 02:21:58,154:INFO: - Train metrics (average): acc_top1: 99.633 ; acc_top5: 100.000 ; loss: 0.022
2021-08-28 02:22:01,076:INFO: - Eval metrics : acc_top1: 92.008 ; acc_top5: 99.682 ; loss: 0.322
2021-08-28 02:22:01,095:INFO: Epoch 278/300  [Need: 00:18:01]  lr=1e-05
2021-08-28 02:22:45,756:INFO: - Train metrics (average): acc_top1: 99.342 ; acc_top5: 100.000 ; loss: 0.022
2021-08-28 02:22:48,678:INFO: - Eval metrics : acc_top1: 91.969 ; acc_top5: 99.711 ; loss: 0.325
2021-08-28 02:22:48,694:INFO: Epoch 279/300  [Need: 00:17:27]  lr=1e-05
2021-08-28 02:23:32,792:INFO: - Train metrics (average): acc_top1: 99.603 ; acc_top5: 100.000 ; loss: 0.021
2021-08-28 02:23:35,714:INFO: - Eval metrics : acc_top1: 91.909 ; acc_top5: 99.672 ; loss: 0.324
2021-08-28 02:23:35,726:INFO: Epoch 280/300  [Need: 00:16:27]  lr=1e-05
2021-08-28 02:24:20,383:INFO: - Train metrics (average): acc_top1: 99.653 ; acc_top5: 100.000 ; loss: 0.019
2021-08-28 02:24:23,313:INFO: - Eval metrics : acc_top1: 91.969 ; acc_top5: 99.662 ; loss: 0.327
2021-08-28 02:24:23,324:INFO: Epoch 281/300  [Need: 00:15:51]  lr=1e-05
2021-08-28 02:25:07,435:INFO: - Train metrics (average): acc_top1: 99.439 ; acc_top5: 100.000 ; loss: 0.023
2021-08-28 02:25:10,246:INFO: - Eval metrics : acc_top1: 91.959 ; acc_top5: 99.662 ; loss: 0.327
2021-08-28 02:25:10,262:INFO: Epoch 282/300  [Need: 00:14:51]  lr=1e-05
2021-08-28 02:25:54,648:INFO: - Train metrics (average): acc_top1: 99.588 ; acc_top5: 100.000 ; loss: 0.021
2021-08-28 02:25:57,541:INFO: - Eval metrics : acc_top1: 92.078 ; acc_top5: 99.701 ; loss: 0.326
2021-08-28 02:25:57,557:INFO: Epoch 283/300  [Need: 00:14:11]  lr=1e-05
2021-08-28 02:26:41,936:INFO: - Train metrics (average): acc_top1: 99.227 ; acc_top5: 99.997 ; loss: 0.025
2021-08-28 02:26:44,815:INFO: - Eval metrics : acc_top1: 91.988 ; acc_top5: 99.672 ; loss: 0.326
2021-08-28 02:26:44,826:INFO: Epoch 284/300  [Need: 00:13:23]  lr=1e-05
2021-08-28 02:27:28,909:INFO: - Train metrics (average): acc_top1: 99.265 ; acc_top5: 100.000 ; loss: 0.026
2021-08-28 02:27:31,831:INFO: - Eval metrics : acc_top1: 91.988 ; acc_top5: 99.662 ; loss: 0.327
2021-08-28 02:27:31,842:INFO: Epoch 285/300  [Need: 00:12:32]  lr=1e-05
2021-08-28 02:28:16,491:INFO: - Train metrics (average): acc_top1: 99.200 ; acc_top5: 99.995 ; loss: 0.029
2021-08-28 02:28:19,406:INFO: - Eval metrics : acc_top1: 91.959 ; acc_top5: 99.662 ; loss: 0.324
2021-08-28 02:28:19,417:INFO: Epoch 286/300  [Need: 00:11:53]  lr=1e-05
2021-08-28 02:29:03,530:INFO: - Train metrics (average): acc_top1: 99.636 ; acc_top5: 100.000 ; loss: 0.022
2021-08-28 02:29:06,448:INFO: - Eval metrics : acc_top1: 91.889 ; acc_top5: 99.662 ; loss: 0.323
2021-08-28 02:29:06,460:INFO: Epoch 287/300  [Need: 00:10:58]  lr=1e-05
2021-08-28 02:29:51,133:INFO: - Train metrics (average): acc_top1: 99.353 ; acc_top5: 100.000 ; loss: 0.022
2021-08-28 02:29:54,051:INFO: - Eval metrics : acc_top1: 91.969 ; acc_top5: 99.721 ; loss: 0.325
2021-08-28 02:29:54,062:INFO: Epoch 288/300  [Need: 00:10:18]  lr=1e-05
2021-08-28 02:30:38,190:INFO: - Train metrics (average): acc_top1: 99.449 ; acc_top5: 100.000 ; loss: 0.023
2021-08-28 02:30:41,114:INFO: - Eval metrics : acc_top1: 92.008 ; acc_top5: 99.662 ; loss: 0.321
2021-08-28 02:30:41,126:INFO: Epoch 289/300  [Need: 00:09:24]  lr=1e-05
2021-08-28 02:31:25,805:INFO: - Train metrics (average): acc_top1: 99.632 ; acc_top5: 100.000 ; loss: 0.023
2021-08-28 02:31:28,729:INFO: - Eval metrics : acc_top1: 91.889 ; acc_top5: 99.691 ; loss: 0.323
2021-08-28 02:31:28,740:INFO: Epoch 290/300  [Need: 00:08:43]  lr=1e-05
2021-08-28 02:32:13,400:INFO: - Train metrics (average): acc_top1: 99.539 ; acc_top5: 100.000 ; loss: 0.021
2021-08-28 02:32:16,316:INFO: - Eval metrics : acc_top1: 91.949 ; acc_top5: 99.682 ; loss: 0.324
2021-08-28 02:32:16,328:INFO: Epoch 291/300  [Need: 00:07:55]  lr=1e-05
2021-08-28 02:33:00,425:INFO: - Train metrics (average): acc_top1: 99.671 ; acc_top5: 100.000 ; loss: 0.020
2021-08-28 02:33:03,343:INFO: - Eval metrics : acc_top1: 91.998 ; acc_top5: 99.691 ; loss: 0.323
2021-08-28 02:33:03,354:INFO: Epoch 292/300  [Need: 00:07:03]  lr=1e-05
2021-08-28 02:33:48,001:INFO: - Train metrics (average): acc_top1: 99.602 ; acc_top5: 100.000 ; loss: 0.020
2021-08-28 02:33:50,915:INFO: - Eval metrics : acc_top1: 91.998 ; acc_top5: 99.701 ; loss: 0.321
2021-08-28 02:33:50,926:INFO: Epoch 293/300  [Need: 00:06:20]  lr=1e-05
2021-08-28 02:34:35,024:INFO: - Train metrics (average): acc_top1: 99.557 ; acc_top5: 100.000 ; loss: 0.020
2021-08-28 02:34:37,952:INFO: - Eval metrics : acc_top1: 91.998 ; acc_top5: 99.711 ; loss: 0.323
2021-08-28 02:34:37,964:INFO: Epoch 294/300  [Need: 00:05:29]  lr=1e-05
2021-08-28 02:35:22,642:INFO: - Train metrics (average): acc_top1: 99.606 ; acc_top5: 100.000 ; loss: 0.020
2021-08-28 02:35:25,563:INFO: - Eval metrics : acc_top1: 92.018 ; acc_top5: 99.711 ; loss: 0.329
2021-08-28 02:35:25,575:INFO: Epoch 295/300  [Need: 00:04:45]  lr=1e-05
2021-08-28 02:36:09,678:INFO: - Train metrics (average): acc_top1: 99.392 ; acc_top5: 100.000 ; loss: 0.022
2021-08-28 02:36:12,607:INFO: - Eval metrics : acc_top1: 91.909 ; acc_top5: 99.662 ; loss: 0.324
2021-08-28 02:36:12,618:INFO: Epoch 296/300  [Need: 00:03:55]  lr=1e-05
2021-08-28 02:36:57,275:INFO: - Train metrics (average): acc_top1: 99.576 ; acc_top5: 100.000 ; loss: 0.022
2021-08-28 02:37:00,198:INFO: - Eval metrics : acc_top1: 92.088 ; acc_top5: 99.711 ; loss: 0.324
2021-08-28 02:37:00,208:INFO: Epoch 297/300  [Need: 00:03:10]  lr=1e-05
2021-08-28 02:37:44,818:INFO: - Train metrics (average): acc_top1: 99.583 ; acc_top5: 100.000 ; loss: 0.022
2021-08-28 02:37:47,741:INFO: - Eval metrics : acc_top1: 91.829 ; acc_top5: 99.642 ; loss: 0.325
2021-08-28 02:37:47,753:INFO: Epoch 298/300  [Need: 00:02:22]  lr=1e-05
2021-08-28 02:38:31,896:INFO: - Train metrics (average): acc_top1: 99.615 ; acc_top5: 100.000 ; loss: 0.021
2021-08-28 02:38:34,812:INFO: - Eval metrics : acc_top1: 91.809 ; acc_top5: 99.701 ; loss: 0.325
2021-08-28 02:38:34,823:INFO: Epoch 299/300  [Need: 00:01:34]  lr=1e-05
2021-08-28 02:39:19,498:INFO: - Train metrics (average): acc_top1: 99.552 ; acc_top5: 99.995 ; loss: 0.020
2021-08-28 02:39:22,433:INFO: - Eval metrics : acc_top1: 92.008 ; acc_top5: 99.721 ; loss: 0.323
2021-08-28 02:39:22,444:INFO: Epoch 300/300  [Need: 00:00:47]  lr=1e-05
2021-08-28 02:40:06,540:INFO: - Train metrics (average): acc_top1: 99.645 ; acc_top5: 100.000 ; loss: 0.021
2021-08-28 02:40:09,459:INFO: - Eval metrics : acc_top1: 91.919 ; acc_top5: 99.682 ; loss: 0.327
