2021-08-27 22:19:08,011:INFO: >>>>>> Starting training model
2021-08-27 22:19:08,089:INFO: Created model 'vgg13'
2021-08-27 22:37:31,661:INFO: >>>>>> Starting training model
2021-08-27 22:37:31,739:INFO: Created model 'vgg13'
2021-08-27 22:37:31,791:INFO: Loaded dateset 'mini_cifar10' from './data'
2021-08-27 22:37:31,791:INFO: Entering finetune...
2021-08-27 22:37:31,791:INFO: Training Settings:
2021-08-27 22:37:31,791:INFO: save_dir : ./snapshots/mini_cifar10/vgg13/train/
2021-08-27 22:37:31,791:INFO: epochs : 100
2021-08-27 22:37:31,791:INFO: lr : 0.01
2021-08-27 22:37:31,791:INFO: kd_params : (0.0, 1)
2021-08-27 22:37:31,791:INFO: return_file : True
2021-08-27 22:37:31,791:INFO: kd : False
2021-08-27 22:37:33,499:INFO: Starting training for 100 epoch(s)
2021-08-27 22:37:33,499:INFO: Epoch 1/100  [Need: 00:00:00]  lr=0.01
2021-08-27 22:37:37,949:INFO: - Train metrics (average): acc_top1: 4.688 ; acc_top5: 43.750 ; loss: 2.382
2021-08-27 22:37:38,227:INFO: - Eval metrics : acc_top1: 32.480 ; acc_top5: 86.484 ; loss: 2.167
2021-08-27 22:37:38,279:INFO: - Found new best accuracy on validation set
2021-08-27 22:37:38,280:INFO: Epoch 2/100  [Need: 00:07:53]  lr=0.01
2021-08-27 22:37:42,236:INFO: - Train metrics (average): acc_top1: 40.625 ; acc_top5: 92.188 ; loss: 1.727
2021-08-27 22:37:42,495:INFO: - Eval metrics : acc_top1: 39.512 ; acc_top5: 88.125 ; loss: 1.851
2021-08-27 22:37:43,401:INFO: - Found new best accuracy on validation set
2021-08-27 22:37:43,402:INFO: Epoch 3/100  [Need: 00:08:21]  lr=0.01
2021-08-27 22:37:47,399:INFO: - Train metrics (average): acc_top1: 46.875 ; acc_top5: 89.062 ; loss: 1.538
2021-08-27 22:37:47,707:INFO: - Eval metrics : acc_top1: 39.336 ; acc_top5: 90.605 ; loss: 1.679
2021-08-27 22:37:48,215:INFO: Epoch 4/100  [Need: 00:07:46]  lr=0.01
2021-08-27 22:37:52,150:INFO: - Train metrics (average): acc_top1: 46.875 ; acc_top5: 92.188 ; loss: 1.413
2021-08-27 22:37:52,396:INFO: - Eval metrics : acc_top1: 47.090 ; acc_top5: 93.320 ; loss: 1.474
2021-08-27 22:37:53,386:INFO: - Found new best accuracy on validation set
2021-08-27 22:37:53,411:INFO: Epoch 5/100  [Need: 00:08:18]  lr=0.01
2021-08-27 22:37:57,423:INFO: - Train metrics (average): acc_top1: 53.125 ; acc_top5: 92.188 ; loss: 1.445
2021-08-27 22:37:57,721:INFO: - Eval metrics : acc_top1: 50.645 ; acc_top5: 90.703 ; loss: 1.515
2021-08-27 22:37:58,641:INFO: - Found new best accuracy on validation set
2021-08-27 22:37:58,642:INFO: Epoch 6/100  [Need: 00:08:16]  lr=0.01
2021-08-27 22:38:02,532:INFO: - Train metrics (average): acc_top1: 53.125 ; acc_top5: 95.312 ; loss: 1.238
2021-08-27 22:38:02,739:INFO: - Eval metrics : acc_top1: 45.938 ; acc_top5: 92.520 ; loss: 1.875
2021-08-27 22:38:03,094:INFO: Epoch 7/100  [Need: 00:06:58]  lr=0.01
2021-08-27 22:38:07,016:INFO: - Train metrics (average): acc_top1: 57.812 ; acc_top5: 95.312 ; loss: 1.166
2021-08-27 22:38:07,229:INFO: - Eval metrics : acc_top1: 49.609 ; acc_top5: 90.312 ; loss: 1.686
2021-08-27 22:38:07,481:INFO: Epoch 8/100  [Need: 00:06:47]  lr=0.01
2021-08-27 22:38:11,058:INFO: - Train metrics (average): acc_top1: 64.062 ; acc_top5: 95.312 ; loss: 1.181
2021-08-27 22:38:11,383:INFO: - Eval metrics : acc_top1: 53.965 ; acc_top5: 95.039 ; loss: 1.338
2021-08-27 22:38:11,821:INFO: - Found new best accuracy on validation set
2021-08-27 22:38:11,879:INFO: Epoch 9/100  [Need: 00:06:44]  lr=0.01
2021-08-27 22:38:15,484:INFO: - Train metrics (average): acc_top1: 62.500 ; acc_top5: 98.438 ; loss: 1.116
2021-08-27 22:38:15,806:INFO: - Eval metrics : acc_top1: 53.145 ; acc_top5: 93.340 ; loss: 1.405
2021-08-27 22:38:16,142:INFO: Epoch 10/100  [Need: 00:06:27]  lr=0.01
2021-08-27 22:38:19,558:INFO: - Train metrics (average): acc_top1: 67.188 ; acc_top5: 96.875 ; loss: 0.870
2021-08-27 22:38:19,890:INFO: - Eval metrics : acc_top1: 60.625 ; acc_top5: 95.859 ; loss: 1.217
2021-08-27 22:38:20,672:INFO: - Found new best accuracy on validation set
2021-08-27 22:38:20,674:INFO: Epoch 11/100  [Need: 00:06:47]  lr=0.01
2021-08-27 22:38:24,128:INFO: - Train metrics (average): acc_top1: 67.188 ; acc_top5: 98.438 ; loss: 1.011
2021-08-27 22:38:24,454:INFO: - Eval metrics : acc_top1: 51.328 ; acc_top5: 94.746 ; loss: 1.714
2021-08-27 22:38:24,694:INFO: Epoch 12/100  [Need: 00:05:57]  lr=0.01
2021-08-27 22:38:27,966:INFO: - Train metrics (average): acc_top1: 70.312 ; acc_top5: 100.000 ; loss: 0.770
2021-08-27 22:38:28,287:INFO: - Eval metrics : acc_top1: 63.848 ; acc_top5: 96.406 ; loss: 1.132
2021-08-27 22:38:28,858:INFO: - Found new best accuracy on validation set
2021-08-27 22:38:28,858:INFO: Epoch 13/100  [Need: 00:06:06]  lr=0.01
2021-08-27 22:38:32,460:INFO: - Train metrics (average): acc_top1: 71.875 ; acc_top5: 100.000 ; loss: 0.769
2021-08-27 22:38:32,781:INFO: - Eval metrics : acc_top1: 59.219 ; acc_top5: 95.449 ; loss: 1.245
2021-08-27 22:38:33,009:INFO: Epoch 14/100  [Need: 00:06:01]  lr=0.01
2021-08-27 22:38:36,443:INFO: - Train metrics (average): acc_top1: 76.562 ; acc_top5: 96.875 ; loss: 0.772
2021-08-27 22:38:36,766:INFO: - Eval metrics : acc_top1: 67.461 ; acc_top5: 96.230 ; loss: 1.034
2021-08-27 22:38:37,179:INFO: - Found new best accuracy on validation set
2021-08-27 22:38:37,180:INFO: Epoch 15/100  [Need: 00:05:58]  lr=0.01
2021-08-27 22:38:40,552:INFO: - Train metrics (average): acc_top1: 67.188 ; acc_top5: 100.000 ; loss: 0.832
2021-08-27 22:38:40,873:INFO: - Eval metrics : acc_top1: 65.020 ; acc_top5: 96.699 ; loss: 1.137
2021-08-27 22:38:41,091:INFO: Epoch 16/100  [Need: 00:05:32]  lr=0.01
2021-08-27 22:38:44,585:INFO: - Train metrics (average): acc_top1: 85.938 ; acc_top5: 100.000 ; loss: 0.475
2021-08-27 22:38:44,907:INFO: - Eval metrics : acc_top1: 63.379 ; acc_top5: 96.660 ; loss: 1.194
2021-08-27 22:38:45,115:INFO: Epoch 17/100  [Need: 00:05:38]  lr=0.01
2021-08-27 22:38:48,151:INFO: - Train metrics (average): acc_top1: 81.250 ; acc_top5: 98.438 ; loss: 0.650
2021-08-27 22:38:48,473:INFO: - Eval metrics : acc_top1: 67.812 ; acc_top5: 97.695 ; loss: 0.985
2021-08-27 22:38:48,878:INFO: - Found new best accuracy on validation set
2021-08-27 22:38:48,935:INFO: Epoch 18/100  [Need: 00:05:17]  lr=0.01
2021-08-27 22:38:52,442:INFO: - Train metrics (average): acc_top1: 81.250 ; acc_top5: 98.438 ; loss: 0.603
2021-08-27 22:38:52,775:INFO: - Eval metrics : acc_top1: 68.555 ; acc_top5: 97.285 ; loss: 1.022
2021-08-27 22:38:53,161:INFO: - Found new best accuracy on validation set
2021-08-27 22:38:53,224:INFO: Epoch 19/100  [Need: 00:05:51]  lr=0.01
2021-08-27 22:38:56,518:INFO: - Train metrics (average): acc_top1: 81.250 ; acc_top5: 98.438 ; loss: 0.495
2021-08-27 22:38:56,841:INFO: - Eval metrics : acc_top1: 67.324 ; acc_top5: 96.680 ; loss: 1.088
2021-08-27 22:38:57,041:INFO: Epoch 20/100  [Need: 00:05:09]  lr=0.01
2021-08-27 22:39:00,343:INFO: - Train metrics (average): acc_top1: 85.938 ; acc_top5: 100.000 ; loss: 0.479
2021-08-27 22:39:00,669:INFO: - Eval metrics : acc_top1: 63.613 ; acc_top5: 96.680 ; loss: 1.247
2021-08-27 22:39:00,962:INFO: Epoch 21/100  [Need: 00:05:13]  lr=0.01
2021-08-27 22:39:04,491:INFO: - Train metrics (average): acc_top1: 79.688 ; acc_top5: 100.000 ; loss: 0.492
2021-08-27 22:39:04,818:INFO: - Eval metrics : acc_top1: 67.246 ; acc_top5: 97.207 ; loss: 1.089
2021-08-27 22:39:05,365:INFO: Epoch 22/100  [Need: 00:05:47]  lr=0.01
2021-08-27 22:39:08,896:INFO: - Train metrics (average): acc_top1: 79.688 ; acc_top5: 96.875 ; loss: 0.603
2021-08-27 22:39:09,229:INFO: - Eval metrics : acc_top1: 64.727 ; acc_top5: 96.406 ; loss: 1.294
2021-08-27 22:39:09,466:INFO: Epoch 23/100  [Need: 00:05:19]  lr=0.01
2021-08-27 22:39:12,760:INFO: - Train metrics (average): acc_top1: 76.562 ; acc_top5: 100.000 ; loss: 0.654
2021-08-27 22:39:13,082:INFO: - Eval metrics : acc_top1: 70.176 ; acc_top5: 97.207 ; loss: 0.977
2021-08-27 22:39:13,539:INFO: - Found new best accuracy on validation set
2021-08-27 22:39:13,539:INFO: Epoch 24/100  [Need: 00:05:13]  lr=0.01
2021-08-27 22:39:16,863:INFO: - Train metrics (average): acc_top1: 85.938 ; acc_top5: 100.000 ; loss: 0.405
2021-08-27 22:39:17,190:INFO: - Eval metrics : acc_top1: 71.113 ; acc_top5: 97.773 ; loss: 1.018
2021-08-27 22:39:17,612:INFO: - Found new best accuracy on validation set
2021-08-27 22:39:17,612:INFO: Epoch 25/100  [Need: 00:05:09]  lr=0.01
2021-08-27 22:39:20,923:INFO: - Train metrics (average): acc_top1: 89.062 ; acc_top5: 100.000 ; loss: 0.412
2021-08-27 22:39:21,243:INFO: - Eval metrics : acc_top1: 71.738 ; acc_top5: 97.500 ; loss: 0.997
2021-08-27 22:39:23,481:INFO: - Found new best accuracy on validation set
2021-08-27 22:39:23,482:INFO: Epoch 26/100  [Need: 00:07:20]  lr=0.001
2021-08-27 22:39:27,401:INFO: - Train metrics (average): acc_top1: 93.750 ; acc_top5: 100.000 ; loss: 0.190
2021-08-27 22:39:27,609:INFO: - Eval metrics : acc_top1: 75.918 ; acc_top5: 98.047 ; loss: 0.821
2021-08-27 22:39:28,521:INFO: - Found new best accuracy on validation set
2021-08-27 22:39:28,521:INFO: Epoch 27/100  [Need: 00:06:12]  lr=0.001
2021-08-27 22:39:32,427:INFO: - Train metrics (average): acc_top1: 84.375 ; acc_top5: 100.000 ; loss: 0.382
2021-08-27 22:39:32,639:INFO: - Eval metrics : acc_top1: 76.348 ; acc_top5: 97.793 ; loss: 0.836
2021-08-27 22:39:33,221:INFO: - Found new best accuracy on validation set
2021-08-27 22:39:33,222:INFO: Epoch 28/100  [Need: 00:05:43]  lr=0.001
2021-08-27 22:39:36,933:INFO: - Train metrics (average): acc_top1: 93.750 ; acc_top5: 100.000 ; loss: 0.177
2021-08-27 22:39:37,132:INFO: - Eval metrics : acc_top1: 75.977 ; acc_top5: 97.852 ; loss: 0.823
2021-08-27 22:39:37,518:INFO: Epoch 29/100  [Need: 00:05:09]  lr=0.001
2021-08-27 22:39:41,538:INFO: - Train metrics (average): acc_top1: 89.062 ; acc_top5: 98.438 ; loss: 0.394
2021-08-27 22:39:41,836:INFO: - Eval metrics : acc_top1: 76.113 ; acc_top5: 98.340 ; loss: 0.842
2021-08-27 22:39:42,090:INFO: Epoch 30/100  [Need: 00:05:24]  lr=0.001
2021-08-27 22:39:46,139:INFO: - Train metrics (average): acc_top1: 95.312 ; acc_top5: 100.000 ; loss: 0.166
2021-08-27 22:39:46,443:INFO: - Eval metrics : acc_top1: 76.191 ; acc_top5: 98.340 ; loss: 0.850
2021-08-27 22:39:46,779:INFO: Epoch 31/100  [Need: 00:05:28]  lr=0.001
2021-08-27 22:39:50,849:INFO: - Train metrics (average): acc_top1: 98.438 ; acc_top5: 100.000 ; loss: 0.079
2021-08-27 22:39:51,156:INFO: - Eval metrics : acc_top1: 76.367 ; acc_top5: 98.633 ; loss: 0.881
2021-08-27 22:39:51,872:INFO: - Found new best accuracy on validation set
2021-08-27 22:39:51,872:INFO: Epoch 32/100  [Need: 00:05:51]  lr=0.001
2021-08-27 22:39:55,529:INFO: - Train metrics (average): acc_top1: 92.188 ; acc_top5: 100.000 ; loss: 0.271
2021-08-27 22:39:55,797:INFO: - Eval metrics : acc_top1: 76.836 ; acc_top5: 98.438 ; loss: 0.890
2021-08-27 22:39:56,279:INFO: - Found new best accuracy on validation set
2021-08-27 22:39:56,279:INFO: Epoch 33/100  [Need: 00:04:59]  lr=0.001
2021-08-27 22:39:59,823:INFO: - Train metrics (average): acc_top1: 95.312 ; acc_top5: 100.000 ; loss: 0.142
2021-08-27 22:40:00,144:INFO: - Eval metrics : acc_top1: 76.387 ; acc_top5: 98.145 ; loss: 0.896
2021-08-27 22:40:00,334:INFO: Epoch 34/100  [Need: 00:04:31]  lr=0.001
2021-08-27 22:40:03,827:INFO: - Train metrics (average): acc_top1: 95.312 ; acc_top5: 100.000 ; loss: 0.123
2021-08-27 22:40:04,154:INFO: - Eval metrics : acc_top1: 76.484 ; acc_top5: 98.535 ; loss: 0.884
2021-08-27 22:40:04,356:INFO: Epoch 35/100  [Need: 00:04:25]  lr=0.001
2021-08-27 22:40:07,806:INFO: - Train metrics (average): acc_top1: 92.188 ; acc_top5: 100.000 ; loss: 0.174
2021-08-27 22:40:08,081:INFO: - Eval metrics : acc_top1: 77.461 ; acc_top5: 98.047 ; loss: 0.901
2021-08-27 22:40:08,528:INFO: - Found new best accuracy on validation set
2021-08-27 22:40:08,528:INFO: Epoch 36/100  [Need: 00:04:31]  lr=0.001
2021-08-27 22:40:12,072:INFO: - Train metrics (average): acc_top1: 92.188 ; acc_top5: 100.000 ; loss: 0.167
2021-08-27 22:40:12,401:INFO: - Eval metrics : acc_top1: 77.363 ; acc_top5: 98.340 ; loss: 0.906
2021-08-27 22:40:12,591:INFO: Epoch 37/100  [Need: 00:04:20]  lr=0.001
2021-08-27 22:40:16,124:INFO: - Train metrics (average): acc_top1: 96.875 ; acc_top5: 100.000 ; loss: 0.129
2021-08-27 22:40:16,447:INFO: - Eval metrics : acc_top1: 76.445 ; acc_top5: 98.340 ; loss: 0.928
2021-08-27 22:40:16,619:INFO: Epoch 38/100  [Need: 00:04:13]  lr=0.001
2021-08-27 22:40:20,120:INFO: - Train metrics (average): acc_top1: 96.875 ; acc_top5: 100.000 ; loss: 0.103
2021-08-27 22:40:20,450:INFO: - Eval metrics : acc_top1: 77.656 ; acc_top5: 98.145 ; loss: 0.927
2021-08-27 22:40:20,865:INFO: - Found new best accuracy on validation set
2021-08-27 22:40:20,865:INFO: Epoch 39/100  [Need: 00:04:23]  lr=0.001
2021-08-27 22:40:24,401:INFO: - Train metrics (average): acc_top1: 93.750 ; acc_top5: 100.000 ; loss: 0.146
2021-08-27 22:40:24,736:INFO: - Eval metrics : acc_top1: 78.047 ; acc_top5: 98.340 ; loss: 0.948
2021-08-27 22:40:25,137:INFO: - Found new best accuracy on validation set
2021-08-27 22:40:25,137:INFO: Epoch 40/100  [Need: 00:04:20]  lr=0.001
2021-08-27 22:40:28,675:INFO: - Train metrics (average): acc_top1: 100.000 ; acc_top5: 100.000 ; loss: 0.060
2021-08-27 22:40:28,996:INFO: - Eval metrics : acc_top1: 76.484 ; acc_top5: 97.852 ; loss: 0.972
2021-08-27 22:40:29,219:INFO: Epoch 41/100  [Need: 00:04:04]  lr=0.001
2021-08-27 22:40:32,562:INFO: - Train metrics (average): acc_top1: 98.438 ; acc_top5: 100.000 ; loss: 0.076
2021-08-27 22:40:32,882:INFO: - Eval metrics : acc_top1: 76.738 ; acc_top5: 98.438 ; loss: 0.963
2021-08-27 22:40:33,100:INFO: Epoch 42/100  [Need: 00:03:48]  lr=0.001
2021-08-27 22:40:36,593:INFO: - Train metrics (average): acc_top1: 98.438 ; acc_top5: 100.000 ; loss: 0.101
2021-08-27 22:40:36,915:INFO: - Eval metrics : acc_top1: 77.168 ; acc_top5: 98.242 ; loss: 0.982
2021-08-27 22:40:37,315:INFO: Epoch 43/100  [Need: 00:04:04]  lr=0.001
2021-08-27 22:40:40,766:INFO: - Train metrics (average): acc_top1: 96.875 ; acc_top5: 100.000 ; loss: 0.096
2021-08-27 22:40:41,089:INFO: - Eval metrics : acc_top1: 77.070 ; acc_top5: 98.340 ; loss: 0.975
2021-08-27 22:40:41,307:INFO: Epoch 44/100  [Need: 00:03:47]  lr=0.001
2021-08-27 22:40:44,813:INFO: - Train metrics (average): acc_top1: 98.438 ; acc_top5: 100.000 ; loss: 0.074
2021-08-27 22:40:45,135:INFO: - Eval metrics : acc_top1: 76.680 ; acc_top5: 97.949 ; loss: 0.990
2021-08-27 22:40:45,344:INFO: Epoch 45/100  [Need: 00:03:46]  lr=0.001
2021-08-27 22:40:48,826:INFO: - Train metrics (average): acc_top1: 98.438 ; acc_top5: 100.000 ; loss: 0.085
2021-08-27 22:40:49,156:INFO: - Eval metrics : acc_top1: 77.520 ; acc_top5: 98.047 ; loss: 0.979
2021-08-27 22:40:49,434:INFO: Epoch 46/100  [Need: 00:03:44]  lr=0.001
2021-08-27 22:40:52,824:INFO: - Train metrics (average): acc_top1: 100.000 ; acc_top5: 100.000 ; loss: 0.039
2021-08-27 22:40:53,147:INFO: - Eval metrics : acc_top1: 77.422 ; acc_top5: 97.852 ; loss: 0.988
2021-08-27 22:40:53,392:INFO: Epoch 47/100  [Need: 00:03:33]  lr=0.001
2021-08-27 22:40:56,850:INFO: - Train metrics (average): acc_top1: 100.000 ; acc_top5: 100.000 ; loss: 0.052
2021-08-27 22:40:57,172:INFO: - Eval metrics : acc_top1: 77.910 ; acc_top5: 97.852 ; loss: 0.992
2021-08-27 22:40:57,491:INFO: Epoch 48/100  [Need: 00:03:37]  lr=0.001
2021-08-27 22:41:00,830:INFO: - Train metrics (average): acc_top1: 96.875 ; acc_top5: 100.000 ; loss: 0.107
2021-08-27 22:41:01,153:INFO: - Eval metrics : acc_top1: 76.875 ; acc_top5: 97.949 ; loss: 0.990
2021-08-27 22:41:01,363:INFO: Epoch 49/100  [Need: 00:03:21]  lr=0.001
2021-08-27 22:41:04,725:INFO: - Train metrics (average): acc_top1: 93.750 ; acc_top5: 100.000 ; loss: 0.120
2021-08-27 22:41:05,050:INFO: - Eval metrics : acc_top1: 77.715 ; acc_top5: 97.754 ; loss: 1.006
2021-08-27 22:41:05,289:INFO: Epoch 50/100  [Need: 00:03:20]  lr=0.001
2021-08-27 22:41:08,787:INFO: - Train metrics (average): acc_top1: 100.000 ; acc_top5: 100.000 ; loss: 0.051
2021-08-27 22:41:09,108:INFO: - Eval metrics : acc_top1: 77.422 ; acc_top5: 98.047 ; loss: 1.010
2021-08-27 22:41:09,309:INFO: Epoch 51/100  [Need: 00:03:20]  lr=0.0001
2021-08-27 22:41:12,822:INFO: - Train metrics (average): acc_top1: 98.438 ; acc_top5: 100.000 ; loss: 0.065
2021-08-27 22:41:13,143:INFO: - Eval metrics : acc_top1: 78.105 ; acc_top5: 98.145 ; loss: 0.999
2021-08-27 22:41:13,569:INFO: - Found new best accuracy on validation set
2021-08-27 22:41:13,569:INFO: Epoch 52/100  [Need: 00:03:28]  lr=0.0001
2021-08-27 22:41:17,064:INFO: - Train metrics (average): acc_top1: 96.875 ; acc_top5: 100.000 ; loss: 0.113
2021-08-27 22:41:17,393:INFO: - Eval metrics : acc_top1: 77.812 ; acc_top5: 97.949 ; loss: 1.010
2021-08-27 22:41:17,599:INFO: Epoch 53/100  [Need: 00:03:13]  lr=0.0001
2021-08-27 22:41:21,070:INFO: - Train metrics (average): acc_top1: 100.000 ; acc_top5: 100.000 ; loss: 0.045
2021-08-27 22:41:21,390:INFO: - Eval metrics : acc_top1: 77.129 ; acc_top5: 98.145 ; loss: 1.014
2021-08-27 22:41:21,759:INFO: Epoch 54/100  [Need: 00:03:15]  lr=0.0001
2021-08-27 22:41:25,217:INFO: - Train metrics (average): acc_top1: 98.438 ; acc_top5: 100.000 ; loss: 0.039
2021-08-27 22:41:25,537:INFO: - Eval metrics : acc_top1: 77.910 ; acc_top5: 97.754 ; loss: 1.017
2021-08-27 22:41:25,777:INFO: Epoch 55/100  [Need: 00:03:04]  lr=0.0001
2021-08-27 22:41:29,289:INFO: - Train metrics (average): acc_top1: 100.000 ; acc_top5: 100.000 ; loss: 0.055
2021-08-27 22:41:29,617:INFO: - Eval metrics : acc_top1: 77.324 ; acc_top5: 97.852 ; loss: 1.009
2021-08-27 22:41:29,824:INFO: Epoch 56/100  [Need: 00:03:02]  lr=0.0001
2021-08-27 22:41:33,346:INFO: - Train metrics (average): acc_top1: 100.000 ; acc_top5: 100.000 ; loss: 0.026
2021-08-27 22:41:33,668:INFO: - Eval metrics : acc_top1: 77.754 ; acc_top5: 98.145 ; loss: 1.006
2021-08-27 22:41:33,874:INFO: Epoch 57/100  [Need: 00:02:58]  lr=0.0001
2021-08-27 22:41:37,235:INFO: - Train metrics (average): acc_top1: 100.000 ; acc_top5: 100.000 ; loss: 0.039
2021-08-27 22:41:37,567:INFO: - Eval metrics : acc_top1: 77.422 ; acc_top5: 97.656 ; loss: 1.030
2021-08-27 22:41:37,801:INFO: Epoch 58/100  [Need: 00:02:48]  lr=0.0001
2021-08-27 22:41:41,320:INFO: - Train metrics (average): acc_top1: 98.438 ; acc_top5: 100.000 ; loss: 0.070
2021-08-27 22:41:41,645:INFO: - Eval metrics : acc_top1: 77.520 ; acc_top5: 97.852 ; loss: 1.018
2021-08-27 22:41:41,915:INFO: Epoch 59/100  [Need: 00:02:52]  lr=0.0001
2021-08-27 22:41:45,459:INFO: - Train metrics (average): acc_top1: 100.000 ; acc_top5: 100.000 ; loss: 0.040
2021-08-27 22:41:45,792:INFO: - Eval metrics : acc_top1: 77.305 ; acc_top5: 98.047 ; loss: 1.000
2021-08-27 22:41:46,022:INFO: Epoch 60/100  [Need: 00:02:48]  lr=0.0001
2021-08-27 22:41:49,606:INFO: - Train metrics (average): acc_top1: 95.312 ; acc_top5: 100.000 ; loss: 0.161
2021-08-27 22:41:49,930:INFO: - Eval metrics : acc_top1: 77.227 ; acc_top5: 97.656 ; loss: 1.013
2021-08-27 22:41:50,155:INFO: Epoch 61/100  [Need: 00:02:45]  lr=0.0001
2021-08-27 22:41:53,738:INFO: - Train metrics (average): acc_top1: 100.000 ; acc_top5: 100.000 ; loss: 0.034
2021-08-27 22:41:54,065:INFO: - Eval metrics : acc_top1: 77.168 ; acc_top5: 98.047 ; loss: 1.014
2021-08-27 22:41:54,271:INFO: Epoch 62/100  [Need: 00:02:40]  lr=0.0001
2021-08-27 22:41:57,869:INFO: - Train metrics (average): acc_top1: 100.000 ; acc_top5: 100.000 ; loss: 0.026
2021-08-27 22:41:58,069:INFO: - Eval metrics : acc_top1: 77.812 ; acc_top5: 97.461 ; loss: 1.015
2021-08-27 22:41:58,430:INFO: Epoch 63/100  [Need: 00:02:38]  lr=0.0001
2021-08-27 22:42:02,329:INFO: - Train metrics (average): acc_top1: 100.000 ; acc_top5: 100.000 ; loss: 0.036
2021-08-27 22:42:02,532:INFO: - Eval metrics : acc_top1: 77.070 ; acc_top5: 97.949 ; loss: 1.010
2021-08-27 22:42:02,982:INFO: Epoch 64/100  [Need: 00:02:48]  lr=0.0001
2021-08-27 22:42:06,887:INFO: - Train metrics (average): acc_top1: 98.438 ; acc_top5: 100.000 ; loss: 0.091
2021-08-27 22:42:07,106:INFO: - Eval metrics : acc_top1: 77.227 ; acc_top5: 97.656 ; loss: 1.026
2021-08-27 22:42:07,401:INFO: Epoch 65/100  [Need: 00:02:39]  lr=0.0001
2021-08-27 22:42:11,300:INFO: - Train metrics (average): acc_top1: 98.438 ; acc_top5: 100.000 ; loss: 0.044
2021-08-27 22:42:11,504:INFO: - Eval metrics : acc_top1: 77.520 ; acc_top5: 97.656 ; loss: 1.000
2021-08-27 22:42:11,855:INFO: Epoch 66/100  [Need: 00:02:35]  lr=0.0001
2021-08-27 22:42:15,881:INFO: - Train metrics (average): acc_top1: 100.000 ; acc_top5: 100.000 ; loss: 0.035
2021-08-27 22:42:16,153:INFO: - Eval metrics : acc_top1: 76.914 ; acc_top5: 97.754 ; loss: 1.026
2021-08-27 22:42:16,560:INFO: Epoch 67/100  [Need: 00:02:39]  lr=0.0001
2021-08-27 22:42:20,478:INFO: - Train metrics (average): acc_top1: 98.438 ; acc_top5: 100.000 ; loss: 0.050
2021-08-27 22:42:20,692:INFO: - Eval metrics : acc_top1: 77.031 ; acc_top5: 97.656 ; loss: 1.031
2021-08-27 22:42:21,260:INFO: Epoch 68/100  [Need: 00:02:35]  lr=0.0001
2021-08-27 22:42:25,295:INFO: - Train metrics (average): acc_top1: 98.438 ; acc_top5: 100.000 ; loss: 0.056
2021-08-27 22:42:25,606:INFO: - Eval metrics : acc_top1: 77.324 ; acc_top5: 97.656 ; loss: 1.038
2021-08-27 22:42:25,833:INFO: Epoch 69/100  [Need: 00:02:26]  lr=0.0001
2021-08-27 22:42:29,878:INFO: - Train metrics (average): acc_top1: 100.000 ; acc_top5: 100.000 ; loss: 0.029
2021-08-27 22:42:30,180:INFO: - Eval metrics : acc_top1: 77.715 ; acc_top5: 98.145 ; loss: 1.026
2021-08-27 22:42:30,508:INFO: Epoch 70/100  [Need: 00:02:24]  lr=0.0001
2021-08-27 22:42:34,572:INFO: - Train metrics (average): acc_top1: 95.312 ; acc_top5: 100.000 ; loss: 0.112
2021-08-27 22:42:34,870:INFO: - Eval metrics : acc_top1: 77.559 ; acc_top5: 97.754 ; loss: 1.028
2021-08-27 22:42:35,509:INFO: Epoch 71/100  [Need: 00:02:30]  lr=0.0001
2021-08-27 22:42:39,548:INFO: - Train metrics (average): acc_top1: 98.438 ; acc_top5: 100.000 ; loss: 0.046
2021-08-27 22:42:39,850:INFO: - Eval metrics : acc_top1: 77.910 ; acc_top5: 97.754 ; loss: 1.009
2021-08-27 22:42:40,085:INFO: Epoch 72/100  [Need: 00:02:12]  lr=0.0001
2021-08-27 22:42:44,132:INFO: - Train metrics (average): acc_top1: 96.875 ; acc_top5: 100.000 ; loss: 0.070
2021-08-27 22:42:44,436:INFO: - Eval metrics : acc_top1: 77.812 ; acc_top5: 97.656 ; loss: 1.028
2021-08-27 22:42:44,891:INFO: Epoch 73/100  [Need: 00:02:14]  lr=0.0001
2021-08-27 22:42:48,927:INFO: - Train metrics (average): acc_top1: 95.312 ; acc_top5: 100.000 ; loss: 0.104
2021-08-27 22:42:49,233:INFO: - Eval metrics : acc_top1: 77.715 ; acc_top5: 98.047 ; loss: 1.032
2021-08-27 22:42:49,494:INFO: Epoch 74/100  [Need: 00:02:04]  lr=0.0001
2021-08-27 22:42:53,536:INFO: - Train metrics (average): acc_top1: 95.312 ; acc_top5: 100.000 ; loss: 0.117
2021-08-27 22:42:53,813:INFO: - Eval metrics : acc_top1: 77.227 ; acc_top5: 97.754 ; loss: 1.033
2021-08-27 22:42:54,343:INFO: Epoch 75/100  [Need: 00:02:06]  lr=0.0001
2021-08-27 22:42:58,388:INFO: - Train metrics (average): acc_top1: 100.000 ; acc_top5: 100.000 ; loss: 0.029
2021-08-27 22:42:58,690:INFO: - Eval metrics : acc_top1: 77.031 ; acc_top5: 97.949 ; loss: 1.021
2021-08-27 22:42:58,957:INFO: Epoch 76/100  [Need: 00:01:55]  lr=1e-05
2021-08-27 22:43:03,014:INFO: - Train metrics (average): acc_top1: 98.438 ; acc_top5: 100.000 ; loss: 0.041
2021-08-27 22:43:03,328:INFO: - Eval metrics : acc_top1: 77.520 ; acc_top5: 97.656 ; loss: 1.028
2021-08-27 22:43:03,586:INFO: Epoch 77/100  [Need: 00:01:51]  lr=1e-05
2021-08-27 22:43:07,660:INFO: - Train metrics (average): acc_top1: 100.000 ; acc_top5: 100.000 ; loss: 0.032
2021-08-27 22:43:07,949:INFO: - Eval metrics : acc_top1: 77.617 ; acc_top5: 97.754 ; loss: 1.036
2021-08-27 22:43:08,162:INFO: Epoch 78/100  [Need: 00:01:45]  lr=1e-05
2021-08-27 22:43:12,235:INFO: - Train metrics (average): acc_top1: 100.000 ; acc_top5: 100.000 ; loss: 0.021
2021-08-27 22:43:12,533:INFO: - Eval metrics : acc_top1: 77.559 ; acc_top5: 97.852 ; loss: 1.016
2021-08-27 22:43:13,014:INFO: Epoch 79/100  [Need: 00:01:46]  lr=1e-05
2021-08-27 22:43:17,066:INFO: - Train metrics (average): acc_top1: 98.438 ; acc_top5: 100.000 ; loss: 0.039
2021-08-27 22:43:17,373:INFO: - Eval metrics : acc_top1: 77.910 ; acc_top5: 97.559 ; loss: 1.048
2021-08-27 22:43:17,668:INFO: Epoch 80/100  [Need: 00:01:37]  lr=1e-05
2021-08-27 22:43:21,722:INFO: - Train metrics (average): acc_top1: 96.875 ; acc_top5: 100.000 ; loss: 0.081
2021-08-27 22:43:22,027:INFO: - Eval metrics : acc_top1: 77.910 ; acc_top5: 97.559 ; loss: 1.043
2021-08-27 22:43:22,459:INFO: Epoch 81/100  [Need: 00:01:35]  lr=1e-05
2021-08-27 22:43:26,537:INFO: - Train metrics (average): acc_top1: 100.000 ; acc_top5: 100.000 ; loss: 0.025
2021-08-27 22:43:26,833:INFO: - Eval metrics : acc_top1: 77.422 ; acc_top5: 97.754 ; loss: 1.010
2021-08-27 22:43:27,055:INFO: Epoch 82/100  [Need: 00:01:27]  lr=1e-05
2021-08-27 22:43:31,128:INFO: - Train metrics (average): acc_top1: 100.000 ; acc_top5: 100.000 ; loss: 0.036
2021-08-27 22:43:31,432:INFO: - Eval metrics : acc_top1: 77.109 ; acc_top5: 97.949 ; loss: 1.032
2021-08-27 22:43:31,796:INFO: Epoch 83/100  [Need: 00:01:25]  lr=1e-05
2021-08-27 22:43:35,861:INFO: - Train metrics (average): acc_top1: 100.000 ; acc_top5: 100.000 ; loss: 0.033
2021-08-27 22:43:36,140:INFO: - Eval metrics : acc_top1: 77.227 ; acc_top5: 97.852 ; loss: 1.031
2021-08-27 22:43:36,385:INFO: Epoch 84/100  [Need: 00:01:18]  lr=1e-05
2021-08-27 22:43:40,445:INFO: - Train metrics (average): acc_top1: 100.000 ; acc_top5: 100.000 ; loss: 0.046
2021-08-27 22:43:40,754:INFO: - Eval metrics : acc_top1: 77.617 ; acc_top5: 97.949 ; loss: 1.029
2021-08-27 22:43:41,247:INFO: Epoch 85/100  [Need: 00:01:17]  lr=1e-05
2021-08-27 22:43:45,352:INFO: - Train metrics (average): acc_top1: 98.438 ; acc_top5: 100.000 ; loss: 0.103
2021-08-27 22:43:45,637:INFO: - Eval metrics : acc_top1: 76.934 ; acc_top5: 97.852 ; loss: 1.037
2021-08-27 22:43:45,915:INFO: Epoch 86/100  [Need: 00:01:10]  lr=1e-05
2021-08-27 22:43:49,987:INFO: - Train metrics (average): acc_top1: 98.438 ; acc_top5: 100.000 ; loss: 0.053
2021-08-27 22:43:50,282:INFO: - Eval metrics : acc_top1: 76.426 ; acc_top5: 97.949 ; loss: 1.035
2021-08-27 22:43:50,532:INFO: Epoch 87/100  [Need: 00:01:04]  lr=1e-05
2021-08-27 22:43:54,607:INFO: - Train metrics (average): acc_top1: 100.000 ; acc_top5: 100.000 ; loss: 0.047
2021-08-27 22:43:54,900:INFO: - Eval metrics : acc_top1: 77.520 ; acc_top5: 97.852 ; loss: 1.018
2021-08-27 22:43:55,402:INFO: Epoch 88/100  [Need: 00:01:03]  lr=1e-05
2021-08-27 22:43:59,434:INFO: - Train metrics (average): acc_top1: 98.438 ; acc_top5: 100.000 ; loss: 0.050
2021-08-27 22:43:59,739:INFO: - Eval metrics : acc_top1: 77.109 ; acc_top5: 97.852 ; loss: 1.028
2021-08-27 22:44:00,235:INFO: Epoch 89/100  [Need: 00:00:58]  lr=1e-05
2021-08-27 22:44:04,274:INFO: - Train metrics (average): acc_top1: 96.875 ; acc_top5: 100.000 ; loss: 0.127
2021-08-27 22:44:04,581:INFO: - Eval metrics : acc_top1: 77.129 ; acc_top5: 97.754 ; loss: 1.017
2021-08-27 22:44:05,196:INFO: Epoch 90/100  [Need: 00:00:54]  lr=1e-05
2021-08-27 22:44:08,993:INFO: - Train metrics (average): acc_top1: 98.438 ; acc_top5: 100.000 ; loss: 0.056
2021-08-27 22:44:09,298:INFO: - Eval metrics : acc_top1: 77.520 ; acc_top5: 97.949 ; loss: 1.014
2021-08-27 22:44:09,495:INFO: Epoch 91/100  [Need: 00:00:42]  lr=1e-05
2021-08-27 22:44:13,284:INFO: - Train metrics (average): acc_top1: 98.438 ; acc_top5: 100.000 ; loss: 0.109
2021-08-27 22:44:13,609:INFO: - Eval metrics : acc_top1: 77.129 ; acc_top5: 97.852 ; loss: 1.030
2021-08-27 22:44:13,813:INFO: Epoch 92/100  [Need: 00:00:38]  lr=1e-05
2021-08-27 22:44:17,615:INFO: - Train metrics (average): acc_top1: 100.000 ; acc_top5: 100.000 ; loss: 0.028
2021-08-27 22:44:17,920:INFO: - Eval metrics : acc_top1: 77.520 ; acc_top5: 97.656 ; loss: 1.028
2021-08-27 22:44:18,260:INFO: Epoch 93/100  [Need: 00:00:35]  lr=1e-05
2021-08-27 22:44:22,391:INFO: - Train metrics (average): acc_top1: 98.438 ; acc_top5: 100.000 ; loss: 0.031
2021-08-27 22:44:22,656:INFO: - Eval metrics : acc_top1: 77.910 ; acc_top5: 97.656 ; loss: 1.033
2021-08-27 22:44:23,035:INFO: Epoch 94/100  [Need: 00:00:33]  lr=1e-05
2021-08-27 22:44:26,962:INFO: - Train metrics (average): acc_top1: 98.438 ; acc_top5: 100.000 ; loss: 0.043
2021-08-27 22:44:27,193:INFO: - Eval metrics : acc_top1: 76.914 ; acc_top5: 98.047 ; loss: 1.017
2021-08-27 22:44:27,466:INFO: Epoch 95/100  [Need: 00:00:26]  lr=1e-05
2021-08-27 22:44:31,489:INFO: - Train metrics (average): acc_top1: 100.000 ; acc_top5: 100.000 ; loss: 0.035
2021-08-27 22:44:31,764:INFO: - Eval metrics : acc_top1: 76.816 ; acc_top5: 98.145 ; loss: 1.037
2021-08-27 22:44:32,348:INFO: Epoch 96/100  [Need: 00:00:24]  lr=1e-05
2021-08-27 22:44:36,396:INFO: - Train metrics (average): acc_top1: 100.000 ; acc_top5: 100.000 ; loss: 0.031
2021-08-27 22:44:36,675:INFO: - Eval metrics : acc_top1: 77.324 ; acc_top5: 97.656 ; loss: 1.049
2021-08-27 22:44:37,208:INFO: Epoch 97/100  [Need: 00:00:19]  lr=1e-05
2021-08-27 22:44:40,826:INFO: - Train metrics (average): acc_top1: 100.000 ; acc_top5: 100.000 ; loss: 0.036
2021-08-27 22:44:41,153:INFO: - Eval metrics : acc_top1: 77.461 ; acc_top5: 97.656 ; loss: 1.057
2021-08-27 22:44:41,469:INFO: Epoch 98/100  [Need: 00:00:12]  lr=1e-05
2021-08-27 22:44:45,180:INFO: - Train metrics (average): acc_top1: 96.875 ; acc_top5: 100.000 ; loss: 0.069
2021-08-27 22:44:45,504:INFO: - Eval metrics : acc_top1: 77.109 ; acc_top5: 97.754 ; loss: 1.064
2021-08-27 22:44:45,756:INFO: Epoch 99/100  [Need: 00:00:08]  lr=1e-05
2021-08-27 22:44:49,509:INFO: - Train metrics (average): acc_top1: 100.000 ; acc_top5: 100.000 ; loss: 0.022
2021-08-27 22:44:49,839:INFO: - Eval metrics : acc_top1: 77.422 ; acc_top5: 97.754 ; loss: 1.033
2021-08-27 22:44:50,077:INFO: Epoch 100/100  [Need: 00:00:04]  lr=1e-05
2021-08-27 22:44:53,893:INFO: - Train metrics (average): acc_top1: 100.000 ; acc_top5: 100.000 ; loss: 0.035
2021-08-27 22:44:54,207:INFO: - Eval metrics : acc_top1: 77.266 ; acc_top5: 97.949 ; loss: 1.016
