2021-08-28 10:07:47,818:INFO: >>>>>> Starting training model
2021-08-28 10:07:47,826:INFO: Created model 'resnet20'
2021-08-28 10:07:47,888:INFO: Loaded dateset 'mini_cifar100' from './data'
2021-08-28 10:07:47,888:INFO: Entering finetune...
2021-08-28 10:07:47,888:INFO: Training Settings:
2021-08-28 10:07:47,888:INFO: save_dir : ./snapshots/mini_cifar100/resnet20/train/
2021-08-28 10:07:47,888:INFO: epochs : 100
2021-08-28 10:07:47,888:INFO: lr : 0.01
2021-08-28 10:07:47,888:INFO: kd_params : (0.0, 1)
2021-08-28 10:07:47,888:INFO: return_file : True
2021-08-28 10:07:47,888:INFO: kd : False
2021-08-28 10:07:47,889:INFO: Starting training for 100 epoch(s)
2021-08-28 10:07:47,889:INFO: Epoch 1/100  [Need: 00:00:00]  lr=0.01
2021-08-28 10:10:40,875:INFO: >>>>>> Starting training model
2021-08-28 10:10:40,882:INFO: Created model 'resnet20'
2021-08-28 10:10:40,933:INFO: Loaded dateset 'mini_cifar100' from './data'
2021-08-28 10:10:40,933:INFO: Entering finetune...
2021-08-28 10:10:40,933:INFO: Training Settings:
2021-08-28 10:10:40,933:INFO: save_dir : ./snapshots/mini_cifar100/resnet20/train/
2021-08-28 10:10:40,933:INFO: epochs : 100
2021-08-28 10:10:40,933:INFO: lr : 0.01
2021-08-28 10:10:40,933:INFO: kd_params : (0.0, 1)
2021-08-28 10:10:40,933:INFO: return_file : True
2021-08-28 10:10:40,933:INFO: kd : False
2021-08-28 10:10:40,934:INFO: Starting training for 100 epoch(s)
2021-08-28 10:10:40,934:INFO: Epoch 1/100  [Need: 00:00:00]  lr=0.01
2021-08-28 10:10:46,540:INFO: >>>>>> Starting training model
2021-08-28 10:10:46,547:INFO: Created model 'resnet20'
2021-08-28 10:10:46,599:INFO: Loaded dateset 'mini_cifar100' from './data'
2021-08-28 10:10:46,599:INFO: Entering finetune...
2021-08-28 10:10:46,599:INFO: Training Settings:
2021-08-28 10:10:46,599:INFO: save_dir : ./snapshots/mini_cifar100/resnet20/train/
2021-08-28 10:10:46,599:INFO: epochs : 100
2021-08-28 10:10:46,599:INFO: lr : 0.01
2021-08-28 10:10:46,599:INFO: kd_params : (0.0, 1)
2021-08-28 10:10:46,599:INFO: return_file : True
2021-08-28 10:10:46,599:INFO: kd : False
2021-08-28 10:10:46,600:INFO: Starting training for 100 epoch(s)
2021-08-28 10:10:46,600:INFO: Epoch 1/100  [Need: 00:00:00]  lr=0.01
2021-08-28 11:00:50,830:INFO: >>>>>> Starting training model
2021-08-28 11:00:50,837:INFO: Created model 'resnet20'
2021-08-28 11:00:50,886:INFO: Loaded dateset 'mini_cifar100' from './data'
2021-08-28 11:00:50,887:INFO: Entering finetune...
2021-08-28 11:00:50,887:INFO: Training Settings:
2021-08-28 11:00:50,887:INFO: save_dir : ./snapshots/mini_cifar100/resnet20/train/
2021-08-28 11:00:50,887:INFO: epochs : 100
2021-08-28 11:00:50,887:INFO: lr : 0.01
2021-08-28 11:00:50,887:INFO: kd_params : (0.0, 1)
2021-08-28 11:00:50,887:INFO: return_file : True
2021-08-28 11:00:50,887:INFO: kd : False
2021-08-28 11:00:50,887:INFO: Starting training for 100 epoch(s)
2021-08-28 11:00:50,887:INFO: Epoch 1/100  [Need: 00:00:00]  lr=0.01
2021-08-28 11:01:46,238:INFO: >>>>>> Starting training model
2021-08-28 11:01:46,245:INFO: Created model 'resnet20'
2021-08-28 11:01:46,294:INFO: Loaded dateset 'mini_cifar100' from './data'
2021-08-28 11:01:46,294:INFO: Entering finetune...
2021-08-28 11:01:46,294:INFO: Training Settings:
2021-08-28 11:01:46,294:INFO: save_dir : ./snapshots/mini_cifar100/resnet20/train/
2021-08-28 11:01:46,294:INFO: epochs : 100
2021-08-28 11:01:46,294:INFO: lr : 0.01
2021-08-28 11:01:46,294:INFO: kd_params : (0.0, 1)
2021-08-28 11:01:46,295:INFO: return_file : True
2021-08-28 11:01:46,295:INFO: kd : False
2021-08-28 11:01:46,295:INFO: Starting training for 100 epoch(s)
2021-08-28 11:01:46,295:INFO: Epoch 1/100  [Need: 00:00:00]  lr=0.01
2021-08-28 11:02:31,986:INFO: >>>>>> Starting training model
2021-08-28 11:02:31,993:INFO: Created model 'resnet20'
2021-08-28 11:02:32,042:INFO: Loaded dateset 'mini_cifar100' from './data'
2021-08-28 11:02:32,043:INFO: Entering finetune...
2021-08-28 11:02:32,043:INFO: Training Settings:
2021-08-28 11:02:32,043:INFO: save_dir : ./snapshots/mini_cifar100/resnet20/train/
2021-08-28 11:02:32,043:INFO: epochs : 100
2021-08-28 11:02:32,043:INFO: lr : 0.01
2021-08-28 11:02:32,043:INFO: kd_params : (0.0, 1)
2021-08-28 11:02:32,043:INFO: return_file : True
2021-08-28 11:02:32,043:INFO: kd : False
2021-08-28 11:02:33,761:INFO: Starting training for 100 epoch(s)
2021-08-28 11:02:33,761:INFO: Epoch 1/100  [Need: 00:00:00]  lr=0.01
2021-08-28 11:02:36,400:INFO: - Train metrics (average): acc_top1: 3.125 ; acc_top5: 7.812 ; loss: 4.604
2021-08-28 11:02:36,621:INFO: - Eval metrics : acc_top1: 2.344 ; acc_top5: 10.547 ; loss: 4.542
2021-08-28 11:02:36,631:INFO: - Found new best accuracy on validation set
2021-08-28 11:02:36,632:INFO: Epoch 2/100  [Need: 00:04:44]  lr=0.01
2021-08-28 11:02:38,756:INFO: - Train metrics (average): acc_top1: 4.688 ; acc_top5: 17.188 ; loss: 4.491
2021-08-28 11:02:38,982:INFO: - Eval metrics : acc_top1: 4.199 ; acc_top5: 15.840 ; loss: 4.403
2021-08-28 11:02:38,993:INFO: - Found new best accuracy on validation set
2021-08-28 11:02:38,993:INFO: Epoch 3/100  [Need: 00:03:51]  lr=0.01
2021-08-28 11:02:41,098:INFO: - Train metrics (average): acc_top1: 4.688 ; acc_top5: 17.188 ; loss: 4.384
2021-08-28 11:02:41,310:INFO: - Eval metrics : acc_top1: 4.414 ; acc_top5: 19.297 ; loss: 4.293
2021-08-28 11:02:41,321:INFO: - Found new best accuracy on validation set
2021-08-28 11:02:41,322:INFO: Epoch 4/100  [Need: 00:03:45]  lr=0.01
2021-08-28 11:02:43,423:INFO: - Train metrics (average): acc_top1: 3.125 ; acc_top5: 14.062 ; loss: 4.368
2021-08-28 11:02:43,644:INFO: - Eval metrics : acc_top1: 5.977 ; acc_top5: 21.797 ; loss: 4.200
2021-08-28 11:02:43,656:INFO: - Found new best accuracy on validation set
2021-08-28 11:02:43,656:INFO: Epoch 5/100  [Need: 00:03:44]  lr=0.01
2021-08-28 11:02:45,746:INFO: - Train metrics (average): acc_top1: 3.125 ; acc_top5: 17.188 ; loss: 4.320
2021-08-28 11:02:45,940:INFO: - Eval metrics : acc_top1: 7.227 ; acc_top5: 22.910 ; loss: 4.131
2021-08-28 11:02:45,951:INFO: - Found new best accuracy on validation set
2021-08-28 11:02:45,951:INFO: Epoch 6/100  [Need: 00:03:38]  lr=0.01
2021-08-28 11:02:48,056:INFO: - Train metrics (average): acc_top1: 7.812 ; acc_top5: 25.000 ; loss: 4.120
2021-08-28 11:02:48,281:INFO: - Eval metrics : acc_top1: 5.840 ; acc_top5: 25.117 ; loss: 4.078
2021-08-28 11:02:48,291:INFO: Epoch 7/100  [Need: 00:03:39]  lr=0.01
2021-08-28 11:02:50,407:INFO: - Train metrics (average): acc_top1: 9.375 ; acc_top5: 25.000 ; loss: 4.071
2021-08-28 11:02:50,635:INFO: - Eval metrics : acc_top1: 7.871 ; acc_top5: 26.543 ; loss: 4.028
2021-08-28 11:02:50,646:INFO: - Found new best accuracy on validation set
2021-08-28 11:02:50,646:INFO: Epoch 8/100  [Need: 00:03:38]  lr=0.01
2021-08-28 11:02:52,761:INFO: - Train metrics (average): acc_top1: 10.938 ; acc_top5: 28.125 ; loss: 3.943
2021-08-28 11:02:52,972:INFO: - Eval metrics : acc_top1: 6.699 ; acc_top5: 25.684 ; loss: 4.013
2021-08-28 11:02:52,982:INFO: Epoch 9/100  [Need: 00:03:34]  lr=0.01
2021-08-28 11:02:55,094:INFO: - Train metrics (average): acc_top1: 10.938 ; acc_top5: 25.000 ; loss: 3.993
2021-08-28 11:02:55,296:INFO: - Eval metrics : acc_top1: 8.398 ; acc_top5: 29.141 ; loss: 3.914
2021-08-28 11:02:55,307:INFO: - Found new best accuracy on validation set
2021-08-28 11:02:55,308:INFO: Epoch 10/100  [Need: 00:03:31]  lr=0.01
2021-08-28 11:02:57,405:INFO: - Train metrics (average): acc_top1: 15.625 ; acc_top5: 26.562 ; loss: 3.940
2021-08-28 11:02:57,620:INFO: - Eval metrics : acc_top1: 9.453 ; acc_top5: 31.133 ; loss: 3.900
2021-08-28 11:02:57,631:INFO: - Found new best accuracy on validation set
2021-08-28 11:02:57,638:INFO: Epoch 11/100  [Need: 00:03:29]  lr=0.01
2021-08-28 11:02:59,739:INFO: - Train metrics (average): acc_top1: 18.750 ; acc_top5: 43.750 ; loss: 3.513
2021-08-28 11:02:59,955:INFO: - Eval metrics : acc_top1: 9.688 ; acc_top5: 30.625 ; loss: 3.858
2021-08-28 11:02:59,966:INFO: - Found new best accuracy on validation set
2021-08-28 11:02:59,966:INFO: Epoch 12/100  [Need: 00:03:27]  lr=0.01
2021-08-28 11:03:02,062:INFO: - Train metrics (average): acc_top1: 14.062 ; acc_top5: 29.688 ; loss: 3.748
2021-08-28 11:03:02,275:INFO: - Eval metrics : acc_top1: 10.098 ; acc_top5: 29.492 ; loss: 3.852
2021-08-28 11:03:02,286:INFO: - Found new best accuracy on validation set
2021-08-28 11:03:02,286:INFO: Epoch 13/100  [Need: 00:03:24]  lr=0.01
2021-08-28 11:03:04,384:INFO: - Train metrics (average): acc_top1: 9.375 ; acc_top5: 34.375 ; loss: 3.642
2021-08-28 11:03:04,613:INFO: - Eval metrics : acc_top1: 12.441 ; acc_top5: 32.129 ; loss: 3.822
2021-08-28 11:03:04,624:INFO: - Found new best accuracy on validation set
2021-08-28 11:03:04,624:INFO: Epoch 14/100  [Need: 00:03:23]  lr=0.01
2021-08-28 11:03:06,721:INFO: - Train metrics (average): acc_top1: 9.375 ; acc_top5: 39.062 ; loss: 3.574
2021-08-28 11:03:06,942:INFO: - Eval metrics : acc_top1: 10.059 ; acc_top5: 29.824 ; loss: 3.892
2021-08-28 11:03:06,953:INFO: Epoch 15/100  [Need: 00:03:20]  lr=0.01
2021-08-28 11:03:09,076:INFO: - Train metrics (average): acc_top1: 10.938 ; acc_top5: 23.438 ; loss: 3.737
2021-08-28 11:03:09,291:INFO: - Eval metrics : acc_top1: 10.371 ; acc_top5: 32.070 ; loss: 3.817
2021-08-28 11:03:09,301:INFO: Epoch 16/100  [Need: 00:03:19]  lr=0.01
2021-08-28 11:03:11,416:INFO: - Train metrics (average): acc_top1: 10.938 ; acc_top5: 39.062 ; loss: 3.426
2021-08-28 11:03:11,634:INFO: - Eval metrics : acc_top1: 11.836 ; acc_top5: 33.477 ; loss: 3.808
2021-08-28 11:03:11,644:INFO: Epoch 17/100  [Need: 00:03:16]  lr=0.01
2021-08-28 11:03:13,774:INFO: - Train metrics (average): acc_top1: 14.062 ; acc_top5: 35.938 ; loss: 3.684
2021-08-28 11:03:13,994:INFO: - Eval metrics : acc_top1: 11.816 ; acc_top5: 34.863 ; loss: 3.791
2021-08-28 11:03:14,004:INFO: Epoch 18/100  [Need: 00:03:15]  lr=0.01
2021-08-28 11:03:16,123:INFO: - Train metrics (average): acc_top1: 12.500 ; acc_top5: 35.938 ; loss: 3.580
2021-08-28 11:03:16,346:INFO: - Eval metrics : acc_top1: 10.703 ; acc_top5: 32.480 ; loss: 3.855
2021-08-28 11:03:16,356:INFO: Epoch 19/100  [Need: 00:03:12]  lr=0.01
2021-08-28 11:03:18,485:INFO: - Train metrics (average): acc_top1: 21.875 ; acc_top5: 45.312 ; loss: 3.323
2021-08-28 11:03:18,705:INFO: - Eval metrics : acc_top1: 11.953 ; acc_top5: 34.395 ; loss: 3.773
2021-08-28 11:03:18,715:INFO: Epoch 20/100  [Need: 00:03:11]  lr=0.01
2021-08-28 11:03:20,833:INFO: - Train metrics (average): acc_top1: 14.062 ; acc_top5: 42.188 ; loss: 3.498
2021-08-28 11:03:21,059:INFO: - Eval metrics : acc_top1: 13.105 ; acc_top5: 35.762 ; loss: 3.706
2021-08-28 11:03:21,070:INFO: - Found new best accuracy on validation set
2021-08-28 11:03:21,070:INFO: Epoch 21/100  [Need: 00:03:08]  lr=0.01
2021-08-28 11:03:23,169:INFO: - Train metrics (average): acc_top1: 15.625 ; acc_top5: 45.312 ; loss: 3.288
2021-08-28 11:03:23,374:INFO: - Eval metrics : acc_top1: 13.105 ; acc_top5: 36.367 ; loss: 3.698
2021-08-28 11:03:23,385:INFO: - Found new best accuracy on validation set
2021-08-28 11:03:23,385:INFO: Epoch 22/100  [Need: 00:03:02]  lr=0.01
2021-08-28 11:03:25,474:INFO: - Train metrics (average): acc_top1: 21.875 ; acc_top5: 53.125 ; loss: 3.199
2021-08-28 11:03:25,668:INFO: - Eval metrics : acc_top1: 12.578 ; acc_top5: 33.984 ; loss: 3.781
2021-08-28 11:03:25,678:INFO: Epoch 23/100  [Need: 00:02:58]  lr=0.01
2021-08-28 11:03:27,752:INFO: - Train metrics (average): acc_top1: 14.062 ; acc_top5: 45.312 ; loss: 3.319
2021-08-28 11:03:27,955:INFO: - Eval metrics : acc_top1: 14.766 ; acc_top5: 38.555 ; loss: 3.604
2021-08-28 11:03:27,966:INFO: - Found new best accuracy on validation set
2021-08-28 11:03:27,966:INFO: Epoch 24/100  [Need: 00:02:56]  lr=0.01
2021-08-28 11:03:30,064:INFO: - Train metrics (average): acc_top1: 21.875 ; acc_top5: 48.438 ; loss: 3.296
2021-08-28 11:03:30,264:INFO: - Eval metrics : acc_top1: 13.008 ; acc_top5: 38.047 ; loss: 3.706
2021-08-28 11:03:30,275:INFO: Epoch 25/100  [Need: 00:02:55]  lr=0.01
2021-08-28 11:03:32,377:INFO: - Train metrics (average): acc_top1: 17.188 ; acc_top5: 40.625 ; loss: 3.451
2021-08-28 11:03:32,600:INFO: - Eval metrics : acc_top1: 13.145 ; acc_top5: 37.266 ; loss: 3.747
2021-08-28 11:03:32,619:INFO: Epoch 26/100  [Need: 00:02:55]  lr=0.001
2021-08-28 11:03:34,770:INFO: - Train metrics (average): acc_top1: 17.188 ; acc_top5: 51.562 ; loss: 3.289
2021-08-28 11:03:34,999:INFO: - Eval metrics : acc_top1: 15.703 ; acc_top5: 43.867 ; loss: 3.427
2021-08-28 11:03:35,010:INFO: - Found new best accuracy on validation set
2021-08-28 11:03:35,010:INFO: Epoch 27/100  [Need: 00:02:56]  lr=0.001
2021-08-28 11:03:37,121:INFO: - Train metrics (average): acc_top1: 21.875 ; acc_top5: 45.312 ; loss: 3.197
2021-08-28 11:03:37,339:INFO: - Eval metrics : acc_top1: 15.957 ; acc_top5: 44.824 ; loss: 3.392
2021-08-28 11:03:37,350:INFO: - Found new best accuracy on validation set
2021-08-28 11:03:37,350:INFO: Epoch 28/100  [Need: 00:02:50]  lr=0.001
2021-08-28 11:03:39,470:INFO: - Train metrics (average): acc_top1: 31.250 ; acc_top5: 62.500 ; loss: 2.937
2021-08-28 11:03:39,679:INFO: - Eval metrics : acc_top1: 16.504 ; acc_top5: 45.312 ; loss: 3.384
2021-08-28 11:03:39,689:INFO: - Found new best accuracy on validation set
2021-08-28 11:03:39,690:INFO: Epoch 29/100  [Need: 00:02:48]  lr=0.001
2021-08-28 11:03:41,794:INFO: - Train metrics (average): acc_top1: 25.000 ; acc_top5: 54.688 ; loss: 2.985
2021-08-28 11:03:42,015:INFO: - Eval metrics : acc_top1: 16.934 ; acc_top5: 45.703 ; loss: 3.418
2021-08-28 11:03:42,026:INFO: - Found new best accuracy on validation set
2021-08-28 11:03:42,027:INFO: Epoch 30/100  [Need: 00:02:45]  lr=0.001
2021-08-28 11:03:44,136:INFO: - Train metrics (average): acc_top1: 26.562 ; acc_top5: 54.688 ; loss: 2.952
2021-08-28 11:03:44,347:INFO: - Eval metrics : acc_top1: 16.836 ; acc_top5: 45.078 ; loss: 3.389
2021-08-28 11:03:44,358:INFO: Epoch 31/100  [Need: 00:02:43]  lr=0.001
2021-08-28 11:03:46,486:INFO: - Train metrics (average): acc_top1: 28.125 ; acc_top5: 59.375 ; loss: 2.914
2021-08-28 11:03:46,700:INFO: - Eval metrics : acc_top1: 17.031 ; acc_top5: 44.199 ; loss: 3.394
2021-08-28 11:03:46,711:INFO: - Found new best accuracy on validation set
2021-08-28 11:03:46,711:INFO: Epoch 32/100  [Need: 00:02:42]  lr=0.001
2021-08-28 11:03:48,828:INFO: - Train metrics (average): acc_top1: 26.562 ; acc_top5: 53.125 ; loss: 3.051
2021-08-28 11:03:49,070:INFO: - Eval metrics : acc_top1: 17.871 ; acc_top5: 45.781 ; loss: 3.372
2021-08-28 11:03:49,081:INFO: - Found new best accuracy on validation set
2021-08-28 11:03:49,081:INFO: Epoch 33/100  [Need: 00:02:41]  lr=0.001
2021-08-28 11:03:51,192:INFO: - Train metrics (average): acc_top1: 29.688 ; acc_top5: 54.688 ; loss: 3.038
2021-08-28 11:03:51,404:INFO: - Eval metrics : acc_top1: 16.094 ; acc_top5: 45.273 ; loss: 3.400
2021-08-28 11:03:51,414:INFO: Epoch 34/100  [Need: 00:02:36]  lr=0.001
2021-08-28 11:03:53,498:INFO: - Train metrics (average): acc_top1: 28.125 ; acc_top5: 64.062 ; loss: 2.836
2021-08-28 11:03:53,692:INFO: - Eval metrics : acc_top1: 17.266 ; acc_top5: 46.211 ; loss: 3.361
2021-08-28 11:03:53,703:INFO: Epoch 35/100  [Need: 00:02:31]  lr=0.001
2021-08-28 11:03:55,763:INFO: - Train metrics (average): acc_top1: 25.000 ; acc_top5: 57.812 ; loss: 3.141
2021-08-28 11:03:55,945:INFO: - Eval metrics : acc_top1: 17.656 ; acc_top5: 46.406 ; loss: 3.370
2021-08-28 11:03:55,955:INFO: Epoch 36/100  [Need: 00:02:26]  lr=0.001
2021-08-28 11:03:58,042:INFO: - Train metrics (average): acc_top1: 21.875 ; acc_top5: 53.125 ; loss: 3.174
2021-08-28 11:03:58,235:INFO: - Eval metrics : acc_top1: 17.715 ; acc_top5: 45.996 ; loss: 3.361
2021-08-28 11:03:58,245:INFO: Epoch 37/100  [Need: 00:02:26]  lr=0.001
2021-08-28 11:04:00,332:INFO: - Train metrics (average): acc_top1: 34.375 ; acc_top5: 68.750 ; loss: 2.583
2021-08-28 11:04:00,521:INFO: - Eval metrics : acc_top1: 18.164 ; acc_top5: 44.922 ; loss: 3.366
2021-08-28 11:04:00,536:INFO: - Found new best accuracy on validation set
2021-08-28 11:04:00,536:INFO: Epoch 38/100  [Need: 00:02:24]  lr=0.001
2021-08-28 11:04:02,630:INFO: - Train metrics (average): acc_top1: 25.000 ; acc_top5: 59.375 ; loss: 2.904
2021-08-28 11:04:02,808:INFO: - Eval metrics : acc_top1: 16.934 ; acc_top5: 45.840 ; loss: 3.386
2021-08-28 11:04:02,819:INFO: Epoch 39/100  [Need: 00:02:21]  lr=0.001
2021-08-28 11:04:04,894:INFO: - Train metrics (average): acc_top1: 17.188 ; acc_top5: 46.875 ; loss: 3.249
2021-08-28 11:04:05,091:INFO: - Eval metrics : acc_top1: 16.680 ; acc_top5: 45.859 ; loss: 3.352
2021-08-28 11:04:05,101:INFO: Epoch 40/100  [Need: 00:02:19]  lr=0.001
2021-08-28 11:04:07,184:INFO: - Train metrics (average): acc_top1: 31.250 ; acc_top5: 59.375 ; loss: 2.792
2021-08-28 11:04:07,387:INFO: - Eval metrics : acc_top1: 17.910 ; acc_top5: 45.234 ; loss: 3.342
2021-08-28 11:04:07,397:INFO: Epoch 41/100  [Need: 00:02:17]  lr=0.001
2021-08-28 11:04:09,508:INFO: - Train metrics (average): acc_top1: 28.125 ; acc_top5: 67.188 ; loss: 2.743
2021-08-28 11:04:09,721:INFO: - Eval metrics : acc_top1: 18.340 ; acc_top5: 46.152 ; loss: 3.345
2021-08-28 11:04:09,732:INFO: - Found new best accuracy on validation set
2021-08-28 11:04:09,732:INFO: Epoch 42/100  [Need: 00:02:17]  lr=0.001
2021-08-28 11:04:11,823:INFO: - Train metrics (average): acc_top1: 28.125 ; acc_top5: 57.812 ; loss: 2.861
2021-08-28 11:04:12,031:INFO: - Eval metrics : acc_top1: 18.105 ; acc_top5: 46.289 ; loss: 3.366
2021-08-28 11:04:12,041:INFO: Epoch 43/100  [Need: 00:02:13]  lr=0.001
2021-08-28 11:04:14,137:INFO: - Train metrics (average): acc_top1: 18.750 ; acc_top5: 56.250 ; loss: 3.110
2021-08-28 11:04:14,364:INFO: - Eval metrics : acc_top1: 18.047 ; acc_top5: 46.484 ; loss: 3.359
2021-08-28 11:04:14,376:INFO: Epoch 44/100  [Need: 00:02:13]  lr=0.001
2021-08-28 11:04:16,496:INFO: - Train metrics (average): acc_top1: 15.625 ; acc_top5: 42.188 ; loss: 3.137
2021-08-28 11:04:16,734:INFO: - Eval metrics : acc_top1: 18.301 ; acc_top5: 46.387 ; loss: 3.345
2021-08-28 11:04:16,745:INFO: Epoch 45/100  [Need: 00:02:12]  lr=0.001
2021-08-28 11:04:18,865:INFO: - Train metrics (average): acc_top1: 39.062 ; acc_top5: 59.375 ; loss: 2.736
2021-08-28 11:04:19,066:INFO: - Eval metrics : acc_top1: 18.301 ; acc_top5: 45.723 ; loss: 3.345
2021-08-28 11:04:19,076:INFO: Epoch 46/100  [Need: 00:02:08]  lr=0.001
2021-08-28 11:04:21,183:INFO: - Train metrics (average): acc_top1: 34.375 ; acc_top5: 71.875 ; loss: 2.649
2021-08-28 11:04:21,380:INFO: - Eval metrics : acc_top1: 18.047 ; acc_top5: 46.797 ; loss: 3.352
2021-08-28 11:04:21,391:INFO: Epoch 47/100  [Need: 00:02:04]  lr=0.001
2021-08-28 11:04:23,497:INFO: - Train metrics (average): acc_top1: 37.500 ; acc_top5: 60.938 ; loss: 2.646
2021-08-28 11:04:23,705:INFO: - Eval metrics : acc_top1: 18.984 ; acc_top5: 47.500 ; loss: 3.321
2021-08-28 11:04:23,716:INFO: - Found new best accuracy on validation set
2021-08-28 11:04:23,716:INFO: Epoch 48/100  [Need: 00:02:03]  lr=0.001
2021-08-28 11:04:25,824:INFO: - Train metrics (average): acc_top1: 15.625 ; acc_top5: 53.125 ; loss: 3.102
2021-08-28 11:04:26,042:INFO: - Eval metrics : acc_top1: 18.496 ; acc_top5: 48.145 ; loss: 3.346
2021-08-28 11:04:26,052:INFO: Epoch 49/100  [Need: 00:02:01]  lr=0.001
2021-08-28 11:04:28,173:INFO: - Train metrics (average): acc_top1: 25.000 ; acc_top5: 62.500 ; loss: 2.731
2021-08-28 11:04:28,406:INFO: - Eval metrics : acc_top1: 18.398 ; acc_top5: 48.457 ; loss: 3.309
2021-08-28 11:04:28,416:INFO: Epoch 50/100  [Need: 00:02:00]  lr=0.001
2021-08-28 11:04:30,531:INFO: - Train metrics (average): acc_top1: 28.125 ; acc_top5: 57.812 ; loss: 2.806
2021-08-28 11:04:30,763:INFO: - Eval metrics : acc_top1: 18.008 ; acc_top5: 47.324 ; loss: 3.317
2021-08-28 11:04:30,773:INFO: Epoch 51/100  [Need: 00:01:57]  lr=0.0001
2021-08-28 11:04:32,882:INFO: - Train metrics (average): acc_top1: 29.688 ; acc_top5: 57.812 ; loss: 2.835
2021-08-28 11:04:33,103:INFO: - Eval metrics : acc_top1: 18.105 ; acc_top5: 48.496 ; loss: 3.306
2021-08-28 11:04:33,113:INFO: Epoch 52/100  [Need: 00:01:54]  lr=0.0001
2021-08-28 11:04:35,215:INFO: - Train metrics (average): acc_top1: 25.000 ; acc_top5: 50.000 ; loss: 2.970
2021-08-28 11:04:35,423:INFO: - Eval metrics : acc_top1: 18.398 ; acc_top5: 47.422 ; loss: 3.309
2021-08-28 11:04:35,433:INFO: Epoch 53/100  [Need: 00:01:51]  lr=0.0001
2021-08-28 11:04:37,535:INFO: - Train metrics (average): acc_top1: 17.188 ; acc_top5: 46.875 ; loss: 3.191
2021-08-28 11:04:37,743:INFO: - Eval metrics : acc_top1: 18.789 ; acc_top5: 48.008 ; loss: 3.311
2021-08-28 11:04:37,758:INFO: Epoch 54/100  [Need: 00:01:49]  lr=0.0001
2021-08-28 11:04:39,894:INFO: - Train metrics (average): acc_top1: 29.688 ; acc_top5: 54.688 ; loss: 2.854
2021-08-28 11:04:40,115:INFO: - Eval metrics : acc_top1: 18.691 ; acc_top5: 48.359 ; loss: 3.308
2021-08-28 11:04:40,125:INFO: Epoch 55/100  [Need: 00:01:48]  lr=0.0001
2021-08-28 11:04:42,241:INFO: - Train metrics (average): acc_top1: 26.562 ; acc_top5: 62.500 ; loss: 2.794
2021-08-28 11:04:42,468:INFO: - Eval metrics : acc_top1: 19.180 ; acc_top5: 48.535 ; loss: 3.304
2021-08-28 11:04:42,478:INFO: - Found new best accuracy on validation set
2021-08-28 11:04:42,488:INFO: Epoch 56/100  [Need: 00:01:46]  lr=0.0001
2021-08-28 11:04:44,602:INFO: - Train metrics (average): acc_top1: 31.250 ; acc_top5: 59.375 ; loss: 2.768
2021-08-28 11:04:44,820:INFO: - Eval metrics : acc_top1: 18.594 ; acc_top5: 48.047 ; loss: 3.316
2021-08-28 11:04:44,831:INFO: Epoch 57/100  [Need: 00:01:43]  lr=0.0001
2021-08-28 11:04:46,962:INFO: - Train metrics (average): acc_top1: 25.000 ; acc_top5: 53.125 ; loss: 2.779
2021-08-28 11:04:47,176:INFO: - Eval metrics : acc_top1: 18.887 ; acc_top5: 47.852 ; loss: 3.309
2021-08-28 11:04:47,189:INFO: Epoch 58/100  [Need: 00:01:41]  lr=0.0001
2021-08-28 11:04:49,309:INFO: - Train metrics (average): acc_top1: 29.688 ; acc_top5: 60.938 ; loss: 2.804
2021-08-28 11:04:49,510:INFO: - Eval metrics : acc_top1: 18.496 ; acc_top5: 47.773 ; loss: 3.315
2021-08-28 11:04:49,521:INFO: Epoch 59/100  [Need: 00:01:37]  lr=0.0001
2021-08-28 11:04:51,626:INFO: - Train metrics (average): acc_top1: 29.688 ; acc_top5: 60.938 ; loss: 2.824
2021-08-28 11:04:51,834:INFO: - Eval metrics : acc_top1: 18.887 ; acc_top5: 49.395 ; loss: 3.295
2021-08-28 11:04:51,849:INFO: Epoch 60/100  [Need: 00:01:35]  lr=0.0001
2021-08-28 11:04:53,963:INFO: - Train metrics (average): acc_top1: 29.688 ; acc_top5: 57.812 ; loss: 2.884
2021-08-28 11:04:54,199:INFO: - Eval metrics : acc_top1: 19.180 ; acc_top5: 48.652 ; loss: 3.322
2021-08-28 11:04:54,210:INFO: - Found new best accuracy on validation set
2021-08-28 11:04:54,218:INFO: Epoch 61/100  [Need: 00:01:34]  lr=0.0001
2021-08-28 11:04:56,339:INFO: - Train metrics (average): acc_top1: 31.250 ; acc_top5: 65.625 ; loss: 2.629
2021-08-28 11:04:56,537:INFO: - Eval metrics : acc_top1: 18.105 ; acc_top5: 48.281 ; loss: 3.301
2021-08-28 11:04:56,547:INFO: Epoch 62/100  [Need: 00:01:30]  lr=0.0001
2021-08-28 11:04:58,659:INFO: - Train metrics (average): acc_top1: 29.688 ; acc_top5: 75.000 ; loss: 2.591
2021-08-28 11:04:58,870:INFO: - Eval metrics : acc_top1: 18.887 ; acc_top5: 48.262 ; loss: 3.311
2021-08-28 11:04:58,881:INFO: Epoch 63/100  [Need: 00:01:28]  lr=0.0001
2021-08-28 11:05:01,000:INFO: - Train metrics (average): acc_top1: 25.000 ; acc_top5: 54.688 ; loss: 3.001
2021-08-28 11:05:01,198:INFO: - Eval metrics : acc_top1: 19.668 ; acc_top5: 48.613 ; loss: 3.298
2021-08-28 11:05:01,209:INFO: - Found new best accuracy on validation set
2021-08-28 11:05:01,209:INFO: Epoch 64/100  [Need: 00:01:26]  lr=0.0001
2021-08-28 11:05:03,316:INFO: - Train metrics (average): acc_top1: 34.375 ; acc_top5: 65.625 ; loss: 2.698
2021-08-28 11:05:03,530:INFO: - Eval metrics : acc_top1: 18.984 ; acc_top5: 48.516 ; loss: 3.310
2021-08-28 11:05:03,540:INFO: Epoch 65/100  [Need: 00:01:23]  lr=0.0001
2021-08-28 11:05:05,659:INFO: - Train metrics (average): acc_top1: 32.812 ; acc_top5: 60.938 ; loss: 2.858
2021-08-28 11:05:05,873:INFO: - Eval metrics : acc_top1: 19.082 ; acc_top5: 49.219 ; loss: 3.310
2021-08-28 11:05:05,884:INFO: Epoch 66/100  [Need: 00:01:22]  lr=0.0001
2021-08-28 11:05:07,979:INFO: - Train metrics (average): acc_top1: 28.125 ; acc_top5: 67.188 ; loss: 2.584
2021-08-28 11:05:08,195:INFO: - Eval metrics : acc_top1: 18.203 ; acc_top5: 48.301 ; loss: 3.306
2021-08-28 11:05:08,205:INFO: Epoch 67/100  [Need: 00:01:18]  lr=0.0001
2021-08-28 11:05:10,313:INFO: - Train metrics (average): acc_top1: 39.062 ; acc_top5: 75.000 ; loss: 2.500
2021-08-28 11:05:10,518:INFO: - Eval metrics : acc_top1: 19.668 ; acc_top5: 48.047 ; loss: 3.316
2021-08-28 11:05:10,529:INFO: - Found new best accuracy on validation set
2021-08-28 11:05:10,529:INFO: Epoch 68/100  [Need: 00:01:16]  lr=0.0001
2021-08-28 11:05:12,636:INFO: - Train metrics (average): acc_top1: 37.500 ; acc_top5: 70.312 ; loss: 2.608
2021-08-28 11:05:12,876:INFO: - Eval metrics : acc_top1: 18.984 ; acc_top5: 48.203 ; loss: 3.297
2021-08-28 11:05:12,886:INFO: Epoch 69/100  [Need: 00:01:15]  lr=0.0001
2021-08-28 11:05:14,991:INFO: - Train metrics (average): acc_top1: 26.562 ; acc_top5: 53.125 ; loss: 2.722
2021-08-28 11:05:15,210:INFO: - Eval metrics : acc_top1: 18.496 ; acc_top5: 48.691 ; loss: 3.298
2021-08-28 11:05:15,220:INFO: Epoch 70/100  [Need: 00:01:12]  lr=0.0001
2021-08-28 11:05:17,330:INFO: - Train metrics (average): acc_top1: 28.125 ; acc_top5: 56.250 ; loss: 2.887
2021-08-28 11:05:17,538:INFO: - Eval metrics : acc_top1: 19.277 ; acc_top5: 48.105 ; loss: 3.313
2021-08-28 11:05:17,548:INFO: Epoch 71/100  [Need: 00:01:09]  lr=0.0001
2021-08-28 11:05:19,660:INFO: - Train metrics (average): acc_top1: 28.125 ; acc_top5: 64.062 ; loss: 2.700
2021-08-28 11:05:19,867:INFO: - Eval metrics : acc_top1: 18.008 ; acc_top5: 49.434 ; loss: 3.299
2021-08-28 11:05:19,877:INFO: Epoch 72/100  [Need: 00:01:07]  lr=0.0001
2021-08-28 11:05:21,975:INFO: - Train metrics (average): acc_top1: 32.812 ; acc_top5: 73.438 ; loss: 2.510
2021-08-28 11:05:22,178:INFO: - Eval metrics : acc_top1: 19.277 ; acc_top5: 48.359 ; loss: 3.292
2021-08-28 11:05:22,188:INFO: Epoch 73/100  [Need: 00:01:04]  lr=0.0001
2021-08-28 11:05:24,299:INFO: - Train metrics (average): acc_top1: 37.500 ; acc_top5: 56.250 ; loss: 2.699
2021-08-28 11:05:24,519:INFO: - Eval metrics : acc_top1: 18.496 ; acc_top5: 49.434 ; loss: 3.295
2021-08-28 11:05:24,529:INFO: Epoch 74/100  [Need: 00:01:03]  lr=0.0001
2021-08-28 11:05:26,633:INFO: - Train metrics (average): acc_top1: 28.125 ; acc_top5: 50.000 ; loss: 3.074
2021-08-28 11:05:26,853:INFO: - Eval metrics : acc_top1: 17.910 ; acc_top5: 48.496 ; loss: 3.296
2021-08-28 11:05:26,863:INFO: Epoch 75/100  [Need: 00:01:00]  lr=0.0001
2021-08-28 11:05:28,975:INFO: - Train metrics (average): acc_top1: 32.812 ; acc_top5: 68.750 ; loss: 2.612
2021-08-28 11:05:29,177:INFO: - Eval metrics : acc_top1: 18.691 ; acc_top5: 49.121 ; loss: 3.295
2021-08-28 11:05:29,187:INFO: Epoch 76/100  [Need: 00:00:58]  lr=1e-05
2021-08-28 11:05:31,297:INFO: - Train metrics (average): acc_top1: 39.062 ; acc_top5: 71.875 ; loss: 2.557
2021-08-28 11:05:31,523:INFO: - Eval metrics : acc_top1: 18.203 ; acc_top5: 49.375 ; loss: 3.304
2021-08-28 11:05:31,533:INFO: Epoch 77/100  [Need: 00:00:56]  lr=1e-05
2021-08-28 11:05:33,654:INFO: - Train metrics (average): acc_top1: 35.938 ; acc_top5: 65.625 ; loss: 2.448
2021-08-28 11:05:33,881:INFO: - Eval metrics : acc_top1: 18.789 ; acc_top5: 49.141 ; loss: 3.308
2021-08-28 11:05:33,891:INFO: Epoch 78/100  [Need: 00:00:54]  lr=1e-05
2021-08-28 11:05:36,113:INFO: - Train metrics (average): acc_top1: 28.125 ; acc_top5: 65.625 ; loss: 2.713
2021-08-28 11:05:36,332:INFO: - Eval metrics : acc_top1: 18.984 ; acc_top5: 48.438 ; loss: 3.307
2021-08-28 11:05:36,341:INFO: Epoch 79/100  [Need: 00:00:53]  lr=1e-05
2021-08-28 11:05:38,474:INFO: - Train metrics (average): acc_top1: 26.562 ; acc_top5: 62.500 ; loss: 2.738
2021-08-28 11:05:38,693:INFO: - Eval metrics : acc_top1: 18.691 ; acc_top5: 49.531 ; loss: 3.303
2021-08-28 11:05:38,706:INFO: Epoch 80/100  [Need: 00:00:49]  lr=1e-05
2021-08-28 11:05:40,825:INFO: - Train metrics (average): acc_top1: 21.875 ; acc_top5: 64.062 ; loss: 2.814
2021-08-28 11:05:41,041:INFO: - Eval metrics : acc_top1: 19.375 ; acc_top5: 48.496 ; loss: 3.311
2021-08-28 11:05:41,052:INFO: Epoch 81/100  [Need: 00:00:46]  lr=1e-05
2021-08-28 11:05:43,178:INFO: - Train metrics (average): acc_top1: 18.750 ; acc_top5: 59.375 ; loss: 2.937
2021-08-28 11:05:43,397:INFO: - Eval metrics : acc_top1: 19.082 ; acc_top5: 49.004 ; loss: 3.303
2021-08-28 11:05:43,407:INFO: Epoch 82/100  [Need: 00:00:44]  lr=1e-05
2021-08-28 11:05:45,531:INFO: - Train metrics (average): acc_top1: 29.688 ; acc_top5: 62.500 ; loss: 2.845
2021-08-28 11:05:45,756:INFO: - Eval metrics : acc_top1: 19.473 ; acc_top5: 48.828 ; loss: 3.299
2021-08-28 11:05:45,766:INFO: Epoch 83/100  [Need: 00:00:42]  lr=1e-05
2021-08-28 11:05:47,881:INFO: - Train metrics (average): acc_top1: 14.062 ; acc_top5: 50.000 ; loss: 3.151
2021-08-28 11:05:48,100:INFO: - Eval metrics : acc_top1: 19.082 ; acc_top5: 48.301 ; loss: 3.305
2021-08-28 11:05:48,110:INFO: Epoch 84/100  [Need: 00:00:39]  lr=1e-05
2021-08-28 11:05:50,234:INFO: - Train metrics (average): acc_top1: 29.688 ; acc_top5: 68.750 ; loss: 2.627
2021-08-28 11:05:50,480:INFO: - Eval metrics : acc_top1: 18.984 ; acc_top5: 48.945 ; loss: 3.304
2021-08-28 11:05:50,490:INFO: Epoch 85/100  [Need: 00:00:38]  lr=1e-05
2021-08-28 11:05:52,602:INFO: - Train metrics (average): acc_top1: 35.938 ; acc_top5: 71.875 ; loss: 2.541
2021-08-28 11:05:52,804:INFO: - Eval metrics : acc_top1: 18.887 ; acc_top5: 48.730 ; loss: 3.302
2021-08-28 11:05:52,814:INFO: Epoch 86/100  [Need: 00:00:34]  lr=1e-05
2021-08-28 11:05:54,921:INFO: - Train metrics (average): acc_top1: 26.562 ; acc_top5: 50.000 ; loss: 2.994
2021-08-28 11:05:55,131:INFO: - Eval metrics : acc_top1: 18.008 ; acc_top5: 48.105 ; loss: 3.307
2021-08-28 11:05:55,141:INFO: Epoch 87/100  [Need: 00:00:32]  lr=1e-05
2021-08-28 11:05:57,243:INFO: - Train metrics (average): acc_top1: 31.250 ; acc_top5: 70.312 ; loss: 2.645
2021-08-28 11:05:57,460:INFO: - Eval metrics : acc_top1: 18.301 ; acc_top5: 48.691 ; loss: 3.301
2021-08-28 11:05:57,470:INFO: Epoch 88/100  [Need: 00:00:30]  lr=1e-05
2021-08-28 11:05:59,598:INFO: - Train metrics (average): acc_top1: 31.250 ; acc_top5: 59.375 ; loss: 2.767
2021-08-28 11:05:59,808:INFO: - Eval metrics : acc_top1: 18.398 ; acc_top5: 49.824 ; loss: 3.295
2021-08-28 11:05:59,819:INFO: Epoch 89/100  [Need: 00:00:28]  lr=1e-05
2021-08-28 11:06:01,933:INFO: - Train metrics (average): acc_top1: 15.625 ; acc_top5: 50.000 ; loss: 2.963
2021-08-28 11:06:02,138:INFO: - Eval metrics : acc_top1: 18.496 ; acc_top5: 48.926 ; loss: 3.295
2021-08-28 11:06:02,148:INFO: Epoch 90/100  [Need: 00:00:25]  lr=1e-05
2021-08-28 11:06:04,247:INFO: - Train metrics (average): acc_top1: 35.938 ; acc_top5: 65.625 ; loss: 2.614
2021-08-28 11:06:04,459:INFO: - Eval metrics : acc_top1: 18.789 ; acc_top5: 48.770 ; loss: 3.304
2021-08-28 11:06:04,469:INFO: Epoch 91/100  [Need: 00:00:23]  lr=1e-05
2021-08-28 11:06:06,592:INFO: - Train metrics (average): acc_top1: 32.812 ; acc_top5: 67.188 ; loss: 2.497
2021-08-28 11:06:06,817:INFO: - Eval metrics : acc_top1: 18.887 ; acc_top5: 48.691 ; loss: 3.308
2021-08-28 11:06:06,827:INFO: Epoch 92/100  [Need: 00:00:21]  lr=1e-05
2021-08-28 11:06:08,936:INFO: - Train metrics (average): acc_top1: 29.688 ; acc_top5: 60.938 ; loss: 2.846
2021-08-28 11:06:09,165:INFO: - Eval metrics : acc_top1: 18.691 ; acc_top5: 48.340 ; loss: 3.301
2021-08-28 11:06:09,175:INFO: Epoch 93/100  [Need: 00:00:18]  lr=1e-05
2021-08-28 11:06:11,295:INFO: - Train metrics (average): acc_top1: 31.250 ; acc_top5: 51.562 ; loss: 2.994
2021-08-28 11:06:11,518:INFO: - Eval metrics : acc_top1: 19.082 ; acc_top5: 50.078 ; loss: 3.306
2021-08-28 11:06:11,528:INFO: Epoch 94/100  [Need: 00:00:16]  lr=1e-05
2021-08-28 11:06:13,640:INFO: - Train metrics (average): acc_top1: 43.750 ; acc_top5: 68.750 ; loss: 2.535
2021-08-28 11:06:13,842:INFO: - Eval metrics : acc_top1: 19.473 ; acc_top5: 48.848 ; loss: 3.303
2021-08-28 11:06:13,852:INFO: Epoch 95/100  [Need: 00:00:13]  lr=1e-05
2021-08-28 11:06:15,947:INFO: - Train metrics (average): acc_top1: 31.250 ; acc_top5: 64.062 ; loss: 2.791
2021-08-28 11:06:16,142:INFO: - Eval metrics : acc_top1: 18.789 ; acc_top5: 49.297 ; loss: 3.299
2021-08-28 11:06:16,152:INFO: Epoch 96/100  [Need: 00:00:11]  lr=1e-05
2021-08-28 11:06:18,245:INFO: - Train metrics (average): acc_top1: 25.000 ; acc_top5: 60.938 ; loss: 2.801
2021-08-28 11:06:18,449:INFO: - Eval metrics : acc_top1: 19.180 ; acc_top5: 48.730 ; loss: 3.302
2021-08-28 11:06:18,459:INFO: Epoch 97/100  [Need: 00:00:09]  lr=1e-05
2021-08-28 11:06:20,553:INFO: - Train metrics (average): acc_top1: 21.875 ; acc_top5: 53.125 ; loss: 3.023
2021-08-28 11:06:20,765:INFO: - Eval metrics : acc_top1: 19.082 ; acc_top5: 49.141 ; loss: 3.296
2021-08-28 11:06:20,775:INFO: Epoch 98/100  [Need: 00:00:06]  lr=1e-05
2021-08-28 11:06:22,873:INFO: - Train metrics (average): acc_top1: 35.938 ; acc_top5: 65.625 ; loss: 2.548
2021-08-28 11:06:23,064:INFO: - Eval metrics : acc_top1: 19.375 ; acc_top5: 48.965 ; loss: 3.302
2021-08-28 11:06:23,074:INFO: Epoch 99/100  [Need: 00:00:04]  lr=1e-05
2021-08-28 11:06:25,157:INFO: - Train metrics (average): acc_top1: 32.812 ; acc_top5: 59.375 ; loss: 2.755
2021-08-28 11:06:25,332:INFO: - Eval metrics : acc_top1: 19.277 ; acc_top5: 48.945 ; loss: 3.310
2021-08-28 11:06:25,343:INFO: Epoch 100/100  [Need: 00:00:02]  lr=1e-05
2021-08-28 11:06:27,410:INFO: - Train metrics (average): acc_top1: 25.000 ; acc_top5: 64.062 ; loss: 2.722
2021-08-28 11:06:27,589:INFO: - Eval metrics : acc_top1: 18.203 ; acc_top5: 48.789 ; loss: 3.307
