2021-08-27 22:19:08,011:INFO: >>>>>> Starting training model
2021-08-27 22:19:08,089:INFO: Created model 'vgg13'
2021-08-27 22:37:31,696:INFO: >>>>>> Starting training model
2021-08-27 22:37:31,774:INFO: Created model 'vgg13'
2021-08-27 22:37:31,827:INFO: Loaded dateset 'mini_cifar100' from './data'
2021-08-27 22:37:31,827:INFO: Entering finetune...
2021-08-27 22:37:31,827:INFO: Training Settings:
2021-08-27 22:37:31,827:INFO: save_dir : ./snapshots/mini_cifar100/vgg13/train/
2021-08-27 22:37:31,827:INFO: epochs : 100
2021-08-27 22:37:31,827:INFO: lr : 0.01
2021-08-27 22:37:31,827:INFO: kd_params : (0.0, 1)
2021-08-27 22:37:31,827:INFO: return_file : True
2021-08-27 22:37:31,827:INFO: kd : False
2021-08-27 22:37:33,528:INFO: Starting training for 100 epoch(s)
2021-08-27 22:37:33,528:INFO: Epoch 1/100  [Need: 00:00:00]  lr=0.01
2021-08-27 22:37:37,997:INFO: - Train metrics (average): acc_top1: 1.562 ; acc_top5: 6.250 ; loss: 4.666
2021-08-27 22:37:38,263:INFO: - Eval metrics : acc_top1: 5.039 ; acc_top5: 19.883 ; loss: 4.295
2021-08-27 22:37:38,314:INFO: - Found new best accuracy on validation set
2021-08-27 22:37:38,314:INFO: Epoch 2/100  [Need: 00:07:53]  lr=0.01
2021-08-27 22:37:42,274:INFO: - Train metrics (average): acc_top1: 4.688 ; acc_top5: 18.750 ; loss: 4.109
2021-08-27 22:37:42,535:INFO: - Eval metrics : acc_top1: 7.227 ; acc_top5: 28.516 ; loss: 4.107
2021-08-27 22:37:43,401:INFO: - Found new best accuracy on validation set
2021-08-27 22:37:43,402:INFO: Epoch 3/100  [Need: 00:08:18]  lr=0.01
2021-08-27 22:37:47,397:INFO: - Train metrics (average): acc_top1: 14.062 ; acc_top5: 46.875 ; loss: 3.613
2021-08-27 22:37:47,703:INFO: - Eval metrics : acc_top1: 10.684 ; acc_top5: 31.133 ; loss: 3.934
2021-08-27 22:37:48,275:INFO: - Found new best accuracy on validation set
2021-08-27 22:37:48,276:INFO: Epoch 4/100  [Need: 00:07:52]  lr=0.01
2021-08-27 22:37:52,214:INFO: - Train metrics (average): acc_top1: 14.062 ; acc_top5: 29.688 ; loss: 3.777
2021-08-27 22:37:52,453:INFO: - Eval metrics : acc_top1: 11.934 ; acc_top5: 32.246 ; loss: 3.854
2021-08-27 22:37:53,385:INFO: - Found new best accuracy on validation set
2021-08-27 22:37:53,386:INFO: Epoch 5/100  [Need: 00:08:10]  lr=0.01
2021-08-27 22:37:57,416:INFO: - Train metrics (average): acc_top1: 15.625 ; acc_top5: 51.562 ; loss: 3.392
2021-08-27 22:37:57,719:INFO: - Eval metrics : acc_top1: 12.461 ; acc_top5: 35.977 ; loss: 3.878
2021-08-27 22:37:58,502:INFO: - Found new best accuracy on validation set
2021-08-27 22:37:58,503:INFO: Epoch 6/100  [Need: 00:08:06]  lr=0.01
2021-08-27 22:38:02,428:INFO: - Train metrics (average): acc_top1: 23.438 ; acc_top5: 46.875 ; loss: 3.164
2021-08-27 22:38:02,651:INFO: - Eval metrics : acc_top1: 14.492 ; acc_top5: 37.344 ; loss: 3.690
2021-08-27 22:38:03,239:INFO: - Found new best accuracy on validation set
2021-08-27 22:38:03,239:INFO: Epoch 7/100  [Need: 00:07:25]  lr=0.01
2021-08-27 22:38:07,134:INFO: - Train metrics (average): acc_top1: 18.750 ; acc_top5: 43.750 ; loss: 3.340
2021-08-27 22:38:07,341:INFO: - Eval metrics : acc_top1: 15.078 ; acc_top5: 41.543 ; loss: 3.591
2021-08-27 22:38:07,932:INFO: - Found new best accuracy on validation set
2021-08-27 22:38:07,933:INFO: Epoch 8/100  [Need: 00:07:16]  lr=0.01
2021-08-27 22:38:11,578:INFO: - Train metrics (average): acc_top1: 18.750 ; acc_top5: 57.812 ; loss: 2.956
2021-08-27 22:38:11,776:INFO: - Eval metrics : acc_top1: 17.344 ; acc_top5: 43.379 ; loss: 3.500
2021-08-27 22:38:12,276:INFO: - Found new best accuracy on validation set
2021-08-27 22:38:12,276:INFO: Epoch 9/100  [Need: 00:06:39]  lr=0.01
2021-08-27 22:38:15,974:INFO: - Train metrics (average): acc_top1: 29.688 ; acc_top5: 59.375 ; loss: 2.968
2021-08-27 22:38:16,170:INFO: - Eval metrics : acc_top1: 18.320 ; acc_top5: 44.121 ; loss: 3.481
2021-08-27 22:38:16,680:INFO: - Found new best accuracy on validation set
2021-08-27 22:38:16,681:INFO: Epoch 10/100  [Need: 00:06:40]  lr=0.01
2021-08-27 22:38:20,203:INFO: - Train metrics (average): acc_top1: 32.812 ; acc_top5: 60.938 ; loss: 2.791
2021-08-27 22:38:20,401:INFO: - Eval metrics : acc_top1: 19.297 ; acc_top5: 47.246 ; loss: 3.356
2021-08-27 22:38:21,404:INFO: - Found new best accuracy on validation set
2021-08-27 22:38:21,404:INFO: Epoch 11/100  [Need: 00:07:05]  lr=0.01
2021-08-27 22:38:24,874:INFO: - Train metrics (average): acc_top1: 34.375 ; acc_top5: 71.875 ; loss: 2.440
2021-08-27 22:38:25,197:INFO: - Eval metrics : acc_top1: 22.129 ; acc_top5: 49.980 ; loss: 3.273
2021-08-27 22:38:25,626:INFO: - Found new best accuracy on validation set
2021-08-27 22:38:25,626:INFO: Epoch 12/100  [Need: 00:06:15]  lr=0.01
2021-08-27 22:38:28,859:INFO: - Train metrics (average): acc_top1: 26.562 ; acc_top5: 59.375 ; loss: 2.818
2021-08-27 22:38:29,177:INFO: - Eval metrics : acc_top1: 20.391 ; acc_top5: 48.887 ; loss: 3.347
2021-08-27 22:38:29,409:INFO: Epoch 13/100  [Need: 00:05:32]  lr=0.01
2021-08-27 22:38:33,019:INFO: - Train metrics (average): acc_top1: 34.375 ; acc_top5: 73.438 ; loss: 2.129
2021-08-27 22:38:33,349:INFO: - Eval metrics : acc_top1: 22.988 ; acc_top5: 50.273 ; loss: 3.316
2021-08-27 22:38:33,731:INFO: - Found new best accuracy on validation set
2021-08-27 22:38:33,731:INFO: Epoch 14/100  [Need: 00:06:15]  lr=0.01
2021-08-27 22:38:37,160:INFO: - Train metrics (average): acc_top1: 40.625 ; acc_top5: 75.000 ; loss: 2.169
2021-08-27 22:38:37,450:INFO: - Eval metrics : acc_top1: 24.863 ; acc_top5: 53.711 ; loss: 3.298
2021-08-27 22:38:37,892:INFO: - Found new best accuracy on validation set
2021-08-27 22:38:37,892:INFO: Epoch 15/100  [Need: 00:05:57]  lr=0.01
2021-08-27 22:38:41,387:INFO: - Train metrics (average): acc_top1: 46.875 ; acc_top5: 75.000 ; loss: 1.966
2021-08-27 22:38:41,715:INFO: - Eval metrics : acc_top1: 20.742 ; acc_top5: 51.367 ; loss: 3.431
2021-08-27 22:38:41,947:INFO: Epoch 16/100  [Need: 00:05:44]  lr=0.01
2021-08-27 22:38:45,457:INFO: - Train metrics (average): acc_top1: 46.875 ; acc_top5: 82.812 ; loss: 1.885
2021-08-27 22:38:45,775:INFO: - Eval metrics : acc_top1: 26.367 ; acc_top5: 56.152 ; loss: 3.085
2021-08-27 22:38:46,537:INFO: - Found new best accuracy on validation set
2021-08-27 22:38:46,537:INFO: Epoch 17/100  [Need: 00:06:25]  lr=0.01
2021-08-27 22:38:49,761:INFO: - Train metrics (average): acc_top1: 54.688 ; acc_top5: 84.375 ; loss: 1.698
2021-08-27 22:38:50,081:INFO: - Eval metrics : acc_top1: 25.156 ; acc_top5: 52.559 ; loss: 3.340
2021-08-27 22:38:50,305:INFO: Epoch 18/100  [Need: 00:05:12]  lr=0.01
2021-08-27 22:38:53,545:INFO: - Train metrics (average): acc_top1: 43.750 ; acc_top5: 81.250 ; loss: 2.014
2021-08-27 22:38:53,865:INFO: - Eval metrics : acc_top1: 26.445 ; acc_top5: 56.719 ; loss: 3.206
2021-08-27 22:38:54,282:INFO: - Found new best accuracy on validation set
2021-08-27 22:38:54,283:INFO: Epoch 19/100  [Need: 00:05:26]  lr=0.01
2021-08-27 22:38:57,822:INFO: - Train metrics (average): acc_top1: 57.812 ; acc_top5: 89.062 ; loss: 1.416
2021-08-27 22:38:58,146:INFO: - Eval metrics : acc_top1: 28.145 ; acc_top5: 58.594 ; loss: 3.154
2021-08-27 22:38:58,554:INFO: - Found new best accuracy on validation set
2021-08-27 22:38:58,554:INFO: Epoch 20/100  [Need: 00:05:45]  lr=0.01
2021-08-27 22:39:01,991:INFO: - Train metrics (average): acc_top1: 62.500 ; acc_top5: 84.375 ; loss: 1.410
2021-08-27 22:39:02,316:INFO: - Eval metrics : acc_top1: 25.156 ; acc_top5: 54.883 ; loss: 3.398
2021-08-27 22:39:02,521:INFO: Epoch 21/100  [Need: 00:05:17]  lr=0.01
2021-08-27 22:39:05,669:INFO: - Train metrics (average): acc_top1: 60.938 ; acc_top5: 87.500 ; loss: 1.320
2021-08-27 22:39:05,991:INFO: - Eval metrics : acc_top1: 27.402 ; acc_top5: 57.051 ; loss: 3.365
2021-08-27 22:39:06,199:INFO: Epoch 22/100  [Need: 00:04:50]  lr=0.01
2021-08-27 22:39:09,691:INFO: - Train metrics (average): acc_top1: 59.375 ; acc_top5: 87.500 ; loss: 1.532
2021-08-27 22:39:10,007:INFO: - Eval metrics : acc_top1: 28.379 ; acc_top5: 60.293 ; loss: 3.187
2021-08-27 22:39:10,431:INFO: - Found new best accuracy on validation set
2021-08-27 22:39:10,431:INFO: Epoch 23/100  [Need: 00:05:30]  lr=0.01
2021-08-27 22:39:13,679:INFO: - Train metrics (average): acc_top1: 71.875 ; acc_top5: 96.875 ; loss: 0.983
2021-08-27 22:39:13,997:INFO: - Eval metrics : acc_top1: 29.238 ; acc_top5: 59.258 ; loss: 3.180
2021-08-27 22:39:14,390:INFO: - Found new best accuracy on validation set
2021-08-27 22:39:14,391:INFO: Epoch 24/100  [Need: 00:05:04]  lr=0.01
2021-08-27 22:39:17,708:INFO: - Train metrics (average): acc_top1: 79.688 ; acc_top5: 98.438 ; loss: 0.857
2021-08-27 22:39:18,040:INFO: - Eval metrics : acc_top1: 31.094 ; acc_top5: 58.770 ; loss: 3.240
2021-08-27 22:39:18,448:INFO: - Found new best accuracy on validation set
2021-08-27 22:39:18,449:INFO: Epoch 25/100  [Need: 00:05:08]  lr=0.01
2021-08-27 22:39:21,933:INFO: - Train metrics (average): acc_top1: 78.125 ; acc_top5: 100.000 ; loss: 0.667
2021-08-27 22:39:22,131:INFO: - Eval metrics : acc_top1: 30.039 ; acc_top5: 59.219 ; loss: 3.277
2021-08-27 22:39:23,380:INFO: Epoch 26/100  [Need: 00:06:09]  lr=0.001
2021-08-27 22:39:27,301:INFO: - Train metrics (average): acc_top1: 82.812 ; acc_top5: 98.438 ; loss: 0.690
2021-08-27 22:39:27,531:INFO: - Eval metrics : acc_top1: 34.727 ; acc_top5: 64.316 ; loss: 2.987
2021-08-27 22:39:28,336:INFO: - Found new best accuracy on validation set
2021-08-27 22:39:28,366:INFO: Epoch 27/100  [Need: 00:06:08]  lr=0.001
2021-08-27 22:39:32,217:INFO: - Train metrics (average): acc_top1: 87.500 ; acc_top5: 98.438 ; loss: 0.413
2021-08-27 22:39:32,477:INFO: - Eval metrics : acc_top1: 34.395 ; acc_top5: 64.434 ; loss: 2.970
2021-08-27 22:39:32,799:INFO: Epoch 28/100  [Need: 00:05:23]  lr=0.001
2021-08-27 22:39:36,441:INFO: - Train metrics (average): acc_top1: 95.312 ; acc_top5: 100.000 ; loss: 0.269
2021-08-27 22:39:36,761:INFO: - Eval metrics : acc_top1: 33.906 ; acc_top5: 64.941 ; loss: 2.962
2021-08-27 22:39:37,501:INFO: Epoch 29/100  [Need: 00:05:38]  lr=0.001
2021-08-27 22:39:41,533:INFO: - Train metrics (average): acc_top1: 90.625 ; acc_top5: 100.000 ; loss: 0.383
2021-08-27 22:39:41,834:INFO: - Eval metrics : acc_top1: 34.609 ; acc_top5: 64.824 ; loss: 2.966
2021-08-27 22:39:42,089:INFO: Epoch 30/100  [Need: 00:05:25]  lr=0.001
2021-08-27 22:39:46,136:INFO: - Train metrics (average): acc_top1: 93.750 ; acc_top5: 98.438 ; loss: 0.377
2021-08-27 22:39:46,429:INFO: - Eval metrics : acc_top1: 33.867 ; acc_top5: 64.727 ; loss: 2.960
2021-08-27 22:39:46,778:INFO: Epoch 31/100  [Need: 00:05:28]  lr=0.001
2021-08-27 22:39:50,850:INFO: - Train metrics (average): acc_top1: 98.438 ; acc_top5: 100.000 ; loss: 0.149
2021-08-27 22:39:51,151:INFO: - Eval metrics : acc_top1: 34.590 ; acc_top5: 65.020 ; loss: 2.988
2021-08-27 22:39:51,411:INFO: Epoch 32/100  [Need: 00:05:19]  lr=0.001
2021-08-27 22:39:54,997:INFO: - Train metrics (average): acc_top1: 96.875 ; acc_top5: 100.000 ; loss: 0.212
2021-08-27 22:39:55,317:INFO: - Eval metrics : acc_top1: 34.316 ; acc_top5: 64.141 ; loss: 2.965
2021-08-27 22:39:55,567:INFO: Epoch 33/100  [Need: 00:04:42]  lr=0.001
2021-08-27 22:39:58,913:INFO: - Train metrics (average): acc_top1: 96.875 ; acc_top5: 100.000 ; loss: 0.228
2021-08-27 22:39:59,228:INFO: - Eval metrics : acc_top1: 33.789 ; acc_top5: 64.043 ; loss: 2.969
2021-08-27 22:39:59,435:INFO: Epoch 34/100  [Need: 00:04:19]  lr=0.001
2021-08-27 22:40:02,982:INFO: - Train metrics (average): acc_top1: 100.000 ; acc_top5: 100.000 ; loss: 0.209
2021-08-27 22:40:03,313:INFO: - Eval metrics : acc_top1: 33.789 ; acc_top5: 63.809 ; loss: 2.986
2021-08-27 22:40:03,541:INFO: Epoch 35/100  [Need: 00:04:31]  lr=0.001
2021-08-27 22:40:07,080:INFO: - Train metrics (average): acc_top1: 95.312 ; acc_top5: 100.000 ; loss: 0.286
2021-08-27 22:40:07,403:INFO: - Eval metrics : acc_top1: 34.727 ; acc_top5: 63.906 ; loss: 3.017
2021-08-27 22:40:07,840:INFO: - Found new best accuracy on validation set
2021-08-27 22:40:07,840:INFO: Epoch 36/100  [Need: 00:04:39]  lr=0.001
2021-08-27 22:40:11,239:INFO: - Train metrics (average): acc_top1: 96.875 ; acc_top5: 100.000 ; loss: 0.188
2021-08-27 22:40:11,558:INFO: - Eval metrics : acc_top1: 33.438 ; acc_top5: 64.238 ; loss: 3.009
2021-08-27 22:40:11,761:INFO: Epoch 37/100  [Need: 00:04:10]  lr=0.001
2021-08-27 22:40:15,298:INFO: - Train metrics (average): acc_top1: 98.438 ; acc_top5: 100.000 ; loss: 0.143
2021-08-27 22:40:15,623:INFO: - Eval metrics : acc_top1: 33.457 ; acc_top5: 64.043 ; loss: 2.984
2021-08-27 22:40:15,826:INFO: Epoch 38/100  [Need: 00:04:16]  lr=0.001
2021-08-27 22:40:19,388:INFO: - Train metrics (average): acc_top1: 100.000 ; acc_top5: 100.000 ; loss: 0.142
2021-08-27 22:40:19,721:INFO: - Eval metrics : acc_top1: 32.930 ; acc_top5: 64.102 ; loss: 2.996
2021-08-27 22:40:19,934:INFO: Epoch 39/100  [Need: 00:04:14]  lr=0.001
2021-08-27 22:40:23,235:INFO: - Train metrics (average): acc_top1: 100.000 ; acc_top5: 100.000 ; loss: 0.168
2021-08-27 22:40:23,557:INFO: - Eval metrics : acc_top1: 34.434 ; acc_top5: 64.551 ; loss: 3.000
2021-08-27 22:40:23,762:INFO: Epoch 40/100  [Need: 00:03:53]  lr=0.001
2021-08-27 22:40:27,060:INFO: - Train metrics (average): acc_top1: 95.312 ; acc_top5: 100.000 ; loss: 0.205
2021-08-27 22:40:27,387:INFO: - Eval metrics : acc_top1: 33.633 ; acc_top5: 63.516 ; loss: 3.018
2021-08-27 22:40:27,590:INFO: Epoch 41/100  [Need: 00:03:49]  lr=0.001
2021-08-27 22:40:31,098:INFO: - Train metrics (average): acc_top1: 96.875 ; acc_top5: 100.000 ; loss: 0.166
2021-08-27 22:40:31,431:INFO: - Eval metrics : acc_top1: 34.238 ; acc_top5: 64.004 ; loss: 3.005
2021-08-27 22:40:31,796:INFO: Epoch 42/100  [Need: 00:04:08]  lr=0.001
2021-08-27 22:40:35,310:INFO: - Train metrics (average): acc_top1: 96.875 ; acc_top5: 100.000 ; loss: 0.209
2021-08-27 22:40:35,637:INFO: - Eval metrics : acc_top1: 33.359 ; acc_top5: 63.262 ; loss: 3.026
2021-08-27 22:40:35,874:INFO: Epoch 43/100  [Need: 00:03:56]  lr=0.001
2021-08-27 22:40:39,340:INFO: - Train metrics (average): acc_top1: 100.000 ; acc_top5: 100.000 ; loss: 0.111
2021-08-27 22:40:39,664:INFO: - Eval metrics : acc_top1: 34.082 ; acc_top5: 64.355 ; loss: 3.013
2021-08-27 22:40:39,937:INFO: Epoch 44/100  [Need: 00:03:51]  lr=0.001
2021-08-27 22:40:43,449:INFO: - Train metrics (average): acc_top1: 100.000 ; acc_top5: 100.000 ; loss: 0.146
2021-08-27 22:40:43,767:INFO: - Eval metrics : acc_top1: 34.082 ; acc_top5: 63.965 ; loss: 3.021
2021-08-27 22:40:44,002:INFO: Epoch 45/100  [Need: 00:03:47]  lr=0.001
2021-08-27 22:40:47,531:INFO: - Train metrics (average): acc_top1: 98.438 ; acc_top5: 100.000 ; loss: 0.201
2021-08-27 22:40:47,859:INFO: - Eval metrics : acc_top1: 34.023 ; acc_top5: 64.336 ; loss: 3.027
2021-08-27 22:40:48,106:INFO: Epoch 46/100  [Need: 00:03:45]  lr=0.001
2021-08-27 22:40:51,553:INFO: - Train metrics (average): acc_top1: 100.000 ; acc_top5: 100.000 ; loss: 0.176
2021-08-27 22:40:51,874:INFO: - Eval metrics : acc_top1: 33.789 ; acc_top5: 63.809 ; loss: 3.046
2021-08-27 22:40:52,209:INFO: Epoch 47/100  [Need: 00:03:41]  lr=0.001
2021-08-27 22:40:55,704:INFO: - Train metrics (average): acc_top1: 100.000 ; acc_top5: 100.000 ; loss: 0.088
2021-08-27 22:40:56,027:INFO: - Eval metrics : acc_top1: 34.297 ; acc_top5: 64.004 ; loss: 3.037
2021-08-27 22:40:56,294:INFO: Epoch 48/100  [Need: 00:03:36]  lr=0.001
2021-08-27 22:40:59,697:INFO: - Train metrics (average): acc_top1: 96.875 ; acc_top5: 100.000 ; loss: 0.175
2021-08-27 22:41:00,024:INFO: - Eval metrics : acc_top1: 33.398 ; acc_top5: 63.613 ; loss: 3.010
2021-08-27 22:41:00,404:INFO: Epoch 49/100  [Need: 00:03:33]  lr=0.001
2021-08-27 22:41:03,917:INFO: - Train metrics (average): acc_top1: 100.000 ; acc_top5: 100.000 ; loss: 0.130
2021-08-27 22:41:04,257:INFO: - Eval metrics : acc_top1: 33.730 ; acc_top5: 63.711 ; loss: 3.025
2021-08-27 22:41:04,601:INFO: Epoch 50/100  [Need: 00:03:34]  lr=0.001
2021-08-27 22:41:08,083:INFO: - Train metrics (average): acc_top1: 100.000 ; acc_top5: 100.000 ; loss: 0.129
2021-08-27 22:41:08,405:INFO: - Eval metrics : acc_top1: 33.828 ; acc_top5: 63.555 ; loss: 3.044
2021-08-27 22:41:08,641:INFO: Epoch 51/100  [Need: 00:03:22]  lr=0.0001
2021-08-27 22:41:12,165:INFO: - Train metrics (average): acc_top1: 95.312 ; acc_top5: 100.000 ; loss: 0.156
2021-08-27 22:41:12,494:INFO: - Eval metrics : acc_top1: 32.754 ; acc_top5: 64.629 ; loss: 3.031
2021-08-27 22:41:12,752:INFO: Epoch 52/100  [Need: 00:03:21]  lr=0.0001
2021-08-27 22:41:16,087:INFO: - Train metrics (average): acc_top1: 98.438 ; acc_top5: 100.000 ; loss: 0.128
2021-08-27 22:41:16,407:INFO: - Eval metrics : acc_top1: 33.887 ; acc_top5: 63.848 ; loss: 3.035
2021-08-27 22:41:16,640:INFO: Epoch 53/100  [Need: 00:03:06]  lr=0.0001
2021-08-27 22:41:20,170:INFO: - Train metrics (average): acc_top1: 100.000 ; acc_top5: 100.000 ; loss: 0.104
2021-08-27 22:41:20,491:INFO: - Eval metrics : acc_top1: 32.656 ; acc_top5: 63.945 ; loss: 3.041
2021-08-27 22:41:20,759:INFO: Epoch 54/100  [Need: 00:03:13]  lr=0.0001
2021-08-27 22:41:24,122:INFO: - Train metrics (average): acc_top1: 100.000 ; acc_top5: 100.000 ; loss: 0.101
2021-08-27 22:41:24,446:INFO: - Eval metrics : acc_top1: 33.047 ; acc_top5: 64.043 ; loss: 3.053
2021-08-27 22:41:24,728:INFO: Epoch 55/100  [Need: 00:03:02]  lr=0.0001
2021-08-27 22:41:28,232:INFO: - Train metrics (average): acc_top1: 98.438 ; acc_top5: 100.000 ; loss: 0.159
2021-08-27 22:41:28,553:INFO: - Eval metrics : acc_top1: 33.398 ; acc_top5: 64.043 ; loss: 3.029
2021-08-27 22:41:28,791:INFO: Epoch 56/100  [Need: 00:03:02]  lr=0.0001
2021-08-27 22:41:32,331:INFO: - Train metrics (average): acc_top1: 96.875 ; acc_top5: 100.000 ; loss: 0.166
2021-08-27 22:41:32,658:INFO: - Eval metrics : acc_top1: 32.695 ; acc_top5: 64.707 ; loss: 3.039
2021-08-27 22:41:32,887:INFO: Epoch 57/100  [Need: 00:03:00]  lr=0.0001
2021-08-27 22:41:36,420:INFO: - Train metrics (average): acc_top1: 98.438 ; acc_top5: 100.000 ; loss: 0.135
2021-08-27 22:41:36,748:INFO: - Eval metrics : acc_top1: 32.852 ; acc_top5: 64.043 ; loss: 3.029
2021-08-27 22:41:37,138:INFO: Epoch 58/100  [Need: 00:03:02]  lr=0.0001
2021-08-27 22:41:40,647:INFO: - Train metrics (average): acc_top1: 100.000 ; acc_top5: 100.000 ; loss: 0.074
2021-08-27 22:41:40,972:INFO: - Eval metrics : acc_top1: 33.047 ; acc_top5: 64.395 ; loss: 3.050
2021-08-27 22:41:41,264:INFO: Epoch 59/100  [Need: 00:02:53]  lr=0.0001
2021-08-27 22:41:44,809:INFO: - Train metrics (average): acc_top1: 100.000 ; acc_top5: 100.000 ; loss: 0.139
2021-08-27 22:41:45,137:INFO: - Eval metrics : acc_top1: 33.730 ; acc_top5: 64.395 ; loss: 3.043
2021-08-27 22:41:45,413:INFO: Epoch 60/100  [Need: 00:02:50]  lr=0.0001
2021-08-27 22:41:48,988:INFO: - Train metrics (average): acc_top1: 100.000 ; acc_top5: 100.000 ; loss: 0.146
2021-08-27 22:41:49,319:INFO: - Eval metrics : acc_top1: 33.848 ; acc_top5: 64.004 ; loss: 3.041
2021-08-27 22:41:49,534:INFO: Epoch 61/100  [Need: 00:02:44]  lr=0.0001
2021-08-27 22:41:53,113:INFO: - Train metrics (average): acc_top1: 96.875 ; acc_top5: 100.000 ; loss: 0.113
2021-08-27 22:41:53,438:INFO: - Eval metrics : acc_top1: 33.691 ; acc_top5: 63.867 ; loss: 3.037
2021-08-27 22:41:53,674:INFO: Epoch 62/100  [Need: 00:02:41]  lr=0.0001
2021-08-27 22:41:57,274:INFO: - Train metrics (average): acc_top1: 98.438 ; acc_top5: 100.000 ; loss: 0.129
2021-08-27 22:41:57,593:INFO: - Eval metrics : acc_top1: 33.789 ; acc_top5: 64.258 ; loss: 3.058
2021-08-27 22:41:58,212:INFO: Epoch 63/100  [Need: 00:02:52]  lr=0.0001
2021-08-27 22:42:02,012:INFO: - Train metrics (average): acc_top1: 96.875 ; acc_top5: 100.000 ; loss: 0.195
2021-08-27 22:42:02,331:INFO: - Eval metrics : acc_top1: 33.398 ; acc_top5: 64.355 ; loss: 3.027
2021-08-27 22:42:02,771:INFO: Epoch 64/100  [Need: 00:02:48]  lr=0.0001
2021-08-27 22:42:06,639:INFO: - Train metrics (average): acc_top1: 100.000 ; acc_top5: 100.000 ; loss: 0.135
2021-08-27 22:42:06,923:INFO: - Eval metrics : acc_top1: 33.691 ; acc_top5: 63.574 ; loss: 3.048
2021-08-27 22:42:07,175:INFO: Epoch 65/100  [Need: 00:02:38]  lr=0.0001
2021-08-27 22:42:10,962:INFO: - Train metrics (average): acc_top1: 96.875 ; acc_top5: 100.000 ; loss: 0.114
2021-08-27 22:42:11,284:INFO: - Eval metrics : acc_top1: 33.789 ; acc_top5: 64.453 ; loss: 3.032
2021-08-27 22:42:11,788:INFO: Epoch 66/100  [Need: 00:02:41]  lr=0.0001
2021-08-27 22:42:15,847:INFO: - Train metrics (average): acc_top1: 100.000 ; acc_top5: 100.000 ; loss: 0.108
2021-08-27 22:42:16,107:INFO: - Eval metrics : acc_top1: 33.535 ; acc_top5: 64.062 ; loss: 3.046
2021-08-27 22:42:16,384:INFO: Epoch 67/100  [Need: 00:02:36]  lr=0.0001
2021-08-27 22:42:20,299:INFO: - Train metrics (average): acc_top1: 98.438 ; acc_top5: 100.000 ; loss: 0.175
2021-08-27 22:42:20,542:INFO: - Eval metrics : acc_top1: 34.766 ; acc_top5: 64.258 ; loss: 3.037
2021-08-27 22:42:21,262:INFO: - Found new best accuracy on validation set
2021-08-27 22:42:21,263:INFO: Epoch 68/100  [Need: 00:02:40]  lr=0.0001
2021-08-27 22:42:25,297:INFO: - Train metrics (average): acc_top1: 98.438 ; acc_top5: 100.000 ; loss: 0.102
2021-08-27 22:42:25,603:INFO: - Eval metrics : acc_top1: 34.434 ; acc_top5: 64.707 ; loss: 3.037
2021-08-27 22:42:25,805:INFO: Epoch 69/100  [Need: 00:02:25]  lr=0.0001
2021-08-27 22:42:29,878:INFO: - Train metrics (average): acc_top1: 100.000 ; acc_top5: 100.000 ; loss: 0.089
2021-08-27 22:42:30,181:INFO: - Eval metrics : acc_top1: 33.984 ; acc_top5: 64.062 ; loss: 3.038
2021-08-27 22:42:30,509:INFO: Epoch 70/100  [Need: 00:02:25]  lr=0.0001
2021-08-27 22:42:34,587:INFO: - Train metrics (average): acc_top1: 98.438 ; acc_top5: 100.000 ; loss: 0.149
2021-08-27 22:42:34,895:INFO: - Eval metrics : acc_top1: 33.496 ; acc_top5: 64.414 ; loss: 3.053
2021-08-27 22:42:35,512:INFO: Epoch 71/100  [Need: 00:02:30]  lr=0.0001
2021-08-27 22:42:39,550:INFO: - Train metrics (average): acc_top1: 98.438 ; acc_top5: 100.000 ; loss: 0.149
2021-08-27 22:42:39,849:INFO: - Eval metrics : acc_top1: 33.691 ; acc_top5: 64.004 ; loss: 3.044
2021-08-27 22:42:40,058:INFO: Epoch 72/100  [Need: 00:02:11]  lr=0.0001
2021-08-27 22:42:44,124:INFO: - Train metrics (average): acc_top1: 98.438 ; acc_top5: 100.000 ; loss: 0.099
2021-08-27 22:42:44,418:INFO: - Eval metrics : acc_top1: 33.691 ; acc_top5: 63.691 ; loss: 3.064
2021-08-27 22:42:44,889:INFO: Epoch 73/100  [Need: 00:02:15]  lr=0.0001
2021-08-27 22:42:48,928:INFO: - Train metrics (average): acc_top1: 100.000 ; acc_top5: 100.000 ; loss: 0.120
2021-08-27 22:42:49,230:INFO: - Eval metrics : acc_top1: 33.398 ; acc_top5: 63.965 ; loss: 3.037
2021-08-27 22:42:49,492:INFO: Epoch 74/100  [Need: 00:02:04]  lr=0.0001
2021-08-27 22:42:53,564:INFO: - Train metrics (average): acc_top1: 100.000 ; acc_top5: 100.000 ; loss: 0.114
2021-08-27 22:42:53,841:INFO: - Eval metrics : acc_top1: 33.691 ; acc_top5: 64.512 ; loss: 3.047
2021-08-27 22:42:54,344:INFO: Epoch 75/100  [Need: 00:02:06]  lr=0.0001
2021-08-27 22:42:58,388:INFO: - Train metrics (average): acc_top1: 96.875 ; acc_top5: 100.000 ; loss: 0.141
2021-08-27 22:42:58,683:INFO: - Eval metrics : acc_top1: 33.008 ; acc_top5: 63.848 ; loss: 3.055
2021-08-27 22:42:58,956:INFO: Epoch 76/100  [Need: 00:01:55]  lr=1e-05
2021-08-27 22:43:03,015:INFO: - Train metrics (average): acc_top1: 95.312 ; acc_top5: 100.000 ; loss: 0.150
2021-08-27 22:43:03,313:INFO: - Eval metrics : acc_top1: 33.496 ; acc_top5: 64.492 ; loss: 3.041
2021-08-27 22:43:03,586:INFO: Epoch 77/100  [Need: 00:01:51]  lr=1e-05
2021-08-27 22:43:07,650:INFO: - Train metrics (average): acc_top1: 100.000 ; acc_top5: 100.000 ; loss: 0.101
2021-08-27 22:43:07,952:INFO: - Eval metrics : acc_top1: 33.633 ; acc_top5: 64.551 ; loss: 3.048
2021-08-27 22:43:08,165:INFO: Epoch 78/100  [Need: 00:01:45]  lr=1e-05
2021-08-27 22:43:12,233:INFO: - Train metrics (average): acc_top1: 100.000 ; acc_top5: 100.000 ; loss: 0.104
2021-08-27 22:43:12,537:INFO: - Eval metrics : acc_top1: 33.789 ; acc_top5: 64.160 ; loss: 3.060
2021-08-27 22:43:13,018:INFO: Epoch 79/100  [Need: 00:01:46]  lr=1e-05
2021-08-27 22:43:17,051:INFO: - Train metrics (average): acc_top1: 100.000 ; acc_top5: 100.000 ; loss: 0.085
2021-08-27 22:43:17,344:INFO: - Eval metrics : acc_top1: 33.828 ; acc_top5: 64.102 ; loss: 3.052
2021-08-27 22:43:17,645:INFO: Epoch 80/100  [Need: 00:01:37]  lr=1e-05
2021-08-27 22:43:21,712:INFO: - Train metrics (average): acc_top1: 100.000 ; acc_top5: 100.000 ; loss: 0.100
2021-08-27 22:43:22,013:INFO: - Eval metrics : acc_top1: 33.887 ; acc_top5: 63.711 ; loss: 3.048
2021-08-27 22:43:22,457:INFO: Epoch 81/100  [Need: 00:01:36]  lr=1e-05
2021-08-27 22:43:26,527:INFO: - Train metrics (average): acc_top1: 98.438 ; acc_top5: 100.000 ; loss: 0.119
2021-08-27 22:43:26,828:INFO: - Eval metrics : acc_top1: 33.789 ; acc_top5: 63.965 ; loss: 3.051
2021-08-27 22:43:27,053:INFO: Epoch 82/100  [Need: 00:01:27]  lr=1e-05
2021-08-27 22:43:31,127:INFO: - Train metrics (average): acc_top1: 100.000 ; acc_top5: 100.000 ; loss: 0.065
2021-08-27 22:43:31,435:INFO: - Eval metrics : acc_top1: 33.535 ; acc_top5: 63.711 ; loss: 3.052
2021-08-27 22:43:31,823:INFO: Epoch 83/100  [Need: 00:01:25]  lr=1e-05
2021-08-27 22:43:35,876:INFO: - Train metrics (average): acc_top1: 100.000 ; acc_top5: 100.000 ; loss: 0.087
2021-08-27 22:43:36,162:INFO: - Eval metrics : acc_top1: 33.438 ; acc_top5: 64.199 ; loss: 3.067
2021-08-27 22:43:36,410:INFO: Epoch 84/100  [Need: 00:01:17]  lr=1e-05
2021-08-27 22:43:40,453:INFO: - Train metrics (average): acc_top1: 100.000 ; acc_top5: 100.000 ; loss: 0.117
2021-08-27 22:43:40,747:INFO: - Eval metrics : acc_top1: 34.375 ; acc_top5: 63.613 ; loss: 3.049
2021-08-27 22:43:41,248:INFO: Epoch 85/100  [Need: 00:01:17]  lr=1e-05
2021-08-27 22:43:45,338:INFO: - Train metrics (average): acc_top1: 100.000 ; acc_top5: 100.000 ; loss: 0.114
2021-08-27 22:43:45,624:INFO: - Eval metrics : acc_top1: 33.887 ; acc_top5: 63.965 ; loss: 3.056
2021-08-27 22:43:45,915:INFO: Epoch 86/100  [Need: 00:01:09]  lr=1e-05
2021-08-27 22:43:49,993:INFO: - Train metrics (average): acc_top1: 98.438 ; acc_top5: 100.000 ; loss: 0.102
2021-08-27 22:43:50,288:INFO: - Eval metrics : acc_top1: 34.570 ; acc_top5: 63.652 ; loss: 3.038
2021-08-27 22:43:50,535:INFO: Epoch 87/100  [Need: 00:01:04]  lr=1e-05
2021-08-27 22:43:54,586:INFO: - Train metrics (average): acc_top1: 100.000 ; acc_top5: 100.000 ; loss: 0.135
2021-08-27 22:43:54,876:INFO: - Eval metrics : acc_top1: 34.277 ; acc_top5: 64.453 ; loss: 3.034
2021-08-27 22:43:55,399:INFO: Epoch 88/100  [Need: 00:01:03]  lr=1e-05
2021-08-27 22:43:59,435:INFO: - Train metrics (average): acc_top1: 96.875 ; acc_top5: 100.000 ; loss: 0.165
2021-08-27 22:43:59,737:INFO: - Eval metrics : acc_top1: 33.789 ; acc_top5: 64.551 ; loss: 3.052
2021-08-27 22:44:00,234:INFO: Epoch 89/100  [Need: 00:00:58]  lr=1e-05
2021-08-27 22:44:04,276:INFO: - Train metrics (average): acc_top1: 98.438 ; acc_top5: 100.000 ; loss: 0.142
2021-08-27 22:44:04,583:INFO: - Eval metrics : acc_top1: 33.887 ; acc_top5: 63.945 ; loss: 3.060
2021-08-27 22:44:05,394:INFO: Epoch 90/100  [Need: 00:00:56]  lr=1e-05
2021-08-27 22:44:09,273:INFO: - Train metrics (average): acc_top1: 100.000 ; acc_top5: 100.000 ; loss: 0.125
2021-08-27 22:44:09,476:INFO: - Eval metrics : acc_top1: 33.359 ; acc_top5: 64.512 ; loss: 3.045
2021-08-27 22:44:09,711:INFO: Epoch 91/100  [Need: 00:00:43]  lr=1e-05
2021-08-27 22:44:13,610:INFO: - Train metrics (average): acc_top1: 98.438 ; acc_top5: 100.000 ; loss: 0.121
2021-08-27 22:44:13,817:INFO: - Eval metrics : acc_top1: 33.848 ; acc_top5: 64.414 ; loss: 3.033
2021-08-27 22:44:14,012:INFO: Epoch 92/100  [Need: 00:00:38]  lr=1e-05
2021-08-27 22:44:17,902:INFO: - Train metrics (average): acc_top1: 98.438 ; acc_top5: 100.000 ; loss: 0.138
2021-08-27 22:44:18,106:INFO: - Eval metrics : acc_top1: 33.145 ; acc_top5: 64.883 ; loss: 3.063
2021-08-27 22:44:18,704:INFO: Epoch 93/100  [Need: 00:00:37]  lr=1e-05
2021-08-27 22:44:22,604:INFO: - Train metrics (average): acc_top1: 100.000 ; acc_top5: 100.000 ; loss: 0.092
2021-08-27 22:44:22,808:INFO: - Eval metrics : acc_top1: 34.121 ; acc_top5: 63.379 ; loss: 3.055
2021-08-27 22:44:23,206:INFO: Epoch 94/100  [Need: 00:00:31]  lr=1e-05
2021-08-27 22:44:27,122:INFO: - Train metrics (average): acc_top1: 98.438 ; acc_top5: 100.000 ; loss: 0.158
2021-08-27 22:44:27,321:INFO: - Eval metrics : acc_top1: 33.945 ; acc_top5: 64.609 ; loss: 3.050
2021-08-27 22:44:27,550:INFO: Epoch 95/100  [Need: 00:00:26]  lr=1e-05
2021-08-27 22:44:31,539:INFO: - Train metrics (average): acc_top1: 100.000 ; acc_top5: 100.000 ; loss: 0.118
2021-08-27 22:44:31,798:INFO: - Eval metrics : acc_top1: 33.691 ; acc_top5: 64.004 ; loss: 3.048
2021-08-27 22:44:32,367:INFO: Epoch 96/100  [Need: 00:00:24]  lr=1e-05
2021-08-27 22:44:36,418:INFO: - Train metrics (average): acc_top1: 98.438 ; acc_top5: 100.000 ; loss: 0.110
2021-08-27 22:44:36,700:INFO: - Eval metrics : acc_top1: 33.730 ; acc_top5: 64.160 ; loss: 3.049
2021-08-27 22:44:37,575:INFO: Epoch 97/100  [Need: 00:00:20]  lr=1e-05
2021-08-27 22:44:41,305:INFO: - Train metrics (average): acc_top1: 100.000 ; acc_top5: 100.000 ; loss: 0.111
2021-08-27 22:44:41,503:INFO: - Eval metrics : acc_top1: 33.984 ; acc_top5: 64.062 ; loss: 3.051
2021-08-27 22:44:41,769:INFO: Epoch 98/100  [Need: 00:00:12]  lr=1e-05
2021-08-27 22:44:45,586:INFO: - Train metrics (average): acc_top1: 100.000 ; acc_top5: 100.000 ; loss: 0.124
2021-08-27 22:44:45,791:INFO: - Eval metrics : acc_top1: 33.242 ; acc_top5: 63.965 ; loss: 3.066
2021-08-27 22:44:46,010:INFO: Epoch 99/100  [Need: 00:00:08]  lr=1e-05
2021-08-27 22:44:49,869:INFO: - Train metrics (average): acc_top1: 100.000 ; acc_top5: 100.000 ; loss: 0.078
2021-08-27 22:44:50,069:INFO: - Eval metrics : acc_top1: 33.691 ; acc_top5: 64.492 ; loss: 3.045
2021-08-27 22:44:50,273:INFO: Epoch 100/100  [Need: 00:00:04]  lr=1e-05
2021-08-27 22:44:54,178:INFO: - Train metrics (average): acc_top1: 96.875 ; acc_top5: 100.000 ; loss: 0.152
2021-08-27 22:44:54,386:INFO: - Eval metrics : acc_top1: 33.730 ; acc_top5: 64.199 ; loss: 3.050
