2021-08-27 22:45:38,829:INFO: >>>>>> Starting training model
2021-08-27 22:45:38,836:INFO: Created model 'resnet20'
2021-08-27 22:45:39,890:INFO: Loaded dateset 'cifar100' from './data'
2021-08-27 22:45:39,890:INFO: Entering finetune...
2021-08-27 22:45:39,890:INFO: Training Settings:
2021-08-27 22:45:39,890:INFO: save_dir : ./snapshots/cifar100/resnet20/train/
2021-08-27 22:45:39,890:INFO: epochs : 300
2021-08-27 22:45:39,890:INFO: lr : 0.01
2021-08-27 22:45:39,890:INFO: kd_params : (0.0, 1)
2021-08-27 22:45:39,890:INFO: return_file : True
2021-08-27 22:45:39,890:INFO: kd : False
2021-08-27 22:45:41,522:INFO: Starting training for 300 epoch(s)
2021-08-27 22:45:41,522:INFO: Epoch 1/300  [Need: 00:00:00]  lr=0.01
2021-08-27 22:46:01,965:INFO: - Train metrics (average): acc_top1: 3.241 ; acc_top5: 13.951 ; loss: 4.436
2021-08-27 22:46:03,052:INFO: - Eval metrics : acc_top1: 10.062 ; acc_top5: 30.713 ; loss: 3.869
2021-08-27 22:46:03,063:INFO: - Found new best accuracy on validation set
2021-08-27 22:46:03,063:INFO: Epoch 2/300  [Need: 01:47:20]  lr=0.01
2021-08-27 22:46:23,012:INFO: - Train metrics (average): acc_top1: 12.517 ; acc_top5: 34.128 ; loss: 3.768
2021-08-27 22:46:24,103:INFO: - Eval metrics : acc_top1: 14.729 ; acc_top5: 41.063 ; loss: 3.505
2021-08-27 22:46:24,115:INFO: - Found new best accuracy on validation set
2021-08-27 22:46:24,115:INFO: Epoch 3/300  [Need: 01:44:33]  lr=0.01
2021-08-27 22:46:44,090:INFO: - Train metrics (average): acc_top1: 16.107 ; acc_top5: 42.486 ; loss: 3.482
2021-08-27 22:46:45,182:INFO: - Eval metrics : acc_top1: 19.536 ; acc_top5: 48.368 ; loss: 3.241
2021-08-27 22:46:45,193:INFO: - Found new best accuracy on validation set
2021-08-27 22:46:45,201:INFO: Epoch 4/300  [Need: 01:44:22]  lr=0.01
2021-08-27 22:47:05,192:INFO: - Train metrics (average): acc_top1: 21.184 ; acc_top5: 50.154 ; loss: 3.165
2021-08-27 22:47:06,300:INFO: - Eval metrics : acc_top1: 24.512 ; acc_top5: 56.578 ; loss: 2.928
2021-08-27 22:47:06,311:INFO: - Found new best accuracy on validation set
2021-08-27 22:47:06,312:INFO: Epoch 5/300  [Need: 01:44:08]  lr=0.01
2021-08-27 22:47:33,281:INFO: - Train metrics (average): acc_top1: 25.204 ; acc_top5: 57.366 ; loss: 2.918
2021-08-27 22:47:36,202:INFO: - Eval metrics : acc_top1: 27.448 ; acc_top5: 61.375 ; loss: 2.779
2021-08-27 22:47:36,213:INFO: - Found new best accuracy on validation set
2021-08-27 22:47:36,214:INFO: Epoch 6/300  [Need: 02:27:01]  lr=0.01
2021-08-27 22:48:20,642:INFO: - Train metrics (average): acc_top1: 30.505 ; acc_top5: 61.889 ; loss: 2.707
2021-08-27 22:48:23,556:INFO: - Eval metrics : acc_top1: 31.320 ; acc_top5: 64.431 ; loss: 2.595
2021-08-27 22:48:23,568:INFO: - Found new best accuracy on validation set
2021-08-27 22:48:23,568:INFO: Epoch 7/300  [Need: 03:52:02]  lr=0.01
2021-08-27 22:49:07,918:INFO: - Train metrics (average): acc_top1: 33.091 ; acc_top5: 67.368 ; loss: 2.523
2021-08-27 22:49:10,397:INFO: - Eval metrics : acc_top1: 31.210 ; acc_top5: 64.072 ; loss: 2.646
2021-08-27 22:49:10,409:INFO: Epoch 8/300  [Need: 03:48:44]  lr=0.01
2021-08-27 22:49:54,917:INFO: - Train metrics (average): acc_top1: 36.797 ; acc_top5: 69.499 ; loss: 2.429
2021-08-27 22:49:57,780:INFO: - Eval metrics : acc_top1: 35.987 ; acc_top5: 69.128 ; loss: 2.445
2021-08-27 22:49:57,795:INFO: - Found new best accuracy on validation set
2021-08-27 22:49:57,796:INFO: Epoch 9/300  [Need: 03:50:37]  lr=0.01
2021-08-27 22:50:42,215:INFO: - Train metrics (average): acc_top1: 39.961 ; acc_top5: 72.789 ; loss: 2.233
2021-08-27 22:50:45,083:INFO: - Eval metrics : acc_top1: 40.725 ; acc_top5: 73.786 ; loss: 2.176
2021-08-27 22:50:45,100:INFO: - Found new best accuracy on validation set
2021-08-27 22:50:45,101:INFO: Epoch 10/300  [Need: 03:49:25]  lr=0.01
2021-08-27 22:51:29,216:INFO: - Train metrics (average): acc_top1: 39.739 ; acc_top5: 74.393 ; loss: 2.175
2021-08-27 22:51:32,146:INFO: - Eval metrics : acc_top1: 42.576 ; acc_top5: 74.831 ; loss: 2.131
2021-08-27 22:51:32,160:INFO: - Found new best accuracy on validation set
2021-08-27 22:51:32,160:INFO: Epoch 11/300  [Need: 03:47:27]  lr=0.01
2021-08-27 22:52:16,843:INFO: - Train metrics (average): acc_top1: 45.032 ; acc_top5: 77.530 ; loss: 2.025
2021-08-27 22:52:19,770:INFO: - Eval metrics : acc_top1: 42.834 ; acc_top5: 76.572 ; loss: 2.062
2021-08-27 22:52:19,791:INFO: - Found new best accuracy on validation set
2021-08-27 22:52:19,792:INFO: Epoch 12/300  [Need: 03:49:25]  lr=0.01
2021-08-27 22:53:03,918:INFO: - Train metrics (average): acc_top1: 45.555 ; acc_top5: 79.088 ; loss: 1.961
2021-08-27 22:53:06,795:INFO: - Eval metrics : acc_top1: 42.844 ; acc_top5: 75.756 ; loss: 2.109
2021-08-27 22:53:06,808:INFO: - Found new best accuracy on validation set
2021-08-27 22:53:06,808:INFO: Epoch 13/300  [Need: 03:45:40]  lr=0.01
2021-08-27 22:53:51,207:INFO: - Train metrics (average): acc_top1: 47.792 ; acc_top5: 78.985 ; loss: 1.879
2021-08-27 22:53:54,087:INFO: - Eval metrics : acc_top1: 45.880 ; acc_top5: 77.757 ; loss: 1.998
2021-08-27 22:53:54,099:INFO: - Found new best accuracy on validation set
2021-08-27 22:53:54,099:INFO: Epoch 14/300  [Need: 03:46:12]  lr=0.01
2021-08-27 22:54:38,470:INFO: - Train metrics (average): acc_top1: 48.701 ; acc_top5: 80.827 ; loss: 1.838
2021-08-27 22:54:41,039:INFO: - Eval metrics : acc_top1: 47.761 ; acc_top5: 79.379 ; loss: 1.910
2021-08-27 22:54:41,051:INFO: - Found new best accuracy on validation set
2021-08-27 22:54:41,051:INFO: Epoch 15/300  [Need: 03:43:48]  lr=0.01
2021-08-27 22:55:25,703:INFO: - Train metrics (average): acc_top1: 50.951 ; acc_top5: 81.754 ; loss: 1.773
2021-08-27 22:55:28,613:INFO: - Eval metrics : acc_top1: 46.158 ; acc_top5: 78.324 ; loss: 1.976
2021-08-27 22:55:28,625:INFO: Epoch 16/300  [Need: 03:45:58]  lr=0.01
2021-08-27 22:56:13,309:INFO: - Train metrics (average): acc_top1: 51.868 ; acc_top5: 83.076 ; loss: 1.711
2021-08-27 22:56:16,218:INFO: - Eval metrics : acc_top1: 49.920 ; acc_top5: 81.200 ; loss: 1.809
2021-08-27 22:56:16,232:INFO: - Found new best accuracy on validation set
2021-08-27 22:56:16,232:INFO: Epoch 17/300  [Need: 03:45:20]  lr=0.01
2021-08-27 22:57:00,343:INFO: - Train metrics (average): acc_top1: 53.222 ; acc_top5: 83.533 ; loss: 1.692
2021-08-27 22:57:03,218:INFO: - Eval metrics : acc_top1: 48.268 ; acc_top5: 78.643 ; loss: 1.940
2021-08-27 22:57:03,229:INFO: Epoch 18/300  [Need: 03:41:40]  lr=0.01
2021-08-27 22:57:47,879:INFO: - Train metrics (average): acc_top1: 52.309 ; acc_top5: 83.188 ; loss: 1.700
2021-08-27 22:57:50,762:INFO: - Eval metrics : acc_top1: 50.318 ; acc_top5: 81.220 ; loss: 1.828
2021-08-27 22:57:50,773:INFO: - Found new best accuracy on validation set
2021-08-27 22:57:50,774:INFO: Epoch 19/300  [Need: 03:43:27]  lr=0.01
2021-08-27 22:58:34,733:INFO: - Train metrics (average): acc_top1: 54.147 ; acc_top5: 84.699 ; loss: 1.613
2021-08-27 22:58:37,615:INFO: - Eval metrics : acc_top1: 51.732 ; acc_top5: 82.623 ; loss: 1.731
2021-08-27 22:58:37,627:INFO: - Found new best accuracy on validation set
2021-08-27 22:58:37,627:INFO: Epoch 20/300  [Need: 03:39:25]  lr=0.01
2021-08-27 22:59:22,197:INFO: - Train metrics (average): acc_top1: 56.718 ; acc_top5: 84.968 ; loss: 1.580
2021-08-27 22:59:25,076:INFO: - Eval metrics : acc_top1: 51.403 ; acc_top5: 80.922 ; loss: 1.789
2021-08-27 22:59:25,086:INFO: Epoch 21/300  [Need: 03:41:28]  lr=0.01
2021-08-27 23:00:09,325:INFO: - Train metrics (average): acc_top1: 56.506 ; acc_top5: 86.288 ; loss: 1.530
2021-08-27 23:00:12,032:INFO: - Eval metrics : acc_top1: 51.980 ; acc_top5: 81.807 ; loss: 1.764
2021-08-27 23:00:12,043:INFO: - Found new best accuracy on validation set
2021-08-27 23:00:12,044:INFO: Epoch 22/300  [Need: 03:38:21]  lr=0.01
2021-08-27 23:00:56,484:INFO: - Train metrics (average): acc_top1: 57.126 ; acc_top5: 86.667 ; loss: 1.493
2021-08-27 23:00:59,367:INFO: - Eval metrics : acc_top1: 52.170 ; acc_top5: 82.096 ; loss: 1.769
2021-08-27 23:00:59,378:INFO: - Found new best accuracy on validation set
2021-08-27 23:00:59,379:INFO: Epoch 23/300  [Need: 03:39:19]  lr=0.01
2021-08-27 23:01:43,767:INFO: - Train metrics (average): acc_top1: 57.047 ; acc_top5: 86.012 ; loss: 1.515
2021-08-27 23:01:46,621:INFO: - Eval metrics : acc_top1: 49.910 ; acc_top5: 80.046 ; loss: 1.875
2021-08-27 23:01:46,639:INFO: Epoch 24/300  [Need: 03:38:11]  lr=0.01
2021-08-27 23:02:30,573:INFO: - Train metrics (average): acc_top1: 58.035 ; acc_top5: 86.031 ; loss: 1.473
2021-08-27 23:02:33,453:INFO: - Eval metrics : acc_top1: 50.518 ; acc_top5: 81.658 ; loss: 1.812
2021-08-27 23:02:33,464:INFO: Epoch 25/300  [Need: 03:35:23]  lr=0.01
2021-08-27 23:03:17,840:INFO: - Train metrics (average): acc_top1: 57.981 ; acc_top5: 86.757 ; loss: 1.483
2021-08-27 23:03:20,721:INFO: - Eval metrics : acc_top1: 52.050 ; acc_top5: 81.738 ; loss: 1.803
2021-08-27 23:03:20,732:INFO: Epoch 26/300  [Need: 03:36:38]  lr=0.01
2021-08-27 23:04:04,802:INFO: - Train metrics (average): acc_top1: 59.443 ; acc_top5: 87.954 ; loss: 1.432
2021-08-27 23:04:07,721:INFO: - Eval metrics : acc_top1: 52.956 ; acc_top5: 82.822 ; loss: 1.719
2021-08-27 23:04:07,732:INFO: - Found new best accuracy on validation set
2021-08-27 23:04:07,733:INFO: Epoch 27/300  [Need: 03:34:38]  lr=0.01
2021-08-27 23:04:52,397:INFO: - Train metrics (average): acc_top1: 59.792 ; acc_top5: 87.362 ; loss: 1.417
2021-08-27 23:04:55,299:INFO: - Eval metrics : acc_top1: 54.070 ; acc_top5: 83.240 ; loss: 1.694
2021-08-27 23:04:55,311:INFO: - Found new best accuracy on validation set
2021-08-27 23:04:55,311:INFO: Epoch 28/300  [Need: 03:36:28]  lr=0.01
2021-08-27 23:05:39,497:INFO: - Train metrics (average): acc_top1: 59.719 ; acc_top5: 87.829 ; loss: 1.408
2021-08-27 23:05:42,421:INFO: - Eval metrics : acc_top1: 52.558 ; acc_top5: 82.773 ; loss: 1.751
2021-08-27 23:05:42,431:INFO: Epoch 29/300  [Need: 03:33:36]  lr=0.01
2021-08-27 23:06:27,057:INFO: - Train metrics (average): acc_top1: 59.054 ; acc_top5: 88.714 ; loss: 1.412
2021-08-27 23:06:29,997:INFO: - Eval metrics : acc_top1: 53.364 ; acc_top5: 82.932 ; loss: 1.708
2021-08-27 23:06:30,008:INFO: Epoch 30/300  [Need: 03:34:53]  lr=0.01
2021-08-27 23:07:14,647:INFO: - Train metrics (average): acc_top1: 60.523 ; acc_top5: 88.131 ; loss: 1.380
2021-08-27 23:07:17,574:INFO: - Eval metrics : acc_top1: 53.991 ; acc_top5: 84.076 ; loss: 1.648
2021-08-27 23:07:17,585:INFO: Epoch 31/300  [Need: 03:34:05]  lr=0.01
2021-08-27 23:08:01,671:INFO: - Train metrics (average): acc_top1: 61.183 ; acc_top5: 89.081 ; loss: 1.345
2021-08-27 23:08:04,613:INFO: - Eval metrics : acc_top1: 54.498 ; acc_top5: 83.410 ; loss: 1.657
2021-08-27 23:08:04,624:INFO: - Found new best accuracy on validation set
2021-08-27 23:08:04,624:INFO: Epoch 32/300  [Need: 03:30:53]  lr=0.01
2021-08-27 23:08:49,255:INFO: - Train metrics (average): acc_top1: 60.825 ; acc_top5: 89.270 ; loss: 1.368
2021-08-27 23:08:52,187:INFO: - Eval metrics : acc_top1: 54.439 ; acc_top5: 83.499 ; loss: 1.666
2021-08-27 23:08:52,198:INFO: Epoch 33/300  [Need: 03:32:29]  lr=0.01
2021-08-27 23:09:36,283:INFO: - Train metrics (average): acc_top1: 60.409 ; acc_top5: 89.460 ; loss: 1.358
2021-08-27 23:09:39,217:INFO: - Eval metrics : acc_top1: 54.319 ; acc_top5: 83.260 ; loss: 1.709
2021-08-27 23:09:39,228:INFO: Epoch 34/300  [Need: 03:29:17]  lr=0.01
2021-08-27 23:10:23,895:INFO: - Train metrics (average): acc_top1: 62.103 ; acc_top5: 88.739 ; loss: 1.329
2021-08-27 23:10:26,829:INFO: - Eval metrics : acc_top1: 53.881 ; acc_top5: 82.982 ; loss: 1.733
2021-08-27 23:10:26,841:INFO: Epoch 35/300  [Need: 03:31:05]  lr=0.01
2021-08-27 23:11:10,913:INFO: - Train metrics (average): acc_top1: 63.242 ; acc_top5: 89.504 ; loss: 1.292
2021-08-27 23:11:13,855:INFO: - Eval metrics : acc_top1: 52.966 ; acc_top5: 82.594 ; loss: 1.724
2021-08-27 23:11:13,866:INFO: Epoch 36/300  [Need: 03:27:41]  lr=0.01
2021-08-27 23:11:58,513:INFO: - Train metrics (average): acc_top1: 61.585 ; acc_top5: 88.270 ; loss: 1.344
2021-08-27 23:12:01,441:INFO: - Eval metrics : acc_top1: 53.732 ; acc_top5: 82.584 ; loss: 1.698
2021-08-27 23:12:01,452:INFO: Epoch 37/300  [Need: 03:29:22]  lr=0.01
2021-08-27 23:12:46,100:INFO: - Train metrics (average): acc_top1: 61.620 ; acc_top5: 89.224 ; loss: 1.332
2021-08-27 23:12:49,023:INFO: - Eval metrics : acc_top1: 54.270 ; acc_top5: 82.922 ; loss: 1.689
2021-08-27 23:12:49,034:INFO: Epoch 38/300  [Need: 03:28:34]  lr=0.01
2021-08-27 23:13:33,110:INFO: - Train metrics (average): acc_top1: 61.862 ; acc_top5: 89.534 ; loss: 1.319
2021-08-27 23:13:36,034:INFO: - Eval metrics : acc_top1: 54.827 ; acc_top5: 83.081 ; loss: 1.676
2021-08-27 23:13:36,045:INFO: - Found new best accuracy on validation set
2021-08-27 23:13:36,045:INFO: Epoch 39/300  [Need: 03:25:16]  lr=0.01
2021-08-27 23:14:20,712:INFO: - Train metrics (average): acc_top1: 63.107 ; acc_top5: 89.916 ; loss: 1.271
2021-08-27 23:14:23,633:INFO: - Eval metrics : acc_top1: 54.648 ; acc_top5: 83.947 ; loss: 1.676
2021-08-27 23:14:23,643:INFO: Epoch 40/300  [Need: 03:27:03]  lr=0.01
2021-08-27 23:15:07,731:INFO: - Train metrics (average): acc_top1: 62.647 ; acc_top5: 89.706 ; loss: 1.272
2021-08-27 23:15:10,665:INFO: - Eval metrics : acc_top1: 56.927 ; acc_top5: 85.102 ; loss: 1.560
2021-08-27 23:15:10,677:INFO: - Found new best accuracy on validation set
2021-08-27 23:15:10,677:INFO: Epoch 41/300  [Need: 03:23:48]  lr=0.01
2021-08-27 23:15:55,321:INFO: - Train metrics (average): acc_top1: 64.696 ; acc_top5: 90.252 ; loss: 1.249
2021-08-27 23:15:58,247:INFO: - Eval metrics : acc_top1: 54.379 ; acc_top5: 83.539 ; loss: 1.670
2021-08-27 23:15:58,258:INFO: Epoch 42/300  [Need: 03:25:23]  lr=0.01
2021-08-27 23:16:42,308:INFO: - Train metrics (average): acc_top1: 64.593 ; acc_top5: 90.437 ; loss: 1.230
2021-08-27 23:16:45,263:INFO: - Eval metrics : acc_top1: 55.474 ; acc_top5: 83.599 ; loss: 1.679
2021-08-27 23:16:45,274:INFO: Epoch 43/300  [Need: 03:22:10]  lr=0.01
2021-08-27 23:17:29,934:INFO: - Train metrics (average): acc_top1: 64.628 ; acc_top5: 90.747 ; loss: 1.208
2021-08-27 23:17:32,855:INFO: - Eval metrics : acc_top1: 58.171 ; acc_top5: 85.559 ; loss: 1.549
2021-08-27 23:17:32,875:INFO: - Found new best accuracy on validation set
2021-08-27 23:17:32,876:INFO: Epoch 44/300  [Need: 03:23:53]  lr=0.01
2021-08-27 23:18:17,541:INFO: - Train metrics (average): acc_top1: 63.184 ; acc_top5: 89.869 ; loss: 1.271
2021-08-27 23:18:20,465:INFO: - Eval metrics : acc_top1: 56.359 ; acc_top5: 84.514 ; loss: 1.607
2021-08-27 23:18:20,476:INFO: Epoch 45/300  [Need: 03:23:05]  lr=0.01
2021-08-27 23:19:04,377:INFO: - Train metrics (average): acc_top1: 62.856 ; acc_top5: 89.891 ; loss: 1.283
2021-08-27 23:19:07,291:INFO: - Eval metrics : acc_top1: 56.986 ; acc_top5: 84.853 ; loss: 1.577
2021-08-27 23:19:07,302:INFO: Epoch 46/300  [Need: 03:19:00]  lr=0.01
2021-08-27 23:19:51,943:INFO: - Train metrics (average): acc_top1: 63.969 ; acc_top5: 89.901 ; loss: 1.255
2021-08-27 23:19:54,896:INFO: - Eval metrics : acc_top1: 57.424 ; acc_top5: 85.181 ; loss: 1.541
2021-08-27 23:19:54,907:INFO: Epoch 47/300  [Need: 03:21:31]  lr=0.01
2021-08-27 23:20:39,013:INFO: - Train metrics (average): acc_top1: 64.568 ; acc_top5: 89.778 ; loss: 1.227
2021-08-27 23:20:41,934:INFO: - Eval metrics : acc_top1: 55.732 ; acc_top5: 84.096 ; loss: 1.650
2021-08-27 23:20:41,945:INFO: Epoch 48/300  [Need: 03:18:20]  lr=0.01
2021-08-27 23:21:26,605:INFO: - Train metrics (average): acc_top1: 65.198 ; acc_top5: 90.878 ; loss: 1.203
2021-08-27 23:21:29,539:INFO: - Eval metrics : acc_top1: 56.608 ; acc_top5: 85.480 ; loss: 1.558
2021-08-27 23:21:29,550:INFO: Epoch 49/300  [Need: 03:19:56]  lr=0.01
2021-08-27 23:22:13,653:INFO: - Train metrics (average): acc_top1: 64.595 ; acc_top5: 91.035 ; loss: 1.218
2021-08-27 23:22:16,577:INFO: - Eval metrics : acc_top1: 56.499 ; acc_top5: 85.092 ; loss: 1.580
2021-08-27 23:22:16,587:INFO: Epoch 50/300  [Need: 03:16:46]  lr=0.01
2021-08-27 23:23:01,215:INFO: - Train metrics (average): acc_top1: 65.249 ; acc_top5: 90.853 ; loss: 1.218
2021-08-27 23:23:04,154:INFO: - Eval metrics : acc_top1: 55.175 ; acc_top5: 84.365 ; loss: 1.629
2021-08-27 23:23:04,165:INFO: Epoch 51/300  [Need: 03:18:14]  lr=0.01
2021-08-27 23:23:48,813:INFO: - Train metrics (average): acc_top1: 65.724 ; acc_top5: 90.531 ; loss: 1.196
2021-08-27 23:23:51,568:INFO: - Eval metrics : acc_top1: 56.598 ; acc_top5: 84.524 ; loss: 1.615
2021-08-27 23:23:51,579:INFO: Epoch 52/300  [Need: 03:16:46]  lr=0.01
2021-08-27 23:24:35,794:INFO: - Train metrics (average): acc_top1: 65.771 ; acc_top5: 91.354 ; loss: 1.180
2021-08-27 23:24:38,711:INFO: - Eval metrics : acc_top1: 56.628 ; acc_top5: 84.893 ; loss: 1.590
2021-08-27 23:24:38,721:INFO: Epoch 53/300  [Need: 03:14:51]  lr=0.01
2021-08-27 23:25:23,357:INFO: - Train metrics (average): acc_top1: 66.144 ; acc_top5: 91.710 ; loss: 1.180
2021-08-27 23:25:26,298:INFO: - Eval metrics : acc_top1: 54.678 ; acc_top5: 83.788 ; loss: 1.681
2021-08-27 23:25:26,309:INFO: Epoch 54/300  [Need: 03:15:54]  lr=0.01
2021-08-27 23:26:10,398:INFO: - Train metrics (average): acc_top1: 66.003 ; acc_top5: 91.657 ; loss: 1.156
2021-08-27 23:26:13,322:INFO: - Eval metrics : acc_top1: 56.967 ; acc_top5: 84.723 ; loss: 1.585
2021-08-27 23:26:13,333:INFO: Epoch 55/300  [Need: 03:12:47]  lr=0.01
2021-08-27 23:26:57,969:INFO: - Train metrics (average): acc_top1: 66.552 ; acc_top5: 91.293 ; loss: 1.153
2021-08-27 23:27:00,906:INFO: - Eval metrics : acc_top1: 56.768 ; acc_top5: 85.281 ; loss: 1.577
2021-08-27 23:27:00,918:INFO: Epoch 56/300  [Need: 03:14:18]  lr=0.01
2021-08-27 23:27:45,000:INFO: - Train metrics (average): acc_top1: 67.255 ; acc_top5: 91.234 ; loss: 1.151
2021-08-27 23:27:47,932:INFO: - Eval metrics : acc_top1: 56.967 ; acc_top5: 84.285 ; loss: 1.593
2021-08-27 23:27:47,943:INFO: Epoch 57/300  [Need: 03:11:14]  lr=0.01
2021-08-27 23:28:32,577:INFO: - Train metrics (average): acc_top1: 64.827 ; acc_top5: 91.071 ; loss: 1.188
2021-08-27 23:28:35,510:INFO: - Eval metrics : acc_top1: 58.121 ; acc_top5: 85.957 ; loss: 1.530
2021-08-27 23:28:35,521:INFO: Epoch 58/300  [Need: 03:12:41]  lr=0.01
2021-08-27 23:29:20,145:INFO: - Train metrics (average): acc_top1: 64.881 ; acc_top5: 91.638 ; loss: 1.181
2021-08-27 23:29:22,774:INFO: - Eval metrics : acc_top1: 57.613 ; acc_top5: 85.679 ; loss: 1.541
2021-08-27 23:29:22,785:INFO: Epoch 59/300  [Need: 03:10:37]  lr=0.01
2021-08-27 23:30:07,152:INFO: - Train metrics (average): acc_top1: 65.134 ; acc_top5: 91.461 ; loss: 1.169
2021-08-27 23:30:10,094:INFO: - Eval metrics : acc_top1: 56.529 ; acc_top5: 85.619 ; loss: 1.590
2021-08-27 23:30:10,104:INFO: Epoch 60/300  [Need: 03:10:03]  lr=0.01
2021-08-27 23:30:54,727:INFO: - Train metrics (average): acc_top1: 66.922 ; acc_top5: 91.837 ; loss: 1.138
2021-08-27 23:30:57,652:INFO: - Eval metrics : acc_top1: 57.126 ; acc_top5: 84.932 ; loss: 1.596
2021-08-27 23:30:57,663:INFO: Epoch 61/300  [Need: 03:10:13]  lr=0.01
2021-08-27 23:31:41,791:INFO: - Train metrics (average): acc_top1: 66.710 ; acc_top5: 91.787 ; loss: 1.143
2021-08-27 23:31:44,732:INFO: - Eval metrics : acc_top1: 55.961 ; acc_top5: 83.221 ; loss: 1.686
2021-08-27 23:31:44,748:INFO: Epoch 62/300  [Need: 03:07:33]  lr=0.01
2021-08-27 23:32:29,390:INFO: - Train metrics (average): acc_top1: 65.592 ; acc_top5: 90.762 ; loss: 1.182
2021-08-27 23:32:32,301:INFO: - Eval metrics : acc_top1: 57.375 ; acc_top5: 85.510 ; loss: 1.558
2021-08-27 23:32:32,312:INFO: Epoch 63/300  [Need: 03:08:40]  lr=0.01
2021-08-27 23:33:16,189:INFO: - Train metrics (average): acc_top1: 66.173 ; acc_top5: 91.315 ; loss: 1.162
2021-08-27 23:33:19,084:INFO: - Eval metrics : acc_top1: 58.390 ; acc_top5: 87.052 ; loss: 1.496
2021-08-27 23:33:19,095:INFO: - Found new best accuracy on validation set
2021-08-27 23:33:19,096:INFO: Epoch 64/300  [Need: 03:04:47]  lr=0.01
2021-08-27 23:34:03,733:INFO: - Train metrics (average): acc_top1: 67.129 ; acc_top5: 91.405 ; loss: 1.148
2021-08-27 23:34:06,657:INFO: - Eval metrics : acc_top1: 57.733 ; acc_top5: 85.788 ; loss: 1.550
2021-08-27 23:34:06,668:INFO: Epoch 65/300  [Need: 03:07:07]  lr=0.01
2021-08-27 23:34:50,917:INFO: - Train metrics (average): acc_top1: 66.760 ; acc_top5: 91.638 ; loss: 1.134
2021-08-27 23:34:53,632:INFO: - Eval metrics : acc_top1: 56.638 ; acc_top5: 85.002 ; loss: 1.603
2021-08-27 23:34:53,644:INFO: Epoch 66/300  [Need: 03:03:59]  lr=0.01
2021-08-27 23:35:38,105:INFO: - Train metrics (average): acc_top1: 66.427 ; acc_top5: 90.854 ; loss: 1.162
2021-08-27 23:35:41,010:INFO: - Eval metrics : acc_top1: 57.335 ; acc_top5: 84.893 ; loss: 1.630
2021-08-27 23:35:41,022:INFO: Epoch 67/300  [Need: 03:04:46]  lr=0.01
2021-08-27 23:36:25,407:INFO: - Train metrics (average): acc_top1: 66.706 ; acc_top5: 92.250 ; loss: 1.132
2021-08-27 23:36:28,303:INFO: - Eval metrics : acc_top1: 57.972 ; acc_top5: 85.639 ; loss: 1.531
2021-08-27 23:36:28,313:INFO: Epoch 68/300  [Need: 03:03:38]  lr=0.01
2021-08-27 23:37:12,341:INFO: - Train metrics (average): acc_top1: 67.909 ; acc_top5: 92.073 ; loss: 1.094
2021-08-27 23:37:15,242:INFO: - Eval metrics : acc_top1: 58.071 ; acc_top5: 85.599 ; loss: 1.538
2021-08-27 23:37:15,253:INFO: Epoch 69/300  [Need: 03:01:29]  lr=0.01
2021-08-27 23:37:59,911:INFO: - Train metrics (average): acc_top1: 67.862 ; acc_top5: 92.213 ; loss: 1.104
2021-08-27 23:38:02,860:INFO: - Eval metrics : acc_top1: 57.673 ; acc_top5: 85.778 ; loss: 1.585
2021-08-27 23:38:02,871:INFO: Epoch 70/300  [Need: 03:03:19]  lr=0.01
2021-08-27 23:38:46,788:INFO: - Train metrics (average): acc_top1: 66.831 ; acc_top5: 92.040 ; loss: 1.122
2021-08-27 23:38:49,727:INFO: - Eval metrics : acc_top1: 57.812 ; acc_top5: 85.798 ; loss: 1.572
2021-08-27 23:38:49,738:INFO: Epoch 71/300  [Need: 02:59:39]  lr=0.01
2021-08-27 23:39:34,370:INFO: - Train metrics (average): acc_top1: 66.504 ; acc_top5: 92.071 ; loss: 1.105
2021-08-27 23:39:37,302:INFO: - Eval metrics : acc_top1: 58.887 ; acc_top5: 85.818 ; loss: 1.486
2021-08-27 23:39:37,313:INFO: - Found new best accuracy on validation set
2021-08-27 23:39:37,313:INFO: Epoch 72/300  [Need: 03:01:34]  lr=0.01
2021-08-27 23:40:21,769:INFO: - Train metrics (average): acc_top1: 68.683 ; acc_top5: 92.216 ; loss: 1.101
2021-08-27 23:40:24,350:INFO: - Eval metrics : acc_top1: 57.773 ; acc_top5: 84.813 ; loss: 1.555
2021-08-27 23:40:24,362:INFO: Epoch 73/300  [Need: 02:58:47]  lr=0.01
2021-08-27 23:41:08,997:INFO: - Train metrics (average): acc_top1: 67.744 ; acc_top5: 91.686 ; loss: 1.137
2021-08-27 23:41:11,922:INFO: - Eval metrics : acc_top1: 57.962 ; acc_top5: 85.748 ; loss: 1.548
2021-08-27 23:41:11,933:INFO: Epoch 74/300  [Need: 02:59:58]  lr=0.01
2021-08-27 23:41:56,584:INFO: - Train metrics (average): acc_top1: 67.439 ; acc_top5: 92.263 ; loss: 1.074
2021-08-27 23:41:59,516:INFO: - Eval metrics : acc_top1: 57.703 ; acc_top5: 85.888 ; loss: 1.536
2021-08-27 23:41:59,527:INFO: Epoch 75/300  [Need: 02:59:16]  lr=0.01
2021-08-27 23:42:43,614:INFO: - Train metrics (average): acc_top1: 68.199 ; acc_top5: 91.519 ; loss: 1.111
2021-08-27 23:42:46,554:INFO: - Eval metrics : acc_top1: 58.141 ; acc_top5: 85.957 ; loss: 1.537
2021-08-27 23:42:46,565:INFO: Epoch 76/300  [Need: 02:56:23]  lr=0.001
2021-08-27 23:43:31,230:INFO: - Train metrics (average): acc_top1: 72.850 ; acc_top5: 94.436 ; loss: 0.920
2021-08-27 23:43:34,168:INFO: - Eval metrics : acc_top1: 66.381 ; acc_top5: 90.486 ; loss: 1.181
2021-08-27 23:43:34,179:INFO: - Found new best accuracy on validation set
2021-08-27 23:43:34,179:INFO: Epoch 77/300  [Need: 02:57:45]  lr=0.001
2021-08-27 23:44:18,266:INFO: - Train metrics (average): acc_top1: 76.535 ; acc_top5: 95.796 ; loss: 0.800
2021-08-27 23:44:21,197:INFO: - Eval metrics : acc_top1: 67.008 ; acc_top5: 90.535 ; loss: 1.170
2021-08-27 23:44:21,208:INFO: - Found new best accuracy on validation set
2021-08-27 23:44:21,209:INFO: Epoch 78/300  [Need: 02:54:47]  lr=0.001
2021-08-27 23:45:05,855:INFO: - Train metrics (average): acc_top1: 77.312 ; acc_top5: 95.531 ; loss: 0.799
2021-08-27 23:45:08,787:INFO: - Eval metrics : acc_top1: 67.148 ; acc_top5: 90.734 ; loss: 1.167
2021-08-27 23:45:08,798:INFO: - Found new best accuracy on validation set
2021-08-27 23:45:08,799:INFO: Epoch 79/300  [Need: 02:56:05]  lr=0.001
2021-08-27 23:45:53,061:INFO: - Train metrics (average): acc_top1: 77.256 ; acc_top5: 96.146 ; loss: 0.781
2021-08-27 23:45:55,795:INFO: - Eval metrics : acc_top1: 67.377 ; acc_top5: 90.794 ; loss: 1.163
2021-08-27 23:45:55,806:INFO: - Found new best accuracy on validation set
2021-08-27 23:45:55,806:INFO: Epoch 80/300  [Need: 02:53:08]  lr=0.001
2021-08-27 23:46:40,443:INFO: - Train metrics (average): acc_top1: 79.111 ; acc_top5: 95.387 ; loss: 0.746
2021-08-27 23:46:43,371:INFO: - Eval metrics : acc_top1: 67.327 ; acc_top5: 90.834 ; loss: 1.162
2021-08-27 23:46:43,382:INFO: Epoch 81/300  [Need: 02:54:26]  lr=0.001
2021-08-27 23:47:28,046:INFO: - Train metrics (average): acc_top1: 77.928 ; acc_top5: 96.280 ; loss: 0.740
2021-08-27 23:47:30,967:INFO: - Eval metrics : acc_top1: 67.168 ; acc_top5: 90.744 ; loss: 1.169
2021-08-27 23:47:30,978:INFO: Epoch 82/300  [Need: 02:53:43]  lr=0.001
2021-08-27 23:48:15,072:INFO: - Train metrics (average): acc_top1: 76.450 ; acc_top5: 96.045 ; loss: 0.780
2021-08-27 23:48:18,004:INFO: - Eval metrics : acc_top1: 67.605 ; acc_top5: 90.615 ; loss: 1.166
2021-08-27 23:48:18,016:INFO: - Found new best accuracy on validation set
2021-08-27 23:48:18,016:INFO: Epoch 83/300  [Need: 02:50:54]  lr=0.001
2021-08-27 23:49:02,471:INFO: - Train metrics (average): acc_top1: 77.265 ; acc_top5: 95.423 ; loss: 0.767
2021-08-27 23:49:05,357:INFO: - Eval metrics : acc_top1: 67.277 ; acc_top5: 90.834 ; loss: 1.165
2021-08-27 23:49:05,372:INFO: Epoch 84/300  [Need: 02:51:16]  lr=0.001
2021-08-27 23:49:49,476:INFO: - Train metrics (average): acc_top1: 79.338 ; acc_top5: 95.949 ; loss: 0.718
2021-08-27 23:49:52,395:INFO: - Eval metrics : acc_top1: 67.277 ; acc_top5: 90.744 ; loss: 1.168
2021-08-27 23:49:52,406:INFO: Epoch 85/300  [Need: 02:49:19]  lr=0.001
2021-08-27 23:50:36,768:INFO: - Train metrics (average): acc_top1: 79.943 ; acc_top5: 96.529 ; loss: 0.699
2021-08-27 23:50:39,659:INFO: - Eval metrics : acc_top1: 67.088 ; acc_top5: 90.675 ; loss: 1.170
2021-08-27 23:50:39,677:INFO: Epoch 86/300  [Need: 02:49:23]  lr=0.001
2021-08-27 23:51:23,618:INFO: - Train metrics (average): acc_top1: 78.415 ; acc_top5: 96.532 ; loss: 0.719
2021-08-27 23:51:26,466:INFO: - Eval metrics : acc_top1: 67.436 ; acc_top5: 90.655 ; loss: 1.167
2021-08-27 23:51:26,485:INFO: Epoch 87/300  [Need: 02:46:57]  lr=0.001
2021-08-27 23:52:11,136:INFO: - Train metrics (average): acc_top1: 79.523 ; acc_top5: 96.122 ; loss: 0.710
2021-08-27 23:52:14,081:INFO: - Eval metrics : acc_top1: 66.700 ; acc_top5: 90.655 ; loss: 1.173
2021-08-27 23:52:14,092:INFO: Epoch 88/300  [Need: 02:49:00]  lr=0.001
2021-08-27 23:52:58,744:INFO: - Train metrics (average): acc_top1: 80.400 ; acc_top5: 96.784 ; loss: 0.687
2021-08-27 23:53:01,670:INFO: - Eval metrics : acc_top1: 67.456 ; acc_top5: 90.874 ; loss: 1.168
2021-08-27 23:53:01,681:INFO: Epoch 89/300  [Need: 02:48:08]  lr=0.001
2021-08-27 23:53:45,756:INFO: - Train metrics (average): acc_top1: 80.454 ; acc_top5: 96.551 ; loss: 0.692
2021-08-27 23:53:48,689:INFO: - Eval metrics : acc_top1: 67.277 ; acc_top5: 90.764 ; loss: 1.167
2021-08-27 23:53:48,700:INFO: Epoch 90/300  [Need: 02:45:20]  lr=0.001
2021-08-27 23:54:33,343:INFO: - Train metrics (average): acc_top1: 79.950 ; acc_top5: 96.236 ; loss: 0.688
2021-08-27 23:54:36,285:INFO: - Eval metrics : acc_top1: 67.297 ; acc_top5: 90.864 ; loss: 1.176
2021-08-27 23:54:36,300:INFO: Epoch 91/300  [Need: 02:46:36]  lr=0.001
2021-08-27 23:55:20,390:INFO: - Train metrics (average): acc_top1: 80.403 ; acc_top5: 96.809 ; loss: 0.673
2021-08-27 23:55:23,312:INFO: - Eval metrics : acc_top1: 67.416 ; acc_top5: 90.675 ; loss: 1.178
2021-08-27 23:55:23,322:INFO: Epoch 92/300  [Need: 02:43:47]  lr=0.001
2021-08-27 23:56:07,971:INFO: - Train metrics (average): acc_top1: 80.588 ; acc_top5: 96.457 ; loss: 0.671
2021-08-27 23:56:10,913:INFO: - Eval metrics : acc_top1: 67.586 ; acc_top5: 90.585 ; loss: 1.168
2021-08-27 23:56:10,924:INFO: Epoch 93/300  [Need: 02:45:01]  lr=0.001
2021-08-27 23:56:55,012:INFO: - Train metrics (average): acc_top1: 81.547 ; acc_top5: 96.949 ; loss: 0.659
2021-08-27 23:56:57,929:INFO: - Eval metrics : acc_top1: 67.377 ; acc_top5: 90.824 ; loss: 1.173
2021-08-27 23:56:57,940:INFO: Epoch 94/300  [Need: 02:42:12]  lr=0.001
2021-08-27 23:57:42,300:INFO: - Train metrics (average): acc_top1: 80.079 ; acc_top5: 96.704 ; loss: 0.682
2021-08-27 23:57:45,192:INFO: - Eval metrics : acc_top1: 67.516 ; acc_top5: 90.894 ; loss: 1.175
2021-08-27 23:57:45,202:INFO: Epoch 95/300  [Need: 02:42:16]  lr=0.001
2021-08-27 23:58:29,844:INFO: - Train metrics (average): acc_top1: 80.053 ; acc_top5: 97.221 ; loss: 0.680
2021-08-27 23:58:32,723:INFO: - Eval metrics : acc_top1: 67.287 ; acc_top5: 90.784 ; loss: 1.181
2021-08-27 23:58:32,734:INFO: Epoch 96/300  [Need: 02:42:23]  lr=0.001
2021-08-27 23:59:16,886:INFO: - Train metrics (average): acc_top1: 79.710 ; acc_top5: 96.942 ; loss: 0.688
2021-08-27 23:59:19,818:INFO: - Eval metrics : acc_top1: 67.048 ; acc_top5: 90.695 ; loss: 1.184
2021-08-27 23:59:19,829:INFO: Epoch 97/300  [Need: 02:40:07]  lr=0.001
2021-08-28 00:00:04,469:INFO: - Train metrics (average): acc_top1: 80.225 ; acc_top5: 96.794 ; loss: 0.667
2021-08-28 00:00:07,386:INFO: - Eval metrics : acc_top1: 66.660 ; acc_top5: 90.575 ; loss: 1.197
2021-08-28 00:00:07,397:INFO: Epoch 98/300  [Need: 02:40:56]  lr=0.001
2021-08-28 00:00:51,481:INFO: - Train metrics (average): acc_top1: 81.436 ; acc_top5: 96.898 ; loss: 0.642
2021-08-28 00:00:54,416:INFO: - Eval metrics : acc_top1: 67.357 ; acc_top5: 90.525 ; loss: 1.185
2021-08-28 00:00:54,427:INFO: Epoch 99/300  [Need: 02:38:20]  lr=0.001
2021-08-28 00:01:39,084:INFO: - Train metrics (average): acc_top1: 81.933 ; acc_top5: 97.192 ; loss: 0.626
2021-08-28 00:01:42,014:INFO: - Eval metrics : acc_top1: 67.446 ; acc_top5: 90.625 ; loss: 1.187
2021-08-28 00:01:42,024:INFO: Epoch 100/300  [Need: 02:39:27]  lr=0.001
2021-08-28 00:02:26,106:INFO: - Train metrics (average): acc_top1: 79.276 ; acc_top5: 96.752 ; loss: 0.680
2021-08-28 00:02:28,983:INFO: - Eval metrics : acc_top1: 66.919 ; acc_top5: 90.287 ; loss: 1.192
2021-08-28 00:02:28,994:INFO: Epoch 101/300  [Need: 02:36:33]  lr=0.001
2021-08-28 00:03:13,367:INFO: - Train metrics (average): acc_top1: 80.358 ; acc_top5: 96.890 ; loss: 0.661
2021-08-28 00:03:16,268:INFO: - Eval metrics : acc_top1: 67.436 ; acc_top5: 90.516 ; loss: 1.191
2021-08-28 00:03:16,280:INFO: Epoch 102/300  [Need: 02:36:49]  lr=0.001
2021-08-28 00:04:00,653:INFO: - Train metrics (average): acc_top1: 80.345 ; acc_top5: 96.510 ; loss: 0.670
2021-08-28 00:04:03,565:INFO: - Eval metrics : acc_top1: 67.367 ; acc_top5: 90.744 ; loss: 1.192
2021-08-28 00:04:03,576:INFO: Epoch 103/300  [Need: 02:36:04]  lr=0.001
2021-08-28 00:04:47,655:INFO: - Train metrics (average): acc_top1: 82.404 ; acc_top5: 97.497 ; loss: 0.602
2021-08-28 00:04:50,589:INFO: - Eval metrics : acc_top1: 67.267 ; acc_top5: 90.685 ; loss: 1.202
2021-08-28 00:04:50,599:INFO: Epoch 104/300  [Need: 02:34:23]  lr=0.001
2021-08-28 00:05:35,249:INFO: - Train metrics (average): acc_top1: 82.010 ; acc_top5: 97.463 ; loss: 0.624
2021-08-28 00:05:38,174:INFO: - Eval metrics : acc_top1: 67.436 ; acc_top5: 90.466 ; loss: 1.192
2021-08-28 00:05:38,185:INFO: Epoch 105/300  [Need: 02:35:26]  lr=0.001
2021-08-28 00:06:22,278:INFO: - Train metrics (average): acc_top1: 81.788 ; acc_top5: 97.228 ; loss: 0.635
2021-08-28 00:06:25,201:INFO: - Eval metrics : acc_top1: 66.740 ; acc_top5: 90.555 ; loss: 1.206
2021-08-28 00:06:25,213:INFO: Epoch 106/300  [Need: 02:32:50]  lr=0.001
2021-08-28 00:07:09,858:INFO: - Train metrics (average): acc_top1: 81.218 ; acc_top5: 96.997 ; loss: 0.649
2021-08-28 00:07:12,795:INFO: - Eval metrics : acc_top1: 66.660 ; acc_top5: 90.476 ; loss: 1.202
2021-08-28 00:07:12,806:INFO: Epoch 107/300  [Need: 02:33:52]  lr=0.001
2021-08-28 00:07:56,873:INFO: - Train metrics (average): acc_top1: 81.479 ; acc_top5: 97.556 ; loss: 0.622
2021-08-28 00:07:59,797:INFO: - Eval metrics : acc_top1: 66.988 ; acc_top5: 90.297 ; loss: 1.208
2021-08-28 00:07:59,808:INFO: Epoch 108/300  [Need: 02:31:11]  lr=0.001
2021-08-28 00:08:44,437:INFO: - Train metrics (average): acc_top1: 82.104 ; acc_top5: 97.063 ; loss: 0.603
2021-08-28 00:08:47,373:INFO: - Eval metrics : acc_top1: 66.839 ; acc_top5: 90.257 ; loss: 1.215
2021-08-28 00:08:47,384:INFO: Epoch 109/300  [Need: 02:32:14]  lr=0.001
2021-08-28 00:09:32,026:INFO: - Train metrics (average): acc_top1: 81.573 ; acc_top5: 97.390 ; loss: 0.621
2021-08-28 00:09:34,961:INFO: - Eval metrics : acc_top1: 66.640 ; acc_top5: 90.595 ; loss: 1.204
2021-08-28 00:09:34,972:INFO: Epoch 110/300  [Need: 02:31:29]  lr=0.001
2021-08-28 00:10:19,072:INFO: - Train metrics (average): acc_top1: 83.237 ; acc_top5: 97.595 ; loss: 0.587
2021-08-28 00:10:21,995:INFO: - Eval metrics : acc_top1: 66.829 ; acc_top5: 90.456 ; loss: 1.201
2021-08-28 00:10:22,006:INFO: Epoch 111/300  [Need: 02:28:56]  lr=0.001
2021-08-28 00:11:06,645:INFO: - Train metrics (average): acc_top1: 81.038 ; acc_top5: 96.980 ; loss: 0.647
2021-08-28 00:11:09,534:INFO: - Eval metrics : acc_top1: 66.969 ; acc_top5: 90.356 ; loss: 1.214
2021-08-28 00:11:09,544:INFO: Epoch 112/300  [Need: 02:29:44]  lr=0.001
2021-08-28 00:11:53,543:INFO: - Train metrics (average): acc_top1: 80.300 ; acc_top5: 97.532 ; loss: 0.641
2021-08-28 00:11:56,468:INFO: - Eval metrics : acc_top1: 66.750 ; acc_top5: 90.107 ; loss: 1.222
2021-08-28 00:11:56,484:INFO: Epoch 113/300  [Need: 02:27:04]  lr=0.001
2021-08-28 00:12:41,122:INFO: - Train metrics (average): acc_top1: 82.062 ; acc_top5: 97.368 ; loss: 0.615
2021-08-28 00:12:44,064:INFO: - Eval metrics : acc_top1: 66.551 ; acc_top5: 90.436 ; loss: 1.221
2021-08-28 00:12:44,075:INFO: Epoch 114/300  [Need: 02:28:19]  lr=0.001
2021-08-28 00:13:28,168:INFO: - Train metrics (average): acc_top1: 82.161 ; acc_top5: 97.667 ; loss: 0.599
2021-08-28 00:13:31,105:INFO: - Eval metrics : acc_top1: 66.779 ; acc_top5: 90.187 ; loss: 1.218
2021-08-28 00:13:31,115:INFO: Epoch 115/300  [Need: 02:25:49]  lr=0.001
2021-08-28 00:14:15,793:INFO: - Train metrics (average): acc_top1: 81.292 ; acc_top5: 96.881 ; loss: 0.641
2021-08-28 00:14:18,732:INFO: - Eval metrics : acc_top1: 67.088 ; acc_top5: 90.386 ; loss: 1.213
2021-08-28 00:14:18,743:INFO: Epoch 116/300  [Need: 02:26:51]  lr=0.001
2021-08-28 00:15:03,338:INFO: - Train metrics (average): acc_top1: 81.813 ; acc_top5: 97.811 ; loss: 0.598
2021-08-28 00:15:06,055:INFO: - Eval metrics : acc_top1: 66.819 ; acc_top5: 90.366 ; loss: 1.225
2021-08-28 00:15:06,066:INFO: Epoch 117/300  [Need: 02:25:07]  lr=0.001
2021-08-28 00:15:50,300:INFO: - Train metrics (average): acc_top1: 82.062 ; acc_top5: 97.487 ; loss: 0.612
2021-08-28 00:15:53,215:INFO: - Eval metrics : acc_top1: 66.770 ; acc_top5: 90.396 ; loss: 1.216
2021-08-28 00:15:53,226:INFO: Epoch 118/300  [Need: 02:23:50]  lr=0.001
2021-08-28 00:16:37,873:INFO: - Train metrics (average): acc_top1: 81.799 ; acc_top5: 97.414 ; loss: 0.612
2021-08-28 00:16:40,797:INFO: - Eval metrics : acc_top1: 66.809 ; acc_top5: 90.078 ; loss: 1.241
2021-08-28 00:16:40,808:INFO: Epoch 119/300  [Need: 02:24:19]  lr=0.001
2021-08-28 00:17:24,906:INFO: - Train metrics (average): acc_top1: 83.252 ; acc_top5: 97.694 ; loss: 0.580
2021-08-28 00:17:27,835:INFO: - Eval metrics : acc_top1: 66.919 ; acc_top5: 90.217 ; loss: 1.235
2021-08-28 00:17:27,846:INFO: Epoch 120/300  [Need: 02:21:53]  lr=0.001
2021-08-28 00:18:12,518:INFO: - Train metrics (average): acc_top1: 82.456 ; acc_top5: 97.820 ; loss: 0.575
2021-08-28 00:18:15,435:INFO: - Eval metrics : acc_top1: 66.282 ; acc_top5: 89.968 ; loss: 1.241
2021-08-28 00:18:15,448:INFO: Epoch 121/300  [Need: 02:22:48]  lr=0.001
2021-08-28 00:18:59,563:INFO: - Train metrics (average): acc_top1: 82.167 ; acc_top5: 97.582 ; loss: 0.587
2021-08-28 00:19:02,493:INFO: - Eval metrics : acc_top1: 66.431 ; acc_top5: 90.167 ; loss: 1.228
2021-08-28 00:19:02,504:INFO: Epoch 122/300  [Need: 02:20:23]  lr=0.001
2021-08-28 00:19:47,145:INFO: - Train metrics (average): acc_top1: 82.931 ; acc_top5: 97.551 ; loss: 0.591
2021-08-28 00:19:50,065:INFO: - Eval metrics : acc_top1: 66.491 ; acc_top5: 90.277 ; loss: 1.236
2021-08-28 00:19:50,083:INFO: Epoch 123/300  [Need: 02:21:09]  lr=0.001
2021-08-28 00:20:34,676:INFO: - Train metrics (average): acc_top1: 83.195 ; acc_top5: 97.690 ; loss: 0.573
2021-08-28 00:20:37,337:INFO: - Eval metrics : acc_top1: 66.441 ; acc_top5: 90.177 ; loss: 1.236
2021-08-28 00:20:37,353:INFO: Epoch 124/300  [Need: 02:19:26]  lr=0.001
2021-08-28 00:21:21,746:INFO: - Train metrics (average): acc_top1: 82.077 ; acc_top5: 97.245 ; loss: 0.617
2021-08-28 00:21:24,673:INFO: - Eval metrics : acc_top1: 66.371 ; acc_top5: 90.058 ; loss: 1.251
2021-08-28 00:21:24,684:INFO: Epoch 125/300  [Need: 02:18:50]  lr=0.001
2021-08-28 00:22:09,329:INFO: - Train metrics (average): acc_top1: 82.846 ; acc_top5: 97.739 ; loss: 0.581
2021-08-28 00:22:12,255:INFO: - Eval metrics : acc_top1: 66.461 ; acc_top5: 90.247 ; loss: 1.250
2021-08-28 00:22:12,269:INFO: Epoch 126/300  [Need: 02:18:47]  lr=0.001
2021-08-28 00:22:56,356:INFO: - Train metrics (average): acc_top1: 82.398 ; acc_top5: 97.519 ; loss: 0.589
2021-08-28 00:22:59,283:INFO: - Eval metrics : acc_top1: 66.829 ; acc_top5: 90.336 ; loss: 1.235
2021-08-28 00:22:59,294:INFO: Epoch 127/300  [Need: 02:16:22]  lr=0.001
2021-08-28 00:23:43,931:INFO: - Train metrics (average): acc_top1: 82.220 ; acc_top5: 97.755 ; loss: 0.589
2021-08-28 00:23:46,866:INFO: - Eval metrics : acc_top1: 66.451 ; acc_top5: 90.008 ; loss: 1.241
2021-08-28 00:23:46,877:INFO: Epoch 128/300  [Need: 02:17:11]  lr=0.001
2021-08-28 00:24:30,888:INFO: - Train metrics (average): acc_top1: 82.478 ; acc_top5: 97.513 ; loss: 0.596
2021-08-28 00:24:33,778:INFO: - Eval metrics : acc_top1: 66.869 ; acc_top5: 90.247 ; loss: 1.229
2021-08-28 00:24:33,789:INFO: Epoch 129/300  [Need: 02:14:28]  lr=0.001
2021-08-28 00:25:18,428:INFO: - Train metrics (average): acc_top1: 83.662 ; acc_top5: 97.663 ; loss: 0.567
2021-08-28 00:25:21,320:INFO: - Eval metrics : acc_top1: 66.421 ; acc_top5: 89.759 ; loss: 1.275
2021-08-28 00:25:21,333:INFO: Epoch 130/300  [Need: 02:15:30]  lr=0.001
2021-08-28 00:26:05,778:INFO: - Train metrics (average): acc_top1: 82.613 ; acc_top5: 97.381 ; loss: 0.591
2021-08-28 00:26:08,472:INFO: - Eval metrics : acc_top1: 66.730 ; acc_top5: 90.038 ; loss: 1.258
2021-08-28 00:26:08,487:INFO: Epoch 131/300  [Need: 02:13:36]  lr=0.001
2021-08-28 00:26:53,052:INFO: - Train metrics (average): acc_top1: 82.763 ; acc_top5: 97.702 ; loss: 0.591
2021-08-28 00:26:55,976:INFO: - Eval metrics : acc_top1: 66.690 ; acc_top5: 89.958 ; loss: 1.258
2021-08-28 00:26:55,986:INFO: Epoch 132/300  [Need: 02:13:47]  lr=0.001
2021-08-28 00:27:40,626:INFO: - Train metrics (average): acc_top1: 83.759 ; acc_top5: 97.415 ; loss: 0.558
2021-08-28 00:27:43,578:INFO: - Eval metrics : acc_top1: 66.143 ; acc_top5: 89.918 ; loss: 1.267
2021-08-28 00:27:43,589:INFO: Epoch 133/300  [Need: 02:13:17]  lr=0.001
2021-08-28 00:28:27,477:INFO: - Train metrics (average): acc_top1: 83.097 ; acc_top5: 97.642 ; loss: 0.579
2021-08-28 00:28:30,385:INFO: - Eval metrics : acc_top1: 66.093 ; acc_top5: 89.789 ; loss: 1.268
2021-08-28 00:28:30,396:INFO: Epoch 134/300  [Need: 02:10:16]  lr=0.001
2021-08-28 00:29:14,754:INFO: - Train metrics (average): acc_top1: 83.127 ; acc_top5: 97.905 ; loss: 0.552
2021-08-28 00:29:17,653:INFO: - Eval metrics : acc_top1: 67.267 ; acc_top5: 90.157 ; loss: 1.245
2021-08-28 00:29:17,664:INFO: Epoch 135/300  [Need: 02:10:46]  lr=0.001
2021-08-28 00:30:01,588:INFO: - Train metrics (average): acc_top1: 83.073 ; acc_top5: 97.655 ; loss: 0.581
2021-08-28 00:30:04,521:INFO: - Eval metrics : acc_top1: 66.650 ; acc_top5: 89.829 ; loss: 1.259
2021-08-28 00:30:04,532:INFO: Epoch 136/300  [Need: 02:08:53]  lr=0.001
2021-08-28 00:30:49,195:INFO: - Train metrics (average): acc_top1: 83.229 ; acc_top5: 97.885 ; loss: 0.559
2021-08-28 00:30:52,132:INFO: - Eval metrics : acc_top1: 66.570 ; acc_top5: 89.908 ; loss: 1.256
2021-08-28 00:30:52,143:INFO: Epoch 137/300  [Need: 02:10:08]  lr=0.001
2021-08-28 00:31:36,503:INFO: - Train metrics (average): acc_top1: 83.091 ; acc_top5: 97.648 ; loss: 0.571
2021-08-28 00:31:39,096:INFO: - Eval metrics : acc_top1: 66.411 ; acc_top5: 89.839 ; loss: 1.253
2021-08-28 00:31:39,106:INFO: Epoch 138/300  [Need: 02:07:35]  lr=0.001
2021-08-28 00:32:23,745:INFO: - Train metrics (average): acc_top1: 82.553 ; acc_top5: 97.951 ; loss: 0.567
2021-08-28 00:32:26,673:INFO: - Eval metrics : acc_top1: 66.501 ; acc_top5: 89.729 ; loss: 1.255
2021-08-28 00:32:26,687:INFO: Epoch 139/300  [Need: 02:08:27]  lr=0.001
2021-08-28 00:33:11,344:INFO: - Train metrics (average): acc_top1: 83.984 ; acc_top5: 98.072 ; loss: 0.546
2021-08-28 00:33:14,268:INFO: - Eval metrics : acc_top1: 66.521 ; acc_top5: 89.958 ; loss: 1.251
2021-08-28 00:33:14,279:INFO: Epoch 140/300  [Need: 02:07:42]  lr=0.001
2021-08-28 00:33:58,368:INFO: - Train metrics (average): acc_top1: 83.616 ; acc_top5: 98.079 ; loss: 0.548
2021-08-28 00:34:01,305:INFO: - Eval metrics : acc_top1: 66.690 ; acc_top5: 90.058 ; loss: 1.256
2021-08-28 00:34:01,316:INFO: Epoch 141/300  [Need: 02:05:26]  lr=0.001
2021-08-28 00:34:45,978:INFO: - Train metrics (average): acc_top1: 82.539 ; acc_top5: 97.551 ; loss: 0.578
2021-08-28 00:34:48,903:INFO: - Eval metrics : acc_top1: 66.391 ; acc_top5: 90.048 ; loss: 1.267
2021-08-28 00:34:48,913:INFO: Epoch 142/300  [Need: 02:06:07]  lr=0.001
2021-08-28 00:35:33,010:INFO: - Train metrics (average): acc_top1: 84.127 ; acc_top5: 98.151 ; loss: 0.547
2021-08-28 00:35:35,932:INFO: - Eval metrics : acc_top1: 66.640 ; acc_top5: 89.938 ; loss: 1.259
2021-08-28 00:35:35,943:INFO: Epoch 143/300  [Need: 02:03:50]  lr=0.001
2021-08-28 00:36:20,567:INFO: - Train metrics (average): acc_top1: 83.128 ; acc_top5: 98.238 ; loss: 0.563
2021-08-28 00:36:23,493:INFO: - Eval metrics : acc_top1: 66.600 ; acc_top5: 90.028 ; loss: 1.261
2021-08-28 00:36:23,504:INFO: Epoch 144/300  [Need: 02:04:27]  lr=0.001
2021-08-28 00:37:07,737:INFO: - Train metrics (average): acc_top1: 82.763 ; acc_top5: 97.678 ; loss: 0.584
2021-08-28 00:37:10,660:INFO: - Eval metrics : acc_top1: 66.441 ; acc_top5: 90.028 ; loss: 1.271
2021-08-28 00:37:10,671:INFO: Epoch 145/300  [Need: 02:02:37]  lr=0.001
2021-08-28 00:37:55,277:INFO: - Train metrics (average): acc_top1: 83.413 ; acc_top5: 97.733 ; loss: 0.570
2021-08-28 00:37:58,223:INFO: - Eval metrics : acc_top1: 66.252 ; acc_top5: 89.689 ; loss: 1.282
2021-08-28 00:37:58,233:INFO: Epoch 146/300  [Need: 02:02:52]  lr=0.001
2021-08-28 00:38:42,881:INFO: - Train metrics (average): acc_top1: 83.184 ; acc_top5: 97.889 ; loss: 0.570
2021-08-28 00:38:45,834:INFO: - Eval metrics : acc_top1: 66.063 ; acc_top5: 90.217 ; loss: 1.280
2021-08-28 00:38:45,845:INFO: Epoch 147/300  [Need: 02:02:12]  lr=0.001
2021-08-28 00:39:29,916:INFO: - Train metrics (average): acc_top1: 83.492 ; acc_top5: 97.836 ; loss: 0.556
2021-08-28 00:39:32,856:INFO: - Eval metrics : acc_top1: 66.401 ; acc_top5: 89.839 ; loss: 1.281
2021-08-28 00:39:32,867:INFO: Epoch 148/300  [Need: 01:59:54]  lr=0.001
2021-08-28 00:40:17,487:INFO: - Train metrics (average): acc_top1: 83.759 ; acc_top5: 97.980 ; loss: 0.548
2021-08-28 00:40:20,423:INFO: - Eval metrics : acc_top1: 66.391 ; acc_top5: 90.098 ; loss: 1.270
2021-08-28 00:40:20,434:INFO: Epoch 149/300  [Need: 02:00:30]  lr=0.001
2021-08-28 00:41:04,488:INFO: - Train metrics (average): acc_top1: 83.345 ; acc_top5: 97.550 ; loss: 0.580
2021-08-28 00:41:07,382:INFO: - Eval metrics : acc_top1: 66.521 ; acc_top5: 89.928 ; loss: 1.281
2021-08-28 00:41:07,395:INFO: Epoch 150/300  [Need: 01:58:11]  lr=0.001
2021-08-28 00:41:51,752:INFO: - Train metrics (average): acc_top1: 83.112 ; acc_top5: 97.193 ; loss: 0.592
2021-08-28 00:41:54,653:INFO: - Eval metrics : acc_top1: 65.943 ; acc_top5: 89.580 ; loss: 1.297
2021-08-28 00:41:54,664:INFO: Epoch 151/300  [Need: 01:58:10]  lr=0.0001
2021-08-28 00:42:38,762:INFO: - Train metrics (average): acc_top1: 84.388 ; acc_top5: 98.305 ; loss: 0.522
2021-08-28 00:42:41,693:INFO: - Eval metrics : acc_top1: 67.038 ; acc_top5: 90.117 ; loss: 1.247
2021-08-28 00:42:41,704:INFO: Epoch 152/300  [Need: 01:56:48]  lr=0.0001
2021-08-28 00:43:26,353:INFO: - Train metrics (average): acc_top1: 86.685 ; acc_top5: 98.581 ; loss: 0.475
2021-08-28 00:43:29,288:INFO: - Eval metrics : acc_top1: 67.486 ; acc_top5: 90.257 ; loss: 1.241
2021-08-28 00:43:29,299:INFO: Epoch 153/300  [Need: 01:57:24]  lr=0.0001
2021-08-28 00:44:13,941:INFO: - Train metrics (average): acc_top1: 85.866 ; acc_top5: 98.364 ; loss: 0.481
2021-08-28 00:44:16,877:INFO: - Eval metrics : acc_top1: 67.327 ; acc_top5: 90.366 ; loss: 1.242
2021-08-28 00:44:16,888:INFO: Epoch 154/300  [Need: 01:56:35]  lr=0.0001
2021-08-28 00:45:00,963:INFO: - Train metrics (average): acc_top1: 87.218 ; acc_top5: 98.605 ; loss: 0.467
2021-08-28 00:45:03,886:INFO: - Eval metrics : acc_top1: 67.197 ; acc_top5: 90.207 ; loss: 1.236
2021-08-28 00:45:03,897:INFO: Epoch 155/300  [Need: 01:54:23]  lr=0.0001
2021-08-28 00:45:48,539:INFO: - Train metrics (average): acc_top1: 86.562 ; acc_top5: 98.391 ; loss: 0.485
2021-08-28 00:45:51,486:INFO: - Eval metrics : acc_top1: 67.178 ; acc_top5: 90.187 ; loss: 1.235
2021-08-28 00:45:51,499:INFO: Epoch 156/300  [Need: 01:55:02]  lr=0.0001
2021-08-28 00:46:35,595:INFO: - Train metrics (average): acc_top1: 86.362 ; acc_top5: 98.504 ; loss: 0.469
2021-08-28 00:46:38,541:INFO: - Eval metrics : acc_top1: 67.197 ; acc_top5: 90.456 ; loss: 1.235
2021-08-28 00:46:38,552:INFO: Epoch 157/300  [Need: 01:52:55]  lr=0.0001
2021-08-28 00:47:23,204:INFO: - Train metrics (average): acc_top1: 86.243 ; acc_top5: 98.705 ; loss: 0.471
2021-08-28 00:47:26,142:INFO: - Eval metrics : acc_top1: 67.396 ; acc_top5: 90.486 ; loss: 1.234
2021-08-28 00:47:26,153:INFO: Epoch 158/300  [Need: 01:53:26]  lr=0.0001
2021-08-28 00:48:10,246:INFO: - Train metrics (average): acc_top1: 85.827 ; acc_top5: 98.395 ; loss: 0.487
2021-08-28 00:48:13,181:INFO: - Eval metrics : acc_top1: 67.367 ; acc_top5: 90.416 ; loss: 1.237
2021-08-28 00:48:13,192:INFO: Epoch 159/300  [Need: 01:51:19]  lr=0.0001
2021-08-28 00:48:57,840:INFO: - Train metrics (average): acc_top1: 86.436 ; acc_top5: 98.317 ; loss: 0.479
2021-08-28 00:49:00,782:INFO: - Eval metrics : acc_top1: 67.267 ; acc_top5: 90.396 ; loss: 1.242
2021-08-28 00:49:00,793:INFO: Epoch 160/300  [Need: 01:51:51]  lr=0.0001
2021-08-28 00:49:45,427:INFO: - Train metrics (average): acc_top1: 86.897 ; acc_top5: 98.457 ; loss: 0.473
2021-08-28 00:49:48,361:INFO: - Eval metrics : acc_top1: 67.168 ; acc_top5: 90.346 ; loss: 1.235
2021-08-28 00:49:48,372:INFO: Epoch 161/300  [Need: 01:51:01]  lr=0.0001
2021-08-28 00:50:32,469:INFO: - Train metrics (average): acc_top1: 85.932 ; acc_top5: 98.422 ; loss: 0.491
2021-08-28 00:50:35,402:INFO: - Eval metrics : acc_top1: 67.795 ; acc_top5: 90.217 ; loss: 1.236
2021-08-28 00:50:35,413:INFO: - Found new best accuracy on validation set
2021-08-28 00:50:35,413:INFO: Epoch 162/300  [Need: 01:48:58]  lr=0.0001
2021-08-28 00:51:19,991:INFO: - Train metrics (average): acc_top1: 87.359 ; acc_top5: 98.480 ; loss: 0.460
2021-08-28 00:51:22,871:INFO: - Eval metrics : acc_top1: 67.406 ; acc_top5: 90.436 ; loss: 1.241
2021-08-28 00:51:22,882:INFO: Epoch 163/300  [Need: 01:49:10]  lr=0.0001
2021-08-28 00:52:06,988:INFO: - Train metrics (average): acc_top1: 85.881 ; acc_top5: 98.523 ; loss: 0.477
2021-08-28 00:52:09,922:INFO: - Eval metrics : acc_top1: 67.566 ; acc_top5: 90.386 ; loss: 1.242
2021-08-28 00:52:09,938:INFO: Epoch 164/300  [Need: 01:47:26]  lr=0.0001
2021-08-28 00:52:54,592:INFO: - Train metrics (average): acc_top1: 86.511 ; acc_top5: 98.405 ; loss: 0.468
2021-08-28 00:52:57,528:INFO: - Eval metrics : acc_top1: 67.367 ; acc_top5: 90.366 ; loss: 1.237
2021-08-28 00:52:57,540:INFO: Epoch 165/300  [Need: 01:47:53]  lr=0.0001
2021-08-28 00:53:41,599:INFO: - Train metrics (average): acc_top1: 85.917 ; acc_top5: 98.489 ; loss: 0.476
2021-08-28 00:53:44,543:INFO: - Eval metrics : acc_top1: 67.287 ; acc_top5: 90.456 ; loss: 1.239
2021-08-28 00:53:44,554:INFO: Epoch 166/300  [Need: 01:45:46]  lr=0.0001
2021-08-28 00:54:29,206:INFO: - Train metrics (average): acc_top1: 85.926 ; acc_top5: 98.318 ; loss: 0.474
2021-08-28 00:54:32,132:INFO: - Eval metrics : acc_top1: 67.436 ; acc_top5: 90.267 ; loss: 1.241
2021-08-28 00:54:32,143:INFO: Epoch 167/300  [Need: 01:46:16]  lr=0.0001
2021-08-28 00:55:16,783:INFO: - Train metrics (average): acc_top1: 86.126 ; acc_top5: 98.385 ; loss: 0.477
2021-08-28 00:55:19,533:INFO: - Eval metrics : acc_top1: 67.247 ; acc_top5: 90.336 ; loss: 1.239
2021-08-28 00:55:19,545:INFO: Epoch 168/300  [Need: 01:45:04]  lr=0.0001
2021-08-28 00:56:03,748:INFO: - Train metrics (average): acc_top1: 87.187 ; acc_top5: 98.656 ; loss: 0.451
2021-08-28 00:56:06,675:INFO: - Eval metrics : acc_top1: 67.287 ; acc_top5: 90.346 ; loss: 1.246
2021-08-28 00:56:06,686:INFO: Epoch 169/300  [Need: 01:43:42]  lr=0.0001
2021-08-28 00:56:51,237:INFO: - Train metrics (average): acc_top1: 87.460 ; acc_top5: 98.256 ; loss: 0.461
2021-08-28 00:56:54,103:INFO: - Eval metrics : acc_top1: 67.158 ; acc_top5: 90.565 ; loss: 1.249
2021-08-28 00:56:54,114:INFO: Epoch 170/300  [Need: 01:43:33]  lr=0.0001
2021-08-28 00:57:38,027:INFO: - Train metrics (average): acc_top1: 85.902 ; acc_top5: 98.750 ; loss: 0.465
2021-08-28 00:57:40,923:INFO: - Eval metrics : acc_top1: 67.536 ; acc_top5: 90.336 ; loss: 1.237
2021-08-28 00:57:40,934:INFO: Epoch 171/300  [Need: 01:41:26]  lr=0.0001
2021-08-28 00:58:25,305:INFO: - Train metrics (average): acc_top1: 85.982 ; acc_top5: 98.214 ; loss: 0.483
2021-08-28 00:58:28,189:INFO: - Eval metrics : acc_top1: 67.267 ; acc_top5: 90.227 ; loss: 1.248
2021-08-28 00:58:28,200:INFO: Epoch 172/300  [Need: 01:41:37]  lr=0.0001
2021-08-28 00:59:12,082:INFO: - Train metrics (average): acc_top1: 87.301 ; acc_top5: 98.802 ; loss: 0.444
2021-08-28 00:59:15,005:INFO: - Eval metrics : acc_top1: 67.466 ; acc_top5: 90.476 ; loss: 1.245
2021-08-28 00:59:15,015:INFO: Epoch 173/300  [Need: 01:39:52]  lr=0.0001
2021-08-28 00:59:59,679:INFO: - Train metrics (average): acc_top1: 86.453 ; acc_top5: 98.692 ; loss: 0.472
2021-08-28 01:00:02,607:INFO: - Eval metrics : acc_top1: 67.396 ; acc_top5: 90.297 ; loss: 1.239
2021-08-28 01:00:02,617:INFO: Epoch 174/300  [Need: 01:40:45]  lr=0.0001
2021-08-28 01:00:47,265:INFO: - Train metrics (average): acc_top1: 85.623 ; acc_top5: 98.755 ; loss: 0.480
2021-08-28 01:00:49,955:INFO: - Eval metrics : acc_top1: 67.387 ; acc_top5: 90.257 ; loss: 1.238
2021-08-28 01:00:49,966:INFO: Epoch 175/300  [Need: 01:39:25]  lr=0.0001
2021-08-28 01:01:34,155:INFO: - Train metrics (average): acc_top1: 87.514 ; acc_top5: 98.772 ; loss: 0.438
2021-08-28 01:01:37,095:INFO: - Eval metrics : acc_top1: 67.456 ; acc_top5: 90.406 ; loss: 1.239
2021-08-28 01:01:37,106:INFO: Epoch 176/300  [Need: 01:38:12]  lr=0.0001
2021-08-28 01:02:21,743:INFO: - Train metrics (average): acc_top1: 86.921 ; acc_top5: 98.357 ; loss: 0.481
2021-08-28 01:02:24,671:INFO: - Eval metrics : acc_top1: 67.257 ; acc_top5: 90.277 ; loss: 1.249
2021-08-28 01:02:24,682:INFO: Epoch 177/300  [Need: 01:38:19]  lr=0.0001
2021-08-28 01:03:08,593:INFO: - Train metrics (average): acc_top1: 87.217 ; acc_top5: 98.729 ; loss: 0.455
2021-08-28 01:03:11,471:INFO: - Eval metrics : acc_top1: 67.347 ; acc_top5: 90.466 ; loss: 1.241
2021-08-28 01:03:11,488:INFO: Epoch 178/300  [Need: 01:35:57]  lr=0.0001
2021-08-28 01:03:55,861:INFO: - Train metrics (average): acc_top1: 87.454 ; acc_top5: 98.843 ; loss: 0.441
2021-08-28 01:03:58,756:INFO: - Eval metrics : acc_top1: 67.287 ; acc_top5: 90.376 ; loss: 1.247
2021-08-28 01:03:58,767:INFO: Epoch 179/300  [Need: 01:36:08]  lr=0.0001
2021-08-28 01:04:42,811:INFO: - Train metrics (average): acc_top1: 87.019 ; acc_top5: 98.794 ; loss: 0.445
2021-08-28 01:04:45,681:INFO: - Eval metrics : acc_top1: 67.148 ; acc_top5: 90.277 ; loss: 1.248
2021-08-28 01:04:45,692:INFO: Epoch 180/300  [Need: 01:34:37]  lr=0.0001
2021-08-28 01:05:30,073:INFO: - Train metrics (average): acc_top1: 87.437 ; acc_top5: 98.710 ; loss: 0.446
2021-08-28 01:05:32,950:INFO: - Eval metrics : acc_top1: 67.197 ; acc_top5: 90.257 ; loss: 1.250
2021-08-28 01:05:32,964:INFO: Epoch 181/300  [Need: 01:34:32]  lr=0.0001
2021-08-28 01:06:17,627:INFO: - Train metrics (average): acc_top1: 86.290 ; acc_top5: 98.763 ; loss: 0.462
2021-08-28 01:06:20,303:INFO: - Eval metrics : acc_top1: 67.018 ; acc_top5: 90.376 ; loss: 1.246
2021-08-28 01:06:20,315:INFO: Epoch 182/300  [Need: 01:33:54]  lr=0.0001
2021-08-28 01:07:04,587:INFO: - Train metrics (average): acc_top1: 86.759 ; acc_top5: 98.593 ; loss: 0.470
2021-08-28 01:07:07,497:INFO: - Eval metrics : acc_top1: 67.068 ; acc_top5: 90.098 ; loss: 1.255
2021-08-28 01:07:07,508:INFO: Epoch 183/300  [Need: 01:32:48]  lr=0.0001
2021-08-28 01:07:52,165:INFO: - Train metrics (average): acc_top1: 87.085 ; acc_top5: 98.599 ; loss: 0.461
2021-08-28 01:07:55,081:INFO: - Eval metrics : acc_top1: 67.337 ; acc_top5: 90.336 ; loss: 1.244
2021-08-28 01:07:55,093:INFO: Epoch 184/300  [Need: 01:32:47]  lr=0.0001
2021-08-28 01:08:39,182:INFO: - Train metrics (average): acc_top1: 86.745 ; acc_top5: 98.570 ; loss: 0.463
2021-08-28 01:08:42,114:INFO: - Eval metrics : acc_top1: 67.197 ; acc_top5: 90.157 ; loss: 1.258
2021-08-28 01:08:42,125:INFO: Epoch 185/300  [Need: 01:30:55]  lr=0.0001
2021-08-28 01:09:26,759:INFO: - Train metrics (average): acc_top1: 86.757 ; acc_top5: 98.269 ; loss: 0.466
2021-08-28 01:09:29,673:INFO: - Eval metrics : acc_top1: 67.048 ; acc_top5: 90.167 ; loss: 1.259
2021-08-28 01:09:29,685:INFO: Epoch 186/300  [Need: 01:31:09]  lr=0.0001
2021-08-28 01:10:13,754:INFO: - Train metrics (average): acc_top1: 86.896 ; acc_top5: 98.607 ; loss: 0.470
2021-08-28 01:10:16,671:INFO: - Eval metrics : acc_top1: 67.705 ; acc_top5: 90.316 ; loss: 1.251
2021-08-28 01:10:16,687:INFO: Epoch 187/300  [Need: 01:29:18]  lr=0.0001
2021-08-28 01:11:01,349:INFO: - Train metrics (average): acc_top1: 87.751 ; acc_top5: 98.779 ; loss: 0.443
2021-08-28 01:11:04,267:INFO: - Eval metrics : acc_top1: 67.526 ; acc_top5: 90.307 ; loss: 1.254
2021-08-28 01:11:04,282:INFO: Epoch 188/300  [Need: 01:29:38]  lr=0.0001
2021-08-28 01:11:48,882:INFO: - Train metrics (average): acc_top1: 87.468 ; acc_top5: 98.786 ; loss: 0.452
2021-08-28 01:11:51,605:INFO: - Eval metrics : acc_top1: 67.416 ; acc_top5: 90.316 ; loss: 1.253
2021-08-28 01:11:51,619:INFO: Epoch 189/300  [Need: 01:28:21]  lr=0.0001
2021-08-28 01:12:36,078:INFO: - Train metrics (average): acc_top1: 86.806 ; acc_top5: 98.809 ; loss: 0.465
2021-08-28 01:12:38,977:INFO: - Eval metrics : acc_top1: 67.237 ; acc_top5: 90.366 ; loss: 1.252
2021-08-28 01:12:38,991:INFO: Epoch 190/300  [Need: 01:27:38]  lr=0.0001
2021-08-28 01:13:23,379:INFO: - Train metrics (average): acc_top1: 87.237 ; acc_top5: 98.767 ; loss: 0.437
2021-08-28 01:13:26,255:INFO: - Eval metrics : acc_top1: 67.337 ; acc_top5: 90.376 ; loss: 1.246
2021-08-28 01:13:26,266:INFO: Epoch 191/300  [Need: 01:26:40]  lr=0.0001
2021-08-28 01:14:10,198:INFO: - Train metrics (average): acc_top1: 86.677 ; acc_top5: 98.692 ; loss: 0.458
2021-08-28 01:14:13,078:INFO: - Eval metrics : acc_top1: 67.158 ; acc_top5: 90.496 ; loss: 1.249
2021-08-28 01:14:13,089:INFO: Epoch 192/300  [Need: 01:25:03]  lr=0.0001
2021-08-28 01:14:57,481:INFO: - Train metrics (average): acc_top1: 86.554 ; acc_top5: 98.735 ; loss: 0.453
2021-08-28 01:15:00,391:INFO: - Eval metrics : acc_top1: 67.237 ; acc_top5: 90.257 ; loss: 1.253
2021-08-28 01:15:00,401:INFO: Epoch 193/300  [Need: 01:25:09]  lr=0.0001
2021-08-28 01:15:44,463:INFO: - Train metrics (average): acc_top1: 87.803 ; acc_top5: 98.708 ; loss: 0.438
2021-08-28 01:15:47,388:INFO: - Eval metrics : acc_top1: 67.207 ; acc_top5: 90.316 ; loss: 1.252
2021-08-28 01:15:47,399:INFO: Epoch 194/300  [Need: 01:23:48]  lr=0.0001
2021-08-28 01:16:32,038:INFO: - Train metrics (average): acc_top1: 86.657 ; acc_top5: 98.810 ; loss: 0.469
2021-08-28 01:16:34,933:INFO: - Eval metrics : acc_top1: 67.377 ; acc_top5: 90.147 ; loss: 1.262
2021-08-28 01:16:34,944:INFO: Epoch 195/300  [Need: 01:23:59]  lr=0.0001
2021-08-28 01:17:19,216:INFO: - Train metrics (average): acc_top1: 86.836 ; acc_top5: 98.619 ; loss: 0.450
2021-08-28 01:17:21,970:INFO: - Eval metrics : acc_top1: 67.476 ; acc_top5: 90.267 ; loss: 1.250
2021-08-28 01:17:21,981:INFO: Epoch 196/300  [Need: 01:22:18]  lr=0.0001
2021-08-28 01:18:06,420:INFO: - Train metrics (average): acc_top1: 86.662 ; acc_top5: 98.840 ; loss: 0.458
2021-08-28 01:18:09,340:INFO: - Eval metrics : acc_top1: 67.237 ; acc_top5: 90.127 ; loss: 1.256
2021-08-28 01:18:09,351:INFO: Epoch 197/300  [Need: 01:22:06]  lr=0.0001
2021-08-28 01:18:54,043:INFO: - Train metrics (average): acc_top1: 86.309 ; acc_top5: 98.395 ; loss: 0.475
2021-08-28 01:18:56,933:INFO: - Eval metrics : acc_top1: 67.695 ; acc_top5: 90.098 ; loss: 1.246
2021-08-28 01:18:56,944:INFO: Epoch 198/300  [Need: 01:21:42]  lr=0.0001
2021-08-28 01:19:41,059:INFO: - Train metrics (average): acc_top1: 86.443 ; acc_top5: 98.801 ; loss: 0.468
2021-08-28 01:19:43,978:INFO: - Eval metrics : acc_top1: 67.237 ; acc_top5: 90.346 ; loss: 1.254
2021-08-28 01:19:43,993:INFO: Epoch 199/300  [Need: 01:19:58]  lr=0.0001
2021-08-28 01:20:28,650:INFO: - Train metrics (average): acc_top1: 87.341 ; acc_top5: 98.786 ; loss: 0.445
2021-08-28 01:20:31,569:INFO: - Eval metrics : acc_top1: 67.138 ; acc_top5: 90.326 ; loss: 1.262
2021-08-28 01:20:31,580:INFO: Epoch 200/300  [Need: 01:20:06]  lr=0.0001
2021-08-28 01:21:15,662:INFO: - Train metrics (average): acc_top1: 87.544 ; acc_top5: 98.615 ; loss: 0.445
2021-08-28 01:21:18,542:INFO: - Eval metrics : acc_top1: 67.197 ; acc_top5: 90.297 ; loss: 1.259
2021-08-28 01:21:18,553:INFO: Epoch 201/300  [Need: 01:18:17]  lr=0.0001
2021-08-28 01:22:02,950:INFO: - Train metrics (average): acc_top1: 86.150 ; acc_top5: 98.879 ; loss: 0.459
2021-08-28 01:22:05,828:INFO: - Eval metrics : acc_top1: 67.217 ; acc_top5: 90.117 ; loss: 1.261
2021-08-28 01:22:05,839:INFO: Epoch 202/300  [Need: 01:18:01]  lr=0.0001
2021-08-28 01:22:50,195:INFO: - Train metrics (average): acc_top1: 87.418 ; acc_top5: 98.574 ; loss: 0.459
2021-08-28 01:22:52,867:INFO: - Eval metrics : acc_top1: 67.337 ; acc_top5: 90.297 ; loss: 1.248
2021-08-28 01:22:52,879:INFO: Epoch 203/300  [Need: 01:16:49]  lr=0.0001
2021-08-28 01:23:37,484:INFO: - Train metrics (average): acc_top1: 87.776 ; acc_top5: 98.389 ; loss: 0.456
2021-08-28 01:23:40,397:INFO: - Eval metrics : acc_top1: 67.556 ; acc_top5: 90.316 ; loss: 1.251
2021-08-28 01:23:40,408:INFO: Epoch 204/300  [Need: 01:16:50]  lr=0.0001
2021-08-28 01:24:25,074:INFO: - Train metrics (average): acc_top1: 86.153 ; acc_top5: 98.879 ; loss: 0.469
2021-08-28 01:24:27,994:INFO: - Eval metrics : acc_top1: 67.207 ; acc_top5: 90.287 ; loss: 1.258
2021-08-28 01:24:28,005:INFO: Epoch 205/300  [Need: 01:16:09]  lr=0.0001
2021-08-28 01:25:12,087:INFO: - Train metrics (average): acc_top1: 87.137 ; acc_top5: 98.779 ; loss: 0.442
2021-08-28 01:25:15,007:INFO: - Eval metrics : acc_top1: 67.257 ; acc_top5: 90.187 ; loss: 1.256
2021-08-28 01:25:15,018:INFO: Epoch 206/300  [Need: 01:14:26]  lr=0.0001
2021-08-28 01:25:59,705:INFO: - Train metrics (average): acc_top1: 85.943 ; acc_top5: 98.653 ; loss: 0.455
2021-08-28 01:26:02,621:INFO: - Eval metrics : acc_top1: 67.108 ; acc_top5: 90.277 ; loss: 1.258
2021-08-28 01:26:02,640:INFO: Epoch 207/300  [Need: 01:14:36]  lr=0.0001
2021-08-28 01:26:46,692:INFO: - Train metrics (average): acc_top1: 88.290 ; acc_top5: 98.640 ; loss: 0.438
2021-08-28 01:26:49,613:INFO: - Eval metrics : acc_top1: 67.406 ; acc_top5: 90.237 ; loss: 1.255
2021-08-28 01:26:49,624:INFO: Epoch 208/300  [Need: 01:12:49]  lr=0.0001
2021-08-28 01:27:34,282:INFO: - Train metrics (average): acc_top1: 87.077 ; acc_top5: 98.581 ; loss: 0.451
2021-08-28 01:27:37,207:INFO: - Eval metrics : acc_top1: 66.879 ; acc_top5: 90.058 ; loss: 1.269
2021-08-28 01:27:37,218:INFO: Epoch 209/300  [Need: 01:12:58]  lr=0.0001
2021-08-28 01:28:21,504:INFO: - Train metrics (average): acc_top1: 87.898 ; acc_top5: 98.873 ; loss: 0.436
2021-08-28 01:28:24,203:INFO: - Eval metrics : acc_top1: 67.277 ; acc_top5: 90.137 ; loss: 1.267
2021-08-28 01:28:24,214:INFO: Epoch 210/300  [Need: 01:11:16]  lr=0.0001
2021-08-28 01:29:08,703:INFO: - Train metrics (average): acc_top1: 87.478 ; acc_top5: 98.610 ; loss: 0.447
2021-08-28 01:29:11,597:INFO: - Eval metrics : acc_top1: 67.068 ; acc_top5: 90.396 ; loss: 1.254
2021-08-28 01:29:11,608:INFO: Epoch 211/300  [Need: 01:11:05]  lr=0.0001
2021-08-28 01:29:56,276:INFO: - Train metrics (average): acc_top1: 86.480 ; acc_top5: 98.612 ; loss: 0.454
2021-08-28 01:29:59,174:INFO: - Eval metrics : acc_top1: 66.939 ; acc_top5: 90.307 ; loss: 1.258
2021-08-28 01:29:59,184:INFO: Epoch 212/300  [Need: 01:10:34]  lr=0.0001
2021-08-28 01:30:43,267:INFO: - Train metrics (average): acc_top1: 86.982 ; acc_top5: 98.738 ; loss: 0.439
2021-08-28 01:30:46,197:INFO: - Eval metrics : acc_top1: 67.317 ; acc_top5: 90.257 ; loss: 1.257
2021-08-28 01:30:46,208:INFO: Epoch 213/300  [Need: 01:08:58]  lr=0.0001
2021-08-28 01:31:30,858:INFO: - Train metrics (average): acc_top1: 87.299 ; acc_top5: 98.663 ; loss: 0.448
2021-08-28 01:31:33,787:INFO: - Eval metrics : acc_top1: 67.168 ; acc_top5: 90.376 ; loss: 1.250
2021-08-28 01:31:33,798:INFO: Epoch 214/300  [Need: 01:09:00]  lr=0.0001
2021-08-28 01:32:17,876:INFO: - Train metrics (average): acc_top1: 86.864 ; acc_top5: 98.875 ; loss: 0.448
2021-08-28 01:32:20,803:INFO: - Eval metrics : acc_top1: 67.396 ; acc_top5: 90.277 ; loss: 1.265
2021-08-28 01:32:20,814:INFO: Epoch 215/300  [Need: 01:07:23]  lr=0.0001
2021-08-28 01:33:05,474:INFO: - Train metrics (average): acc_top1: 87.490 ; acc_top5: 98.862 ; loss: 0.445
2021-08-28 01:33:08,396:INFO: - Eval metrics : acc_top1: 67.018 ; acc_top5: 90.346 ; loss: 1.261
2021-08-28 01:33:08,407:INFO: Epoch 216/300  [Need: 01:07:25]  lr=0.0001
2021-08-28 01:33:52,471:INFO: - Train metrics (average): acc_top1: 87.669 ; acc_top5: 98.526 ; loss: 0.432
2021-08-28 01:33:55,417:INFO: - Eval metrics : acc_top1: 67.277 ; acc_top5: 90.326 ; loss: 1.261
2021-08-28 01:33:55,428:INFO: Epoch 217/300  [Need: 01:05:49]  lr=0.0001
2021-08-28 01:34:40,104:INFO: - Train metrics (average): acc_top1: 87.296 ; acc_top5: 98.918 ; loss: 0.437
2021-08-28 01:34:43,025:INFO: - Eval metrics : acc_top1: 67.297 ; acc_top5: 90.137 ; loss: 1.257
2021-08-28 01:34:43,036:INFO: Epoch 218/300  [Need: 01:05:51]  lr=0.0001
2021-08-28 01:35:27,678:INFO: - Train metrics (average): acc_top1: 87.529 ; acc_top5: 98.695 ; loss: 0.439
2021-08-28 01:35:30,612:INFO: - Eval metrics : acc_top1: 66.979 ; acc_top5: 90.147 ; loss: 1.259
2021-08-28 01:35:30,622:INFO: Epoch 219/300  [Need: 01:05:02]  lr=0.0001
2021-08-28 01:36:14,705:INFO: - Train metrics (average): acc_top1: 86.907 ; acc_top5: 98.685 ; loss: 0.452
2021-08-28 01:36:17,623:INFO: - Eval metrics : acc_top1: 67.078 ; acc_top5: 90.098 ; loss: 1.265
2021-08-28 01:36:17,634:INFO: Epoch 220/300  [Need: 01:03:27]  lr=0.0001
2021-08-28 01:37:02,303:INFO: - Train metrics (average): acc_top1: 87.093 ; acc_top5: 98.867 ; loss: 0.445
2021-08-28 01:37:05,225:INFO: - Eval metrics : acc_top1: 66.988 ; acc_top5: 90.177 ; loss: 1.265
2021-08-28 01:37:05,236:INFO: Epoch 221/300  [Need: 01:03:28]  lr=0.0001
2021-08-28 01:37:49,327:INFO: - Train metrics (average): acc_top1: 87.350 ; acc_top5: 98.930 ; loss: 0.437
2021-08-28 01:37:52,253:INFO: - Eval metrics : acc_top1: 67.138 ; acc_top5: 90.197 ; loss: 1.261
2021-08-28 01:37:52,264:INFO: Epoch 222/300  [Need: 01:01:55]  lr=0.0001
2021-08-28 01:38:36,697:INFO: - Train metrics (average): acc_top1: 87.027 ; acc_top5: 98.665 ; loss: 0.441
2021-08-28 01:38:39,564:INFO: - Eval metrics : acc_top1: 67.128 ; acc_top5: 90.326 ; loss: 1.268
2021-08-28 01:38:39,577:INFO: Epoch 223/300  [Need: 01:01:30]  lr=0.0001
2021-08-28 01:39:23,682:INFO: - Train metrics (average): acc_top1: 87.673 ; acc_top5: 98.686 ; loss: 0.441
2021-08-28 01:39:26,570:INFO: - Eval metrics : acc_top1: 67.217 ; acc_top5: 90.336 ; loss: 1.265
2021-08-28 01:39:26,581:INFO: Epoch 224/300  [Need: 01:00:19]  lr=0.0001
2021-08-28 01:40:11,237:INFO: - Train metrics (average): acc_top1: 87.694 ; acc_top5: 98.913 ; loss: 0.434
2021-08-28 01:40:14,124:INFO: - Eval metrics : acc_top1: 67.188 ; acc_top5: 90.187 ; loss: 1.259
2021-08-28 01:40:14,134:INFO: Epoch 225/300  [Need: 01:00:14]  lr=0.0001
2021-08-28 01:40:58,522:INFO: - Train metrics (average): acc_top1: 86.920 ; acc_top5: 98.743 ; loss: 0.450
2021-08-28 01:41:01,405:INFO: - Eval metrics : acc_top1: 67.287 ; acc_top5: 90.187 ; loss: 1.270
2021-08-28 01:41:01,415:INFO: Epoch 226/300  [Need: 00:59:06]  lr=1e-05
2021-08-28 01:41:45,478:INFO: - Train metrics (average): acc_top1: 87.551 ; acc_top5: 98.882 ; loss: 0.433
2021-08-28 01:41:48,400:INFO: - Eval metrics : acc_top1: 67.118 ; acc_top5: 90.336 ; loss: 1.261
2021-08-28 01:41:48,411:INFO: Epoch 227/300  [Need: 00:57:57]  lr=1e-05
2021-08-28 01:42:33,099:INFO: - Train metrics (average): acc_top1: 88.662 ; acc_top5: 98.986 ; loss: 0.407
2021-08-28 01:42:36,021:INFO: - Eval metrics : acc_top1: 67.058 ; acc_top5: 90.257 ; loss: 1.263
2021-08-28 01:42:36,032:INFO: Epoch 228/300  [Need: 00:57:56]  lr=1e-05
2021-08-28 01:43:20,138:INFO: - Train metrics (average): acc_top1: 87.455 ; acc_top5: 98.773 ; loss: 0.436
2021-08-28 01:43:23,058:INFO: - Eval metrics : acc_top1: 66.988 ; acc_top5: 90.157 ; loss: 1.271
2021-08-28 01:43:23,068:INFO: Epoch 229/300  [Need: 00:56:26]  lr=1e-05
2021-08-28 01:44:07,739:INFO: - Train metrics (average): acc_top1: 88.377 ; acc_top5: 98.890 ; loss: 0.419
2021-08-28 01:44:10,669:INFO: - Eval metrics : acc_top1: 67.138 ; acc_top5: 90.237 ; loss: 1.270
2021-08-28 01:44:10,679:INFO: Epoch 230/300  [Need: 00:56:20]  lr=1e-05
2021-08-28 01:44:54,555:INFO: - Train metrics (average): acc_top1: 86.868 ; acc_top5: 98.740 ; loss: 0.448
2021-08-28 01:44:57,484:INFO: - Eval metrics : acc_top1: 67.008 ; acc_top5: 90.078 ; loss: 1.274
2021-08-28 01:44:57,496:INFO: Epoch 231/300  [Need: 00:54:37]  lr=1e-05
2021-08-28 01:45:42,144:INFO: - Train metrics (average): acc_top1: 87.699 ; acc_top5: 98.702 ; loss: 0.426
2021-08-28 01:45:45,067:INFO: - Eval metrics : acc_top1: 66.939 ; acc_top5: 90.217 ; loss: 1.262
2021-08-28 01:45:45,078:INFO: Epoch 232/300  [Need: 00:54:43]  lr=1e-05
2021-08-28 01:46:29,745:INFO: - Train metrics (average): acc_top1: 88.350 ; acc_top5: 98.956 ; loss: 0.417
2021-08-28 01:46:32,663:INFO: - Eval metrics : acc_top1: 67.178 ; acc_top5: 90.177 ; loss: 1.258
2021-08-28 01:46:32,673:INFO: Epoch 233/300  [Need: 00:53:56]  lr=1e-05
2021-08-28 01:47:16,623:INFO: - Train metrics (average): acc_top1: 86.825 ; acc_top5: 98.671 ; loss: 0.446
2021-08-28 01:47:19,509:INFO: - Eval metrics : acc_top1: 66.988 ; acc_top5: 90.297 ; loss: 1.270
2021-08-28 01:47:19,520:INFO: Epoch 234/300  [Need: 00:52:18]  lr=1e-05
2021-08-28 01:48:04,163:INFO: - Train metrics (average): acc_top1: 87.510 ; acc_top5: 98.730 ; loss: 0.441
2021-08-28 01:48:07,042:INFO: - Eval metrics : acc_top1: 67.168 ; acc_top5: 90.316 ; loss: 1.257
2021-08-28 01:48:07,053:INFO: Epoch 235/300  [Need: 00:52:17]  lr=1e-05
2021-08-28 01:48:51,128:INFO: - Train metrics (average): acc_top1: 88.432 ; acc_top5: 98.812 ; loss: 0.414
2021-08-28 01:48:54,048:INFO: - Eval metrics : acc_top1: 66.988 ; acc_top5: 90.207 ; loss: 1.266
2021-08-28 01:48:54,065:INFO: Epoch 236/300  [Need: 00:50:55]  lr=1e-05
2021-08-28 01:49:38,723:INFO: - Train metrics (average): acc_top1: 87.487 ; acc_top5: 98.870 ; loss: 0.438
2021-08-28 01:49:41,666:INFO: - Eval metrics : acc_top1: 67.277 ; acc_top5: 90.376 ; loss: 1.259
2021-08-28 01:49:41,676:INFO: Epoch 237/300  [Need: 00:50:47]  lr=1e-05
2021-08-28 01:50:25,770:INFO: - Train metrics (average): acc_top1: 87.018 ; acc_top5: 98.691 ; loss: 0.464
2021-08-28 01:50:28,688:INFO: - Eval metrics : acc_top1: 67.028 ; acc_top5: 90.147 ; loss: 1.262
2021-08-28 01:50:28,699:INFO: Epoch 238/300  [Need: 00:49:22]  lr=1e-05
2021-08-28 01:51:13,359:INFO: - Train metrics (average): acc_top1: 87.768 ; acc_top5: 98.673 ; loss: 0.436
2021-08-28 01:51:16,297:INFO: - Eval metrics : acc_top1: 67.178 ; acc_top5: 90.326 ; loss: 1.263
2021-08-28 01:51:16,308:INFO: Epoch 239/300  [Need: 00:49:11]  lr=1e-05
2021-08-28 01:52:00,927:INFO: - Train metrics (average): acc_top1: 87.598 ; acc_top5: 99.031 ; loss: 0.428
2021-08-28 01:52:03,835:INFO: - Eval metrics : acc_top1: 67.148 ; acc_top5: 90.346 ; loss: 1.262
2021-08-28 01:52:03,846:INFO: Epoch 240/300  [Need: 00:48:19]  lr=1e-05
2021-08-28 01:52:47,992:INFO: - Train metrics (average): acc_top1: 88.271 ; acc_top5: 98.925 ; loss: 0.417
2021-08-28 01:52:50,909:INFO: - Eval metrics : acc_top1: 66.939 ; acc_top5: 90.297 ; loss: 1.260
2021-08-28 01:52:50,919:INFO: Epoch 241/300  [Need: 00:47:04]  lr=1e-05
2021-08-28 01:53:35,571:INFO: - Train metrics (average): acc_top1: 88.445 ; acc_top5: 98.761 ; loss: 0.434
2021-08-28 01:53:38,501:INFO: - Eval metrics : acc_top1: 67.128 ; acc_top5: 90.137 ; loss: 1.268
2021-08-28 01:53:38,512:INFO: Epoch 242/300  [Need: 00:46:47]  lr=1e-05
2021-08-28 01:54:22,614:INFO: - Train metrics (average): acc_top1: 88.573 ; acc_top5: 98.897 ; loss: 0.419
2021-08-28 01:54:25,537:INFO: - Eval metrics : acc_top1: 67.188 ; acc_top5: 90.247 ; loss: 1.262
2021-08-28 01:54:25,548:INFO: Epoch 243/300  [Need: 00:45:28]  lr=1e-05
2021-08-28 01:55:10,189:INFO: - Train metrics (average): acc_top1: 87.073 ; acc_top5: 98.892 ; loss: 0.450
2021-08-28 01:55:13,125:INFO: - Eval metrics : acc_top1: 66.939 ; acc_top5: 90.287 ; loss: 1.264
2021-08-28 01:55:13,137:INFO: Epoch 244/300  [Need: 00:45:12]  lr=1e-05
2021-08-28 01:55:57,232:INFO: - Train metrics (average): acc_top1: 88.604 ; acc_top5: 98.772 ; loss: 0.419
2021-08-28 01:56:00,166:INFO: - Eval metrics : acc_top1: 67.247 ; acc_top5: 90.316 ; loss: 1.258
2021-08-28 01:56:00,177:INFO: Epoch 245/300  [Need: 00:43:54]  lr=1e-05
2021-08-28 01:56:44,825:INFO: - Train metrics (average): acc_top1: 89.090 ; acc_top5: 98.761 ; loss: 0.415
2021-08-28 01:56:47,766:INFO: - Eval metrics : acc_top1: 67.267 ; acc_top5: 90.187 ; loss: 1.264
2021-08-28 01:56:47,777:INFO: Epoch 246/300  [Need: 00:43:38]  lr=1e-05
2021-08-28 01:57:32,409:INFO: - Train metrics (average): acc_top1: 88.233 ; acc_top5: 98.498 ; loss: 0.439
2021-08-28 01:57:35,097:INFO: - Eval metrics : acc_top1: 67.247 ; acc_top5: 90.167 ; loss: 1.262
2021-08-28 01:57:35,109:INFO: Epoch 247/300  [Need: 00:42:35]  lr=1e-05
2021-08-28 01:58:19,423:INFO: - Train metrics (average): acc_top1: 87.737 ; acc_top5: 98.910 ; loss: 0.422
2021-08-28 01:58:22,354:INFO: - Eval metrics : acc_top1: 67.108 ; acc_top5: 90.247 ; loss: 1.263
2021-08-28 01:58:22,372:INFO: Epoch 248/300  [Need: 00:41:44]  lr=1e-05
2021-08-28 01:59:07,016:INFO: - Train metrics (average): acc_top1: 87.066 ; acc_top5: 98.502 ; loss: 0.461
2021-08-28 01:59:09,945:INFO: - Eval metrics : acc_top1: 66.700 ; acc_top5: 90.247 ; loss: 1.271
2021-08-28 01:59:09,956:INFO: Epoch 249/300  [Need: 00:41:14]  lr=1e-05
2021-08-28 01:59:54,042:INFO: - Train metrics (average): acc_top1: 87.537 ; acc_top5: 98.946 ; loss: 0.434
2021-08-28 01:59:56,984:INFO: - Eval metrics : acc_top1: 67.347 ; acc_top5: 90.257 ; loss: 1.261
2021-08-28 01:59:56,995:INFO: Epoch 250/300  [Need: 00:39:59]  lr=1e-05
2021-08-28 02:00:41,621:INFO: - Train metrics (average): acc_top1: 88.267 ; acc_top5: 98.931 ; loss: 0.424
2021-08-28 02:00:44,574:INFO: - Eval metrics : acc_top1: 67.048 ; acc_top5: 90.316 ; loss: 1.262
2021-08-28 02:00:44,586:INFO: Epoch 251/300  [Need: 00:39:39]  lr=1e-05
2021-08-28 02:01:28,653:INFO: - Train metrics (average): acc_top1: 86.746 ; acc_top5: 98.783 ; loss: 0.460
2021-08-28 02:01:31,584:INFO: - Eval metrics : acc_top1: 67.297 ; acc_top5: 90.386 ; loss: 1.260
2021-08-28 02:01:31,594:INFO: Epoch 252/300  [Need: 00:38:23]  lr=1e-05
2021-08-28 02:02:16,252:INFO: - Train metrics (average): acc_top1: 88.440 ; acc_top5: 98.666 ; loss: 0.428
2021-08-28 02:02:19,183:INFO: - Eval metrics : acc_top1: 67.098 ; acc_top5: 90.247 ; loss: 1.263
2021-08-28 02:02:19,194:INFO: Epoch 253/300  [Need: 00:38:04]  lr=1e-05
2021-08-28 02:03:03,666:INFO: - Train metrics (average): acc_top1: 87.904 ; acc_top5: 98.905 ; loss: 0.423
2021-08-28 02:03:06,387:INFO: - Eval metrics : acc_top1: 67.197 ; acc_top5: 90.167 ; loss: 1.267
2021-08-28 02:03:06,401:INFO: Epoch 254/300  [Need: 00:36:58]  lr=1e-05
2021-08-28 02:03:50,841:INFO: - Train metrics (average): acc_top1: 87.632 ; acc_top5: 98.959 ; loss: 0.438
2021-08-28 02:03:53,764:INFO: - Eval metrics : acc_top1: 67.257 ; acc_top5: 90.247 ; loss: 1.258
2021-08-28 02:03:53,774:INFO: Epoch 255/300  [Need: 00:36:19]  lr=1e-05
2021-08-28 02:04:38,425:INFO: - Train metrics (average): acc_top1: 88.988 ; acc_top5: 98.866 ; loss: 0.413
2021-08-28 02:04:41,349:INFO: - Eval metrics : acc_top1: 67.277 ; acc_top5: 90.187 ; loss: 1.264
2021-08-28 02:04:41,360:INFO: Epoch 256/300  [Need: 00:35:41]  lr=1e-05
2021-08-28 02:05:25,285:INFO: - Train metrics (average): acc_top1: 87.473 ; acc_top5: 98.591 ; loss: 0.442
2021-08-28 02:05:28,169:INFO: - Eval metrics : acc_top1: 67.277 ; acc_top5: 90.346 ; loss: 1.263
2021-08-28 02:05:28,180:INFO: Epoch 257/300  [Need: 00:34:20]  lr=1e-05
2021-08-28 02:06:12,640:INFO: - Train metrics (average): acc_top1: 86.905 ; acc_top5: 98.748 ; loss: 0.449
2021-08-28 02:06:15,536:INFO: - Eval metrics : acc_top1: 67.396 ; acc_top5: 90.326 ; loss: 1.266
2021-08-28 02:06:15,547:INFO: Epoch 258/300  [Need: 00:33:56]  lr=1e-05
2021-08-28 02:06:59,632:INFO: - Train metrics (average): acc_top1: 88.462 ; acc_top5: 98.785 ; loss: 0.424
2021-08-28 02:07:02,506:INFO: - Eval metrics : acc_top1: 67.148 ; acc_top5: 90.237 ; loss: 1.271
2021-08-28 02:07:02,517:INFO: Epoch 259/300  [Need: 00:32:52]  lr=1e-05
2021-08-28 02:07:46,889:INFO: - Train metrics (average): acc_top1: 87.533 ; acc_top5: 98.726 ; loss: 0.433
2021-08-28 02:07:49,760:INFO: - Eval metrics : acc_top1: 67.217 ; acc_top5: 90.316 ; loss: 1.265
2021-08-28 02:07:49,771:INFO: Epoch 260/300  [Need: 00:32:17]  lr=1e-05
2021-08-28 02:08:34,200:INFO: - Train metrics (average): acc_top1: 87.356 ; acc_top5: 98.647 ; loss: 0.446
2021-08-28 02:08:36,860:INFO: - Eval metrics : acc_top1: 67.138 ; acc_top5: 90.336 ; loss: 1.260
2021-08-28 02:08:36,873:INFO: Epoch 261/300  [Need: 00:31:24]  lr=1e-05
2021-08-28 02:09:21,501:INFO: - Train metrics (average): acc_top1: 88.082 ; acc_top5: 98.460 ; loss: 0.444
2021-08-28 02:09:24,416:INFO: - Eval metrics : acc_top1: 67.277 ; acc_top5: 90.167 ; loss: 1.260
2021-08-28 02:09:24,427:INFO: Epoch 262/300  [Need: 00:30:54]  lr=1e-05
2021-08-28 02:10:09,081:INFO: - Train metrics (average): acc_top1: 88.035 ; acc_top5: 98.888 ; loss: 0.419
2021-08-28 02:10:12,006:INFO: - Eval metrics : acc_top1: 66.988 ; acc_top5: 90.237 ; loss: 1.259
2021-08-28 02:10:12,017:INFO: Epoch 263/300  [Need: 00:30:08]  lr=1e-05
2021-08-28 02:10:56,133:INFO: - Train metrics (average): acc_top1: 88.045 ; acc_top5: 98.907 ; loss: 0.424
2021-08-28 02:10:59,057:INFO: - Eval metrics : acc_top1: 67.058 ; acc_top5: 90.207 ; loss: 1.258
2021-08-28 02:10:59,068:INFO: Epoch 264/300  [Need: 00:29:00]  lr=1e-05
2021-08-28 02:11:43,693:INFO: - Train metrics (average): acc_top1: 87.564 ; acc_top5: 98.882 ; loss: 0.428
2021-08-28 02:11:46,597:INFO: - Eval metrics : acc_top1: 67.227 ; acc_top5: 90.456 ; loss: 1.262
2021-08-28 02:11:46,608:INFO: Epoch 265/300  [Need: 00:28:31]  lr=1e-05
2021-08-28 02:12:30,547:INFO: - Train metrics (average): acc_top1: 87.158 ; acc_top5: 98.865 ; loss: 0.436
2021-08-28 02:12:33,474:INFO: - Eval metrics : acc_top1: 67.406 ; acc_top5: 90.356 ; loss: 1.258
2021-08-28 02:12:33,485:INFO: Epoch 266/300  [Need: 00:27:20]  lr=1e-05
2021-08-28 02:13:18,125:INFO: - Train metrics (average): acc_top1: 87.750 ; acc_top5: 98.726 ; loss: 0.431
2021-08-28 02:13:21,035:INFO: - Eval metrics : acc_top1: 66.889 ; acc_top5: 90.376 ; loss: 1.266
2021-08-28 02:13:21,046:INFO: Epoch 267/300  [Need: 00:26:57]  lr=1e-05
2021-08-28 02:14:05,388:INFO: - Train metrics (average): acc_top1: 88.042 ; acc_top5: 98.737 ; loss: 0.438
2021-08-28 02:14:08,031:INFO: - Eval metrics : acc_top1: 67.227 ; acc_top5: 90.277 ; loss: 1.258
2021-08-28 02:14:08,042:INFO: Epoch 268/300  [Need: 00:25:50]  lr=1e-05
2021-08-28 02:14:52,707:INFO: - Train metrics (average): acc_top1: 87.523 ; acc_top5: 98.715 ; loss: 0.434
2021-08-28 02:14:55,628:INFO: - Eval metrics : acc_top1: 67.247 ; acc_top5: 90.217 ; loss: 1.266
2021-08-28 02:14:55,639:INFO: Epoch 269/300  [Need: 00:25:23]  lr=1e-05
2021-08-28 02:15:40,304:INFO: - Train metrics (average): acc_top1: 88.237 ; acc_top5: 98.926 ; loss: 0.426
2021-08-28 02:15:43,222:INFO: - Eval metrics : acc_top1: 67.257 ; acc_top5: 90.197 ; loss: 1.268
2021-08-28 02:15:43,233:INFO: Epoch 270/300  [Need: 00:24:35]  lr=1e-05
2021-08-28 02:16:27,326:INFO: - Train metrics (average): acc_top1: 87.264 ; acc_top5: 98.431 ; loss: 0.451
2021-08-28 02:16:30,244:INFO: - Eval metrics : acc_top1: 67.158 ; acc_top5: 90.257 ; loss: 1.263
2021-08-28 02:16:30,255:INFO: Epoch 271/300  [Need: 00:23:30]  lr=1e-05
2021-08-28 02:17:14,908:INFO: - Train metrics (average): acc_top1: 87.649 ; acc_top5: 98.923 ; loss: 0.425
2021-08-28 02:17:17,821:INFO: - Eval metrics : acc_top1: 67.148 ; acc_top5: 90.406 ; loss: 1.264
2021-08-28 02:17:17,832:INFO: Epoch 272/300  [Need: 00:22:59]  lr=1e-05
2021-08-28 02:18:01,938:INFO: - Train metrics (average): acc_top1: 88.319 ; acc_top5: 98.958 ; loss: 0.419
2021-08-28 02:18:04,866:INFO: - Eval metrics : acc_top1: 67.128 ; acc_top5: 90.287 ; loss: 1.277
2021-08-28 02:18:04,877:INFO: Epoch 273/300  [Need: 00:21:57]  lr=1e-05
2021-08-28 02:18:49,530:INFO: - Train metrics (average): acc_top1: 87.009 ; acc_top5: 98.931 ; loss: 0.436
2021-08-28 02:18:52,437:INFO: - Eval metrics : acc_top1: 67.078 ; acc_top5: 90.316 ; loss: 1.265
2021-08-28 02:18:52,448:INFO: Epoch 274/300  [Need: 00:21:24]  lr=1e-05
2021-08-28 02:19:36,533:INFO: - Train metrics (average): acc_top1: 88.070 ; acc_top5: 98.999 ; loss: 0.415
2021-08-28 02:19:39,426:INFO: - Eval metrics : acc_top1: 67.436 ; acc_top5: 90.267 ; loss: 1.261
2021-08-28 02:19:39,436:INFO: Epoch 275/300  [Need: 00:20:21]  lr=1e-05
2021-08-28 02:20:23,837:INFO: - Train metrics (average): acc_top1: 87.613 ; acc_top5: 98.629 ; loss: 0.435
2021-08-28 02:20:26,731:INFO: - Eval metrics : acc_top1: 67.486 ; acc_top5: 90.237 ; loss: 1.265
2021-08-28 02:20:26,747:INFO: Epoch 276/300  [Need: 00:19:42]  lr=1e-05
2021-08-28 02:21:11,400:INFO: - Train metrics (average): acc_top1: 87.221 ; acc_top5: 98.723 ; loss: 0.438
2021-08-28 02:21:14,321:INFO: - Eval metrics : acc_top1: 67.257 ; acc_top5: 90.227 ; loss: 1.262
2021-08-28 02:21:14,332:INFO: Epoch 277/300  [Need: 00:19:02]  lr=1e-05
2021-08-28 02:21:58,445:INFO: - Train metrics (average): acc_top1: 88.240 ; acc_top5: 98.871 ; loss: 0.420
2021-08-28 02:22:01,367:INFO: - Eval metrics : acc_top1: 67.227 ; acc_top5: 90.167 ; loss: 1.265
2021-08-28 02:22:01,378:INFO: Epoch 278/300  [Need: 00:18:02]  lr=1e-05
2021-08-28 02:22:46,041:INFO: - Train metrics (average): acc_top1: 86.356 ; acc_top5: 98.483 ; loss: 0.473
2021-08-28 02:22:48,946:INFO: - Eval metrics : acc_top1: 67.048 ; acc_top5: 90.326 ; loss: 1.259
2021-08-28 02:22:48,957:INFO: Epoch 279/300  [Need: 00:17:26]  lr=1e-05
2021-08-28 02:23:33,082:INFO: - Train metrics (average): acc_top1: 87.007 ; acc_top5: 98.480 ; loss: 0.445
2021-08-28 02:23:35,997:INFO: - Eval metrics : acc_top1: 67.287 ; acc_top5: 90.386 ; loss: 1.263
2021-08-28 02:23:36,008:INFO: Epoch 280/300  [Need: 00:16:28]  lr=1e-05
2021-08-28 02:24:20,678:INFO: - Train metrics (average): acc_top1: 87.240 ; acc_top5: 98.724 ; loss: 0.440
2021-08-28 02:24:23,602:INFO: - Eval metrics : acc_top1: 67.197 ; acc_top5: 90.257 ; loss: 1.261
2021-08-28 02:24:23,613:INFO: Epoch 281/300  [Need: 00:15:52]  lr=1e-05
2021-08-28 02:25:07,728:INFO: - Train metrics (average): acc_top1: 87.840 ; acc_top5: 98.771 ; loss: 0.428
2021-08-28 02:25:10,507:INFO: - Eval metrics : acc_top1: 67.078 ; acc_top5: 90.376 ; loss: 1.261
2021-08-28 02:25:10,518:INFO: Epoch 282/300  [Need: 00:14:51]  lr=1e-05
2021-08-28 02:25:54,898:INFO: - Train metrics (average): acc_top1: 86.680 ; acc_top5: 98.734 ; loss: 0.443
2021-08-28 02:25:57,795:INFO: - Eval metrics : acc_top1: 67.038 ; acc_top5: 90.297 ; loss: 1.265
2021-08-28 02:25:57,806:INFO: Epoch 283/300  [Need: 00:14:11]  lr=1e-05
2021-08-28 02:26:42,188:INFO: - Train metrics (average): acc_top1: 86.786 ; acc_top5: 98.688 ; loss: 0.450
2021-08-28 02:26:45,068:INFO: - Eval metrics : acc_top1: 67.028 ; acc_top5: 90.048 ; loss: 1.267
2021-08-28 02:26:45,080:INFO: Epoch 284/300  [Need: 00:13:23]  lr=1e-05
2021-08-28 02:27:29,161:INFO: - Train metrics (average): acc_top1: 87.410 ; acc_top5: 98.481 ; loss: 0.443
2021-08-28 02:27:32,071:INFO: - Eval metrics : acc_top1: 66.979 ; acc_top5: 90.217 ; loss: 1.266
2021-08-28 02:27:32,088:INFO: Epoch 285/300  [Need: 00:12:32]  lr=1e-05
2021-08-28 02:28:16,744:INFO: - Train metrics (average): acc_top1: 88.419 ; acc_top5: 99.007 ; loss: 0.417
2021-08-28 02:28:19,658:INFO: - Eval metrics : acc_top1: 67.038 ; acc_top5: 90.257 ; loss: 1.265
2021-08-28 02:28:19,669:INFO: Epoch 286/300  [Need: 00:11:53]  lr=1e-05
2021-08-28 02:29:03,778:INFO: - Train metrics (average): acc_top1: 88.267 ; acc_top5: 98.943 ; loss: 0.423
2021-08-28 02:29:06,705:INFO: - Eval metrics : acc_top1: 67.357 ; acc_top5: 90.436 ; loss: 1.258
2021-08-28 02:29:06,717:INFO: Epoch 287/300  [Need: 00:10:58]  lr=1e-05
2021-08-28 02:29:51,375:INFO: - Train metrics (average): acc_top1: 87.678 ; acc_top5: 98.698 ; loss: 0.433
2021-08-28 02:29:54,283:INFO: - Eval metrics : acc_top1: 67.237 ; acc_top5: 90.406 ; loss: 1.262
2021-08-28 02:29:54,295:INFO: Epoch 288/300  [Need: 00:10:18]  lr=1e-05
2021-08-28 02:30:38,429:INFO: - Train metrics (average): acc_top1: 86.440 ; acc_top5: 98.924 ; loss: 0.451
2021-08-28 02:30:41,356:INFO: - Eval metrics : acc_top1: 67.148 ; acc_top5: 90.336 ; loss: 1.265
2021-08-28 02:30:41,366:INFO: Epoch 289/300  [Need: 00:09:24]  lr=1e-05
2021-08-28 02:31:26,044:INFO: - Train metrics (average): acc_top1: 87.473 ; acc_top5: 99.029 ; loss: 0.428
2021-08-28 02:31:28,961:INFO: - Eval metrics : acc_top1: 67.138 ; acc_top5: 90.217 ; loss: 1.265
2021-08-28 02:31:28,981:INFO: Epoch 290/300  [Need: 00:08:43]  lr=1e-05
2021-08-28 02:32:13,650:INFO: - Train metrics (average): acc_top1: 87.220 ; acc_top5: 98.771 ; loss: 0.442
2021-08-28 02:32:16,578:INFO: - Eval metrics : acc_top1: 67.297 ; acc_top5: 90.147 ; loss: 1.266
2021-08-28 02:32:16,590:INFO: Epoch 291/300  [Need: 00:07:56]  lr=1e-05
2021-08-28 02:33:00,719:INFO: - Train metrics (average): acc_top1: 88.093 ; acc_top5: 98.766 ; loss: 0.435
2021-08-28 02:33:03,641:INFO: - Eval metrics : acc_top1: 67.148 ; acc_top5: 90.376 ; loss: 1.259
2021-08-28 02:33:03,652:INFO: Epoch 292/300  [Need: 00:07:03]  lr=1e-05
2021-08-28 02:33:48,314:INFO: - Train metrics (average): acc_top1: 88.228 ; acc_top5: 98.476 ; loss: 0.434
2021-08-28 02:33:51,258:INFO: - Eval metrics : acc_top1: 67.257 ; acc_top5: 90.277 ; loss: 1.261
2021-08-28 02:33:51,268:INFO: Epoch 293/300  [Need: 00:06:20]  lr=1e-05
2021-08-28 02:34:35,377:INFO: - Train metrics (average): acc_top1: 88.367 ; acc_top5: 98.975 ; loss: 0.416
2021-08-28 02:34:38,297:INFO: - Eval metrics : acc_top1: 67.327 ; acc_top5: 90.177 ; loss: 1.262
2021-08-28 02:34:38,308:INFO: Epoch 294/300  [Need: 00:05:29]  lr=1e-05
2021-08-28 02:35:22,976:INFO: - Train metrics (average): acc_top1: 87.649 ; acc_top5: 99.010 ; loss: 0.435
2021-08-28 02:35:25,902:INFO: - Eval metrics : acc_top1: 66.929 ; acc_top5: 90.476 ; loss: 1.260
2021-08-28 02:35:25,913:INFO: Epoch 295/300  [Need: 00:04:45]  lr=1e-05
2021-08-28 02:36:10,028:INFO: - Train metrics (average): acc_top1: 87.428 ; acc_top5: 99.005 ; loss: 0.419
2021-08-28 02:36:12,960:INFO: - Eval metrics : acc_top1: 67.197 ; acc_top5: 90.277 ; loss: 1.259
2021-08-28 02:36:12,971:INFO: Epoch 296/300  [Need: 00:03:55]  lr=1e-05
2021-08-28 02:36:57,633:INFO: - Train metrics (average): acc_top1: 87.852 ; acc_top5: 98.921 ; loss: 0.433
2021-08-28 02:37:00,558:INFO: - Eval metrics : acc_top1: 67.267 ; acc_top5: 90.316 ; loss: 1.266
2021-08-28 02:37:00,569:INFO: Epoch 297/300  [Need: 00:03:10]  lr=1e-05
2021-08-28 02:37:45,189:INFO: - Train metrics (average): acc_top1: 88.142 ; acc_top5: 98.914 ; loss: 0.418
2021-08-28 02:37:47,985:INFO: - Eval metrics : acc_top1: 67.207 ; acc_top5: 90.297 ; loss: 1.261
2021-08-28 02:37:48,001:INFO: Epoch 298/300  [Need: 00:02:22]  lr=1e-05
2021-08-28 02:38:32,157:INFO: - Train metrics (average): acc_top1: 88.485 ; acc_top5: 98.752 ; loss: 0.418
2021-08-28 02:38:35,070:INFO: - Eval metrics : acc_top1: 67.267 ; acc_top5: 90.247 ; loss: 1.263
2021-08-28 02:38:35,085:INFO: Epoch 299/300  [Need: 00:01:34]  lr=1e-05
2021-08-28 02:39:19,752:INFO: - Train metrics (average): acc_top1: 86.706 ; acc_top5: 98.875 ; loss: 0.441
2021-08-28 02:39:22,669:INFO: - Eval metrics : acc_top1: 67.128 ; acc_top5: 90.287 ; loss: 1.261
2021-08-28 02:39:22,685:INFO: Epoch 300/300  [Need: 00:00:47]  lr=1e-05
2021-08-28 02:40:06,790:INFO: - Train metrics (average): acc_top1: 87.561 ; acc_top5: 98.925 ; loss: 0.429
2021-08-28 02:40:09,687:INFO: - Eval metrics : acc_top1: 67.128 ; acc_top5: 90.376 ; loss: 1.263
